INFO: localdir at /localscratch/17827537.michal.kubacki
INFO: your job will run on local system.
/home/michal.kubacki/.conda/envs/scenicplus/lib/python3.11/site-packages/anndata/_core/anndata.py:1301: ImplicitModificationWarning: Trying to modify attribute `.obs` of view, initializing view as actual.
  df[key] = c
/home/michal.kubacki/Githubs/GeneScore/trimmed_GRN_derivation/1_herring_scRNA_processing.py:259: FutureWarning: The default of observed=False is deprecated and will be changed to True in a future version of pandas. Pass observed=False to retain current behavior or observed=True to adopt the future default and silence this warning.
  pseudobulk_df = pseudobulk_df.groupby("major_clust").mean()
root_dir: /group/testa/michal.kubacki/herring_minimal
out_dir: /group/testa/michal.kubacki/herring_minimal/all_ex/celloracle
in_dir: /group/testa/michal.kubacki/herring_minimal/data
tmp_dir: /group/testa/michal.kubacki/herring_minimal/celloracle/tmp
adata_metadata.age: TTGCGGGCATTGCGAT-1-3m       86d
ACATGCATCAATTCCT-1-ga24    ga34
CCGTGAGCAGGTAGCA-1-6m      179d
TTACTCACAACTCCCT-1-ga24    ga34
CCACAGGAGACACGGT-1-ga24    ga34
Name: age, dtype: object
adata_metadata.age_mapped: TTGCGGGCATTGCGAT-1-3m        3m
ACATGCATCAATTCCT-1-ga24    ga24
CCGTGAGCAGGTAGCA-1-6m        6m
TTACTCACAACTCCCT-1-ga24    ga24
CCACAGGAGACACGGT-1-ga24    ga24
Name: age_mapped, dtype: object
AAACCTGAGAGTCGGT-RL1612_34d_v2    34d
AAACCTGAGCCGCCTA-RL1612_34d_v2    34d
AAACCTGAGTCGAGTG-RL1612_34d_v2    34d
AAACCTGAGTGAACAT-RL1612_34d_v2    34d
AAACCTGCAAGGACTG-RL1612_34d_v2    34d
Name: age, dtype: category
Categories (24, object): ['2d', '2yr', '3yr', '4yr', ..., '627d', 'ga22', 'ga24', 'ga34']
                                age age_mapped
AAACCTGAGAGTCGGT-RL1612_34d_v2  34d        34d
AAACCTGAGCCGCCTA-RL1612_34d_v2  34d        34d
AAACCTGAGTCGAGTG-RL1612_34d_v2  34d        34d
AAACCTGAGTGAACAT-RL1612_34d_v2  34d        34d
AAACCTGCAAGGACTG-RL1612_34d_v2  34d        34d
Mapped 154748 out of 154748 values
Mapping rate: 100.00%
(154748, 26747)
(141385, 26747)
(83537, 26747)
(40439, 26747)
L5-6_TLE4: 6556
L2-3_CUX2: 14513
L4_RORB: 9608
L5-6_THEMIS: 5937
PN_dev: 3825
Number of cells before filtering: 40439
Number of cells after filtering: 11810
['L4_RORB: 3198', 'L5-6_TLE4: 1856', 'L5-6_THEMIS: 2063', 'L2-3_CUX2: 2304', 'PN_dev: 2389']
['L4_RORB: 3198', 'L5-6_TLE4: 1856', 'L5-6_THEMIS: 2063', 'L2-3_CUX2: 2304', 'PN_dev: 2389']
  (0, 10)	1.0
  (1, 14)	2.0
  (1, 6)	1.0
  (2, 3)	1.0
  (3, 17)	2.0
  (3, 10)	1.0
  (3, 6)	1.0
  (5, 17)	1.0
  (7, 17)	1.0
  (7, 10)	1.0
  (8, 17)	1.0
  (9, 10)	2.0
  (9, 6)	1.0
  (10, 12)	1.0
  (10, 10)	1.0
  (11, 10)	1.0
  (12, 18)	1.0
  (12, 17)	1.0
  (12, 6)	1.0
  (13, 17)	1.0
  (14, 7)	1.0
  (15, 10)	1.0
  (16, 17)	1.0
  (16, 3)	1.0
  (17, 3)	1.0
  (18, 10)	1.0
  (19, 10)	1.0
[0.31002408 0.5463371  0.31002408 0.31002408 0.5463371  0.31002408
 0.31002408 0.31002408 0.5463371  0.5463371 ]
[6.90875478 6.90875478 6.90875478 6.90875478 8.00670085 6.90875478
 6.90875478 6.90875478 6.90875478 6.90875478]
[11238, 4603, 18629, 15337, 25230, 21906, 16907, 9836, 7969]
['Expression of AR in L2-3_CUX2: 0.054275274992596566', 'Expression of AR in L4_RORB: 0.04536768272929449', 'Expression of AR in L5-6_THEMIS: 0.023442212048088485', 'Expression of AR in L5-6_TLE4: 0.014889557714041423', 'Expression of AR in PN_dev: 0.011567609509108782']
['Expression of THRB in L2-3_CUX2: 2.203545902223861', 'Expression of THRB in L4_RORB: 3.5793551835424484', 'Expression of THRB in L5-6_THEMIS: 3.2678286400506362', 'Expression of THRB in L5-6_TLE4: 0.7036299897792561', 'Expression of THRB in PN_dev: 3.135192205025603']
['Expression of ESR2 in L2-3_CUX2: 0.26208214150495224', 'Expression of ESR2 in L4_RORB: 0.15554544781614266', 'Expression of ESR2 in L5-6_THEMIS: 0.12826641918748433', 'Expression of ESR2 in L5-6_TLE4: 0.27620535925926276', 'Expression of ESR2 in PN_dev: 0.216894351801578']
['Expression of NR1H3 in L2-3_CUX2: 0.0809624038814423', 'Expression of NR1H3 in L4_RORB: 0.04536705765028757', 'Expression of NR1H3 in L5-6_THEMIS: 0.06028045832719634', 'Expression of NR1H3 in L5-6_TLE4: 0.04839160109505924', 'Expression of NR1H3 in PN_dev: 0.058128397925033486']
['Expression of NR1H2 in L2-3_CUX2: 0.1589270839014909', 'Expression of NR1H2 in L4_RORB: 0.18838366445162275', 'Expression of NR1H2 in L5-6_THEMIS: 0.13730486934234423', 'Expression of NR1H2 in L5-6_TLE4: 0.13400655795079744', 'Expression of NR1H2 in PN_dev: 0.2316437956910065']
['Expression of RARA in L2-3_CUX2: 0.08096283769278434', 'Expression of RARA in L4_RORB: 0.06913137959373084', 'Expression of RARA in L5-6_THEMIS: 0.03683776178985333', 'Expression of RARA in L5-6_TLE4: 0.03722389428510355', 'Expression of RARA in PN_dev: 0.02602712139549476']
['Expression of RARG in L2-3_CUX2: 0.005997182968155573', 'Expression of RARG in L4_RORB: 0.06481039489705713', 'Expression of RARG in L5-6_THEMIS: 0.020093809101901797', 'Expression of RARG in L5-6_TLE4: 0.011167168285531067', 'Expression of RARG in PN_dev: 0.0']
['Expression of AHR in L2-3_CUX2: 0.0449788722611668', 'Expression of AHR in L4_RORB: 0.08447000748878844', 'Expression of AHR in L5-6_THEMIS: 0.07702441101514788', 'Expression of AHR in L5-6_TLE4: 0.07817071652314209', 'Expression of AHR in PN_dev: 0.020243735017387455']
['Expression of NR3C1 in L2-3_CUX2: 0.3111378344944429', 'Expression of NR3C1 in L4_RORB: 0.257087097254078', 'Expression of NR3C1 in L5-6_THEMIS: 0.22203478289058373', 'Expression of NR3C1 in L5-6_TLE4: 0.1686281827785053', 'Expression of NR3C1 in PN_dev: 0.16483885388124725']
(26533,)
[ 27.63601862  13.81750956   0.         ... 573.42964619  82.90505735
   6.90875478]
AR count: 373.7674046409549
THRB count: 32061.189558956205
ESR2 count: 2396.6829721663626
