INFO: localdir at /localscratch/17998055.michal.kubacki
INFO: your job will run on local system.
root_dir: /group/testa/michal.kubacki/herring_minimal
out_dir: /group/testa/michal.kubacki/herring_minimal/all_ex
in_dir: /group/testa/michal.kubacki/herring_minimal/data
tmp_dir: /group/testa/michal.kubacki/herring_minimal/tmp
All fragments: {'ga22': '/group/testa/michal.kubacki/herring_minimal/data/GSE168408_RAW/GSM5138510_RL2366_ga22_snATAC_fragments.tsv.gz', '1y': '/group/testa/michal.kubacki/herring_minimal/data/GSE168408_RAW/GSM5138526_RL2209_1y_snATAC_fragments.tsv.gz', '14y': '/group/testa/michal.kubacki/herring_minimal/data/GSE168408_RAW/GSM5138542_RL2372_14y_snATAC_fragments.tsv.gz', 'ga24': '/group/testa/michal.kubacki/herring_minimal/data/GSE168408_RAW/GSM5138512_RL2207_ga24_snATAC_fragments.tsv.gz', '2y': '/group/testa/michal.kubacki/herring_minimal/data/GSE168408_RAW/GSM5138529_RL1784_2y_snATAC_fragments.tsv.gz', '16y': '/group/testa/michal.kubacki/herring_minimal/data/GSE168408_RAW/GSM5138544_RL1785_16y_snATAC_fragments.tsv.gz', '1m': '/group/testa/michal.kubacki/herring_minimal/data/GSE168408_RAW/GSM5138515_RL2367_1m_snATAC_fragments.tsv.gz', '4y': '/group/testa/michal.kubacki/herring_minimal/data/GSE168408_RAW/GSM5138532_RL2210_4y_snATAC_fragments.tsv.gz', '20y': '/group/testa/michal.kubacki/herring_minimal/data/GSE168408_RAW/GSM5138548_RL2085_20y_snATAC_fragments.tsv.gz', '3m': '/group/testa/michal.kubacki/herring_minimal/data/GSE168408_RAW/GSM5138518_RL1914_3m_snATAC_fragments.tsv.gz', '6y': '/group/testa/michal.kubacki/herring_minimal/data/GSE168408_RAW/GSM5138534_RL2364_6y_snATAC_fragments.tsv.gz', '25y': '/group/testa/michal.kubacki/herring_minimal/data/GSE168408_RAW/GSM5138550_RL2369_25y_snATAC_fragments.tsv.gz', '6m': '/group/testa/michal.kubacki/herring_minimal/data/GSE168408_RAW/GSM5138521_RL2208_6m_snATAC_fragments.tsv.gz', '8y': '/group/testa/michal.kubacki/herring_minimal/data/GSE168408_RAW/GSM5138536_RL1994_8y_snATAC_fragments.tsv.gz', '40y': '/group/testa/michal.kubacki/herring_minimal/data/GSE168408_RAW/GSM5138552_RL2373_40y_snATAC_fragments.tsv.gz', '10m': '/group/testa/michal.kubacki/herring_minimal/data/GSE168408_RAW/GSM5138523_RL2371_10m_snATAC_fragments.tsv.gz', '10y': '/group/testa/michal.kubacki/herring_minimal/data/GSE168408_RAW/GSM5138539_RL2368_10y_snATAC_fragments.tsv.gz'}
Selected fragments: ['1m', '3m', '6m', '10m', '1y', '2y', '4y', 'ga22', 'ga24']
(87339, 24)
(32365, 24)
chem
v3    29982
v2     2383
Name: count, dtype: int64
PassQC
1.0    32365
Name: count, dtype: int64
(29982, 24)
(22558, 24)
(22558, 25)
L2-3_CUX2: 6355
L5-6_TLE4: 3292
L4_RORB: 5956
L5-6_THEMIS: 2071
PN_dev: 4884
L2-3_CUX2: 6355
L5-6_TLE4: 3292
L4_RORB: 5956
L5-6_THEMIS: 2071
PN_dev: 4884
L2-3_CUX2: 6355
L5-6_TLE4: 3292
L4_RORB: 5956
L5-6_THEMIS: 2071
PN_dev: 4884
2025-01-29 20:14:29,062 cisTopic     INFO     Splitting fragments by cell type.
[W::hts_idx_load3] The index file is older than the data file: /group/testa/michal.kubacki/herring_minimal/data/GSE168408_RAW/GSM5138515_RL2367_1m_snATAC_fragments.tsv.gz.tbi
[W::hts_idx_load3] The index file is older than the data file: /group/testa/michal.kubacki/herring_minimal/data/GSE168408_RAW/GSM5138521_RL2208_6m_snATAC_fragments.tsv.gz.tbi
