INFO: localdir at /localscratch/13600541.michal.kubacki
INFO: your job will run on local system.
root_dir: /group/testa/michal.kubacki/herring
out_dir: /group/testa/michal.kubacki/herring/output_hg19_all_inhibitory_all_ages
in_dir: /group/testa/michal.kubacki/herring/data
tmp_dir: /group/testa/michal.kubacki/herring/tmp
out_dir: /group/testa/michal.kubacki/herring/output_hg19_all_inhibitory_all_ages
All fragments: {'ga22': '/group/testa/michal.kubacki/herring/data/GSE168408_RAW/GSM5138510_RL2366_ga22_snATAC_fragments.tsv.gz', '1y': '/group/testa/michal.kubacki/herring/data/GSE168408_RAW/GSM5138526_RL2209_1y_snATAC_fragments.tsv.gz', '14y': '/group/testa/michal.kubacki/herring/data/GSE168408_RAW/GSM5138542_RL2372_14y_snATAC_fragments.tsv.gz', 'ga24': '/group/testa/michal.kubacki/herring/data/GSE168408_RAW/GSM5138512_RL2207_ga24_snATAC_fragments.tsv.gz', '2y': '/group/testa/michal.kubacki/herring/data/GSE168408_RAW/GSM5138529_RL1784_2y_snATAC_fragments.tsv.gz', '16y': '/group/testa/michal.kubacki/herring/data/GSE168408_RAW/GSM5138544_RL1785_16y_snATAC_fragments.tsv.gz', '1m': '/group/testa/michal.kubacki/herring/data/GSE168408_RAW/GSM5138515_RL2367_1m_snATAC_fragments.tsv.gz', '4y': '/group/testa/michal.kubacki/herring/data/GSE168408_RAW/GSM5138532_RL2210_4y_snATAC_fragments.tsv.gz', '20y': '/group/testa/michal.kubacki/herring/data/GSE168408_RAW/GSM5138548_RL2085_20y_snATAC_fragments.tsv.gz', '3m': '/group/testa/michal.kubacki/herring/data/GSE168408_RAW/GSM5138518_RL1914_3m_snATAC_fragments.tsv.gz', '6y': '/group/testa/michal.kubacki/herring/data/GSE168408_RAW/GSM5138534_RL2364_6y_snATAC_fragments.tsv.gz', '25y': '/group/testa/michal.kubacki/herring/data/GSE168408_RAW/GSM5138550_RL2369_25y_snATAC_fragments.tsv.gz', '6m': '/group/testa/michal.kubacki/herring/data/GSE168408_RAW/GSM5138521_RL2208_6m_snATAC_fragments.tsv.gz', '8y': '/group/testa/michal.kubacki/herring/data/GSE168408_RAW/GSM5138536_RL1994_8y_snATAC_fragments.tsv.gz', '40y': '/group/testa/michal.kubacki/herring/data/GSE168408_RAW/GSM5138552_RL2373_40y_snATAC_fragments.tsv.gz', '10m': '/group/testa/michal.kubacki/herring/data/GSE168408_RAW/GSM5138523_RL2371_10m_snATAC_fragments.tsv.gz', '10y': '/group/testa/michal.kubacki/herring/data/GSE168408_RAW/GSM5138539_RL2368_10y_snATAC_fragments.tsv.gz'}
Selected fragments: ['1m', '3m', '6m', '10m', '1y', '2y', '4y', '6y', '10y', '16y', '20y', '40y', 'ga22', 'ga24']
(87339, 24)
(10614, 24)
v3    10090
v2      524
Name: chem, dtype: int64
1.0    10614
Name: PassQC, dtype: int64
(10090, 24)
(9186, 24)
(9186, 25)
MGE_dev: 1801
SST: 3700
PV: 1648
VIP: 2037
MGE_dev: 1801
SST: 3700
PV: 1648
VIP: 2037
MGE_dev: 1801
SST: 3700
PV: 1648
VIP: 2037
<class 'pycisTopic.cistopic_class.CistopicObject'>
Data type of 'predictedCell' column: object
All elements in 'predictedCell' are strings.

Total number of non-string elements: 0
Number of matching cells: 1155
Total number of cells in adata: 23258
Proportion of matching cells: 4.97%
Number of matching cells: 1155
Total number of cells in adata: 23258
Proportion of matching cells: 4.97%
Total number of cells: 23258
Number of cells with changed index: 1155
Proportion of cells changed: 4.97%
slurmstepd: error: _cgroup_procs_check: failed on path /sys/fs/cgroup/memory/slurm/uid_10666/job_13600541/step_batch/cgroup.procs: No such file or directory
slurmstepd: error: unable to read '/sys/fs/cgroup/memory/slurm/uid_10666/job_13600541/step_batch/cgroup.procs'
