INFO: localdir at /localscratch/13491810.michal.kubacki
INFO: your job will run on local system.
root_dir: /group/testa/michal.kubacki/herring
out_dir: /group/testa/michal.kubacki/herring/output_hg19_all_excitatory
in_dir: /group/testa/michal.kubacki/herring/data
tmp_dir: /group/testa/michal.kubacki/herring/tmp
2024-07-16 06:54:01,885 cisTopic     INFO     Normalizing RNA data
WARNING: adata.X seems to be already log-transformed.
/home/michal.kubacki/.conda/envs/scenicplus/lib/python3.11/site-packages/scanpy/preprocessing/_scale.py:299: UserWarning: Received a view of an AnnData. Making a copy.
  view_to_actual(adata)
2024-07-16 06:55:36,305 cisTopic     INFO     Processing 1 query sample(s) using 1 cpu(s)
2024-07-16 06:56:02,466	INFO worker.py:1762 -- Started a local Ray instance. View the dashboard at [1m[32mhttp://127.0.0.1:8265 [39m[22m
[36m(label_transfer_ray pid=3409378)[0m /home/michal.kubacki/.conda/envs/scenicplus/lib/python3.11/site-packages/scanpy/preprocessing/_scale.py:299: UserWarning: Received a view of an AnnData. Making a copy.
[36m(label_transfer_ray pid=3409378)[0m   view_to_actual(adata)
[36m(label_transfer_ray pid=3409378)[0m /home/michal.kubacki/.conda/envs/scenicplus/lib/python3.11/site-packages/pycisTopic/label_transfer.py:241: FutureWarning: Use anndata.concat instead of AnnData.concatenate, AnnData.concatenate is deprecated and will be removed in the future. See the tutorial for concat at: https://anndata.readthedocs.io/en/latest/concatenation.html
[36m(label_transfer_ray pid=3409378)[0m   adata_concat = ref_anndata.concatenate(
[36m(label_transfer_ray pid=3409378)[0m 2024-07-16 06:56:23,195 cisTopic     INFO     Normalizing ATAC data from sample multiome_brain
[36m(label_transfer_ray pid=3409378)[0m 2024-07-16 06:57:05,974 cisTopic     INFO     Running integration with scanorama
[36m(label_transfer_ray pid=3409378)[0m Found 450 genes among all datasets
[36m(label_transfer_ray pid=3409378)[0m [[0.        0.2349578]
[36m(label_transfer_ray pid=3409378)[0m  [0.        0.       ]]
[36m(label_transfer_ray pid=3409378)[0m Processing datasets (0, 1)
slurmstepd: error: _cgroup_procs_check: failed on path /sys/fs/cgroup/memory/slurm/uid_10666/job_13491810/step_batch/cgroup.procs: No such file or directory
slurmstepd: error: unable to read '/sys/fs/cgroup/memory/slurm/uid_10666/job_13491810/step_batch/cgroup.procs'
