INFO: localdir at /localscratch/13121834.michal.kubacki
INFO: your job will run on local system.
root_dir: /group/testa/michal.kubacki/herring
out_dir: /group/testa/michal.kubacki/herring/output_hg19_all_excitatory_all_ages
in_dir: /group/testa/michal.kubacki/herring/data
tmp_dir: /group/testa/michal.kubacki/herring/tmp
All fragments: {'ga22': '/group/testa/michal.kubacki/herring/data/GSE168408_RAW/GSM5138510_RL2366_ga22_snATAC_fragments.tsv.gz', '1y': '/group/testa/michal.kubacki/herring/data/GSE168408_RAW/GSM5138526_RL2209_1y_snATAC_fragments.tsv.gz', '14y': '/group/testa/michal.kubacki/herring/data/GSE168408_RAW/GSM5138542_RL2372_14y_snATAC_fragments.tsv.gz', 'ga24': '/group/testa/michal.kubacki/herring/data/GSE168408_RAW/GSM5138512_RL2207_ga24_snATAC_fragments.tsv.gz', '2y': '/group/testa/michal.kubacki/herring/data/GSE168408_RAW/GSM5138529_RL1784_2y_snATAC_fragments.tsv.gz', '16y': '/group/testa/michal.kubacki/herring/data/GSE168408_RAW/GSM5138544_RL1785_16y_snATAC_fragments.tsv.gz', '1m': '/group/testa/michal.kubacki/herring/data/GSE168408_RAW/GSM5138515_RL2367_1m_snATAC_fragments.tsv.gz', '4y': '/group/testa/michal.kubacki/herring/data/GSE168408_RAW/GSM5138532_RL2210_4y_snATAC_fragments.tsv.gz', '20y': '/group/testa/michal.kubacki/herring/data/GSE168408_RAW/GSM5138548_RL2085_20y_snATAC_fragments.tsv.gz', '3m': '/group/testa/michal.kubacki/herring/data/GSE168408_RAW/GSM5138518_RL1914_3m_snATAC_fragments.tsv.gz', '6y': '/group/testa/michal.kubacki/herring/data/GSE168408_RAW/GSM5138534_RL2364_6y_snATAC_fragments.tsv.gz', '25y': '/group/testa/michal.kubacki/herring/data/GSE168408_RAW/GSM5138550_RL2369_25y_snATAC_fragments.tsv.gz', '6m': '/group/testa/michal.kubacki/herring/data/GSE168408_RAW/GSM5138521_RL2208_6m_snATAC_fragments.tsv.gz', '8y': '/group/testa/michal.kubacki/herring/data/GSE168408_RAW/GSM5138536_RL1994_8y_snATAC_fragments.tsv.gz', '40y': '/group/testa/michal.kubacki/herring/data/GSE168408_RAW/GSM5138552_RL2373_40y_snATAC_fragments.tsv.gz', '10m': '/group/testa/michal.kubacki/herring/data/GSE168408_RAW/GSM5138523_RL2371_10m_snATAC_fragments.tsv.gz', '10y': '/group/testa/michal.kubacki/herring/data/GSE168408_RAW/GSM5138539_RL2368_10y_snATAC_fragments.tsv.gz'}
Selected fragments: ['1m', '3m', '6m', '10m', '1y', '2y', '4y', '6y', '10y', '14y', '16y', '20y', '25y', '40y', 'ga22', 'ga24']
2024-06-27 14:29:16,183 cisTopic     INFO     Finding neighbours
Columns ['pycisTopic_leiden_10_0.6'] will be overwritten
Columns ['pycisTopic_leiden_10_1.2'] will be overwritten
Columns ['pycisTopic_leiden_10_3'] will be overwritten
2024-06-27 14:29:23,951 cisTopic     INFO     Running UMAP
/home/michal.kubacki/.conda/envs/scenicplus/lib/python3.11/site-packages/umap/umap_.py:1943: UserWarning: n_jobs value -1 overridden to 1 by setting random_state. Use no seed for parallelism.
  warn(f"n_jobs value {self.n_jobs} overridden to 1 by setting random_state. Use no seed for parallelism.")
2024-06-27 14:30:01,895 cisTopic     INFO     Running TSNE
/home/michal.kubacki/.conda/envs/scenicplus/lib/python3.11/site-packages/statsmodels/stats/weightstats.py:792: RuntimeWarning: divide by zero encountered in scalar divide
  zstat = value / std
2024-06-27 14:31:15,019 cisTopic     INFO     Imputing region accessibility
2024-06-27 14:31:15,020 cisTopic     INFO     Impute region accessibility for regions 0-20000
2024-06-27 14:31:17,947 cisTopic     INFO     Impute region accessibility for regions 20000-40000
2024-06-27 14:31:20,817 cisTopic     INFO     Impute region accessibility for regions 40000-60000
2024-06-27 14:31:23,683 cisTopic     INFO     Impute region accessibility for regions 60000-80000
2024-06-27 14:31:26,547 cisTopic     INFO     Impute region accessibility for regions 80000-100000
2024-06-27 14:31:29,413 cisTopic     INFO     Impute region accessibility for regions 100000-120000
2024-06-27 14:31:32,289 cisTopic     INFO     Impute region accessibility for regions 120000-140000
2024-06-27 14:31:35,170 cisTopic     INFO     Impute region accessibility for regions 140000-160000
2024-06-27 14:31:38,048 cisTopic     INFO     Impute region accessibility for regions 160000-180000
2024-06-27 14:31:40,912 cisTopic     INFO     Impute region accessibility for regions 180000-200000
2024-06-27 14:31:43,790 cisTopic     INFO     Impute region accessibility for regions 200000-220000
2024-06-27 14:31:46,670 cisTopic     INFO     Impute region accessibility for regions 220000-240000
2024-06-27 14:31:49,538 cisTopic     INFO     Impute region accessibility for regions 240000-260000
2024-06-27 14:31:52,402 cisTopic     INFO     Impute region accessibility for regions 260000-280000
2024-06-27 14:31:55,266 cisTopic     INFO     Impute region accessibility for regions 280000-300000
2024-06-27 14:31:58,131 cisTopic     INFO     Impute region accessibility for regions 300000-320000
2024-06-27 14:32:01,013 cisTopic     INFO     Impute region accessibility for regions 320000-340000
2024-06-27 14:32:01,587 cisTopic     INFO     Done!
2024-06-27 14:32:01,587 cisTopic     INFO     Normalizing imputed data
2024-06-27 14:32:36,779 cisTopic     INFO     Done!
2024-06-27 14:32:36,779 cisTopic     INFO     Calculating mean
2024-06-27 14:32:42,673 cisTopic     INFO     Calculating variance
2024-06-27 14:33:23,669 cisTopic     INFO     Done!
2024-06-27 14:35:16,128 cisTopic     INFO     Subsetting data for L2-3_CUX2 (334 of 21659)
2024-06-27 14:35:19,630 cisTopic     INFO     Computing p-value for L2-3_CUX2
2024-06-27 14:35:55,261 cisTopic     INFO     Computing log2FC for L2-3_CUX2
2024-06-27 14:35:56,716 cisTopic     INFO     L2-3_CUX2 done!
2024-06-27 14:35:56,722 cisTopic     INFO     Subsetting data for L4_RORB (296 of 21659)
2024-06-27 14:35:56,797 cisTopic     INFO     Computing p-value for L4_RORB
2024-06-27 14:36:32,031 cisTopic     INFO     Computing log2FC for L4_RORB
2024-06-27 14:36:32,065 cisTopic     INFO     L4_RORB done!
2024-06-27 14:36:32,072 cisTopic     INFO     Subsetting data for L5-6_THEMIS (103 of 21659)
2024-06-27 14:36:32,132 cisTopic     INFO     Computing p-value for L5-6_THEMIS
2024-06-27 14:37:07,226 cisTopic     INFO     Computing log2FC for L5-6_THEMIS
2024-06-27 14:37:07,257 cisTopic     INFO     L5-6_THEMIS done!
2024-06-27 14:37:07,263 cisTopic     INFO     Subsetting data for L5-6_TLE4 (93 of 21659)
2024-06-27 14:37:07,319 cisTopic     INFO     Computing p-value for L5-6_TLE4
2024-06-27 14:37:42,862 cisTopic     INFO     Computing log2FC for L5-6_TLE4
2024-06-27 14:37:42,896 cisTopic     INFO     L5-6_TLE4 done!
2024-06-27 14:37:42,903 cisTopic     INFO     Subsetting data for PN_dev (431 of 21659)
2024-06-27 14:37:42,971 cisTopic     INFO     Computing p-value for PN_dev
2024-06-27 14:38:18,194 cisTopic     INFO     Computing log2FC for PN_dev
2024-06-27 14:38:18,225 cisTopic     INFO     PN_dev done!
dict_keys(['L2-3_CUX2', 'L4_RORB', 'L5-6_THEMIS', 'L5-6_TLE4', 'PN_dev'])
Number of DARs found:
---------------------
  L2-3_CUX2: 9228
  L4_RORB: 8971
  L5-6_THEMIS: 3028
  L5-6_TLE4: 9885
  PN_dev: 2789
2024-06-27 14:38:49,478 cisTopic     INFO     Calculating gene boundaries
join: Strand data from other will be added as strand data to self.
If this is undesired use the flag apply_strand_suffix=False.
To turn off the warning set apply_strand_suffix to True or False.
2024-06-27 14:39:08,721 cisTopic     INFO     Calculating distances
2024-06-27 14:39:17,239 cisTopic     INFO     Calculating distance weigths
2024-06-27 14:39:17,748 cisTopic     INFO     Distance weights done
2024-06-27 14:39:17,748 cisTopic     INFO     Calculating gini weights
2024-06-27 14:40:01,920 cisTopic     INFO     Getting gene activity scores
2024-06-27 14:41:40,660 cisTopic     INFO     Creating imputed features object
<class 'pycisTopic.diff_features.CistopicImputedFeatures'>
<class 'pandas.core.frame.DataFrame'>
2024-06-27 14:41:58,841 cisTopic     INFO     Subsetting data for L2-3_CUX2 (334 of 21659)
2024-06-27 14:42:01,300 cisTopic     INFO     Computing p-value for L2-3_CUX2
2024-06-27 14:42:08,434 cisTopic     INFO     Computing log2FC for L2-3_CUX2
2024-06-27 14:42:09,605 cisTopic     INFO     L2-3_CUX2 done!
2024-06-27 14:42:09,609 cisTopic     INFO     Subsetting data for L4_RORB (296 of 21659)
2024-06-27 14:42:09,626 cisTopic     INFO     Computing p-value for L4_RORB
2024-06-27 14:42:16,764 cisTopic     INFO     Computing log2FC for L4_RORB
2024-06-27 14:42:16,771 cisTopic     INFO     L4_RORB done!
2024-06-27 14:42:16,776 cisTopic     INFO     Subsetting data for L5-6_THEMIS (103 of 21659)
2024-06-27 14:42:16,790 cisTopic     INFO     Computing p-value for L5-6_THEMIS
2024-06-27 14:42:23,913 cisTopic     INFO     Computing log2FC for L5-6_THEMIS
2024-06-27 14:42:23,920 cisTopic     INFO     L5-6_THEMIS done!
2024-06-27 14:42:23,925 cisTopic     INFO     Subsetting data for L5-6_TLE4 (93 of 21659)
2024-06-27 14:42:23,939 cisTopic     INFO     Computing p-value for L5-6_TLE4
2024-06-27 14:42:31,078 cisTopic     INFO     Computing log2FC for L5-6_TLE4
2024-06-27 14:42:31,085 cisTopic     INFO     L5-6_TLE4 done!
2024-06-27 14:42:31,090 cisTopic     INFO     Subsetting data for PN_dev (431 of 21659)
2024-06-27 14:42:31,108 cisTopic     INFO     Computing p-value for PN_dev
2024-06-27 14:42:38,213 cisTopic     INFO     Computing log2FC for PN_dev
2024-06-27 14:42:38,220 cisTopic     INFO     PN_dev done!
Number of DAGs found:
---------------------
  L2-3_CUX2: 1238
  L4_RORB: 481
  L5-6_THEMIS: 522
  L5-6_TLE4: 1120
  PN_dev: 213
slurmstepd: error: _cgroup_procs_check: failed on path /sys/fs/cgroup/memory/slurm/uid_10666/job_13121834/step_batch/cgroup.procs: No such file or directory
slurmstepd: error: unable to read '/sys/fs/cgroup/memory/slurm/uid_10666/job_13121834/step_batch/cgroup.procs'
