INFO: localdir at /localscratch/13137488.michal.kubacki
INFO: your job will run on local system.
Assuming unrestricted shared filesystem usage for local execution.
Building DAG of jobs...
Using shell: /usr/bin/bash
Provided cores: 32
Rules claiming more threads will be scaled down.
Job stats:
job                            count
---------------------------  -------
AUCell_direct                      1
AUCell_extended                    1
all                                1
download_genome_annotations        1
eGRN_direct                        1
eGRN_extended                      1
get_search_space                   1
motif_enrichment_cistarget         1
motif_enrichment_dem               1
prepare_GEX_ACC_multiome           1
prepare_menr                       1
region_to_gene                     1
scplus_mudata                      1
tf_to_gene                         1
total                             14

Select jobs to execute...
Execute 1 jobs...

[Tue Jul  2 12:56:26 2024]
localrule motif_enrichment_cistarget:
    input: /group/testa/michal.kubacki/herring/output_hg19_all_excitatory/region_sets, /group/testa/michal.kubacki/herring/output_hg19_all_excitatory/cistarget_motif_dataset.regions_vs_motifs.rankings.feather, /group/testa/michal.kubacki/herring/scenic_input/motifs-v9-nr.hgnc-m0.001-o0.0.tbl
    output: /group/testa/michal.kubacki/herring/scenic_all_excitatory/ctx_results.hdf5, /group/testa/michal.kubacki/herring/scenic_all_excitatory/ctx_results.html
    jobid: 9
    reason: Forced execution
    threads: 32
    resources: tmpdir=/localscratch/13137488.michal.kubacki

2024-07-02 13:00:24,680 SCENIC+      INFO     Reading region sets from: /group/testa/michal.kubacki/herring/output_hg19_all_excitatory/region_sets
2024-07-02 13:00:24,701 SCENIC+      INFO     Reading all .bed files in: Topics_top_3k
2024-07-02 13:00:28,623 SCENIC+      INFO     Reading all .bed files in: DARs_cell_type
2024-07-02 13:00:29,589 SCENIC+      INFO     Reading all .bed files in: Topics_otsu
2024-07-02 13:16:30,562 cisTarget    INFO     Reading cisTarget database
2024-07-02 13:16:30,641 cisTarget    INFO     Reading cisTarget database
2024-07-02 13:17:23,881 cisTarget    INFO     Reading cisTarget database
2024-07-02 13:17:29,440 cisTarget    INFO     Running cisTarget for Topics_top_3k_Topic21 which has 2987 regions
2024-07-02 13:17:29,743 cisTarget    INFO     Running cisTarget for Topics_top_3k_Topic14 which has 2985 regions
2024-07-02 13:17:33,020 cisTarget    INFO     Reading cisTarget database
2024-07-02 13:17:33,061 cisTarget    INFO     Reading cisTarget database
2024-07-02 13:17:34,204 cisTarget    INFO     Reading cisTarget database
2024-07-02 13:17:34,677 cisTarget    INFO     Reading cisTarget database
2024-07-02 13:17:34,683 cisTarget    INFO     Reading cisTarget database
2024-07-02 13:17:35,257 cisTarget    INFO     Reading cisTarget database
2024-07-02 13:17:36,083 cisTarget    INFO     Reading cisTarget database
2024-07-02 13:17:36,417 cisTarget    INFO     Reading cisTarget database
2024-07-02 13:17:36,435 cisTarget    INFO     Reading cisTarget database
2024-07-02 13:17:36,474 cisTarget    INFO     Reading cisTarget database
2024-07-02 13:17:36,544 cisTarget    INFO     Reading cisTarget database
2024-07-02 13:17:36,846 cisTarget    INFO     Reading cisTarget database
2024-07-02 13:17:37,123 cisTarget    INFO     Reading cisTarget database
2024-07-02 13:17:37,314 cisTarget    INFO     Reading cisTarget database
2024-07-02 13:17:37,330 cisTarget    INFO     Annotating motifs for Topics_top_3k_Topic14
2024-07-02 13:17:37,404 cisTarget    INFO     Reading cisTarget database
2024-07-02 13:17:37,416 cisTarget    INFO     Reading cisTarget database
2024-07-02 13:17:37,431 cisTarget    INFO     Reading cisTarget database
2024-07-02 13:17:37,445 cisTarget    INFO     Reading cisTarget database
2024-07-02 13:17:37,460 cisTarget    INFO     Annotating motifs for Topics_top_3k_Topic21
2024-07-02 13:17:37,513 cisTarget    INFO     Reading cisTarget database
2024-07-02 13:17:37,541 cisTarget    INFO     Reading cisTarget database
2024-07-02 13:17:37,601 cisTarget    INFO     Reading cisTarget database
2024-07-02 13:17:37,621 cisTarget    INFO     Reading cisTarget database
2024-07-02 13:17:37,636 cisTarget    INFO     Reading cisTarget database
2024-07-02 13:17:37,640 cisTarget    INFO     Reading cisTarget database
2024-07-02 13:17:37,646 cisTarget    INFO     Reading cisTarget database
2024-07-02 13:17:37,648 cisTarget    INFO     Reading cisTarget database
2024-07-02 13:17:37,650 cisTarget    INFO     Reading cisTarget database
2024-07-02 13:17:37,659 cisTarget    INFO     Reading cisTarget database
2024-07-02 13:17:37,668 cisTarget    INFO     Reading cisTarget database
2024-07-02 13:17:39,660 cisTarget    INFO     Getting cistromes for Topics_top_3k_Topic21
2024-07-02 13:17:39,673 cisTarget    INFO     Getting cistromes for Topics_top_3k_Topic14
2024-07-02 13:17:40,309 cisTarget    INFO     Reading cisTarget database
2024-07-02 13:17:40,332 cisTarget    INFO     Reading cisTarget database
2024-07-02 13:19:17,818 cisTarget    INFO     Running cisTarget for Topics_top_3k_Topic40 which has 2995 regions
2024-07-02 13:19:17,866 cisTarget    INFO     Running cisTarget for Topics_top_3k_Topic6 which has 2993 regions
2024-07-02 13:19:25,088 cisTarget    INFO     Annotating motifs for Topics_top_3k_Topic40
2024-07-02 13:19:25,320 cisTarget    INFO     Annotating motifs for Topics_top_3k_Topic6
2024-07-02 13:19:27,387 cisTarget    INFO     Getting cistromes for Topics_top_3k_Topic40
2024-07-02 13:19:27,755 cisTarget    INFO     Getting cistromes for Topics_top_3k_Topic6
2024-07-02 13:19:28,350 cisTarget    INFO     Running cisTarget for Topics_top_3k_Topic25 which has 2974 regions
2024-07-02 13:19:28,602 cisTarget    INFO     Reading cisTarget database
2024-07-02 13:19:29,150 cisTarget    INFO     Reading cisTarget database
2024-07-02 13:19:29,839 cisTarget    INFO     Running cisTarget for Topics_top_3k_Topic34 which has 2983 regions
2024-07-02 13:19:35,540 cisTarget    INFO     Annotating motifs for Topics_top_3k_Topic25
2024-07-02 13:19:37,561 cisTarget    INFO     Annotating motifs for Topics_top_3k_Topic34
2024-07-02 13:19:38,958 cisTarget    INFO     Getting cistromes for Topics_top_3k_Topic25
2024-07-02 13:19:39,960 cisTarget    INFO     Running cisTarget for Topics_top_3k_Topic37 which has 2985 regions
2024-07-02 13:19:41,364 cisTarget    INFO     Reading cisTarget database
2024-07-02 13:19:41,412 cisTarget    INFO     Getting cistromes for Topics_top_3k_Topic34
2024-07-02 13:19:44,457 cisTarget    INFO     Reading cisTarget database
2024-07-02 13:19:48,168 cisTarget    INFO     Annotating motifs for Topics_top_3k_Topic37
2024-07-02 13:19:50,380 cisTarget    INFO     Running cisTarget for Topics_top_3k_Topic9 which has 2987 regions
2024-07-02 13:19:50,648 cisTarget    INFO     Getting cistromes for Topics_top_3k_Topic37
2024-07-02 13:19:52,059 cisTarget    INFO     Reading cisTarget database
2024-07-02 13:19:52,934 cisTarget    INFO     Running cisTarget for Topics_top_3k_Topic36 which has 2994 regions
2024-07-02 13:19:54,640 cisTarget    INFO     Annotating motifs for Topics_top_3k_Topic9
2024-07-02 13:19:54,842 cisTarget    INFO     Running cisTarget for Topics_top_3k_Topic29 which has 2994 regions
2024-07-02 13:19:54,957 cisTarget    INFO     Running cisTarget for Topics_top_3k_Topic23 which has 2984 regions
2024-07-02 13:19:55,186 cisTarget    INFO     Running cisTarget for Topics_top_3k_Topic30 which has 2983 regions
2024-07-02 13:19:56,468 cisTarget    INFO     Running cisTarget for Topics_top_3k_Topic38 which has 2979 regions
2024-07-02 13:19:56,671 cisTarget    INFO     Running cisTarget for Topics_top_3k_Topic12 which has 2991 regions
2024-07-02 13:19:56,699 cisTarget    INFO     Getting cistromes for Topics_top_3k_Topic9
2024-07-02 13:19:56,872 cisTarget    INFO     Running cisTarget for Topics_top_3k_Topic15 which has 2991 regions
2024-07-02 13:19:56,915 cisTarget    INFO     Running cisTarget for Topics_top_3k_Topic18 which has 2989 regions
2024-07-02 13:19:56,976 cisTarget    INFO     Running cisTarget for Topics_top_3k_Topic27 which has 2990 regions
2024-07-02 13:19:57,087 cisTarget    INFO     Running cisTarget for Topics_top_3k_Topic4 which has 2991 regions
2024-07-02 13:19:57,156 cisTarget    INFO     Running cisTarget for Topics_top_3k_Topic5 which has 2985 regions
2024-07-02 13:19:57,293 cisTarget    INFO     Running cisTarget for Topics_top_3k_Topic8 which has 2989 regions
2024-07-02 13:19:57,356 cisTarget    INFO     Running cisTarget for Topics_top_3k_Topic13 which has 2967 regions
2024-07-02 13:19:57,391 cisTarget    INFO     Reading cisTarget database
2024-07-02 13:19:57,592 cisTarget    INFO     Running cisTarget for Topics_top_3k_Topic39 which has 2996 regions
2024-07-02 13:19:57,750 cisTarget    INFO     Running cisTarget for Topics_top_3k_Topic16 which has 2985 regions
2024-07-02 13:19:58,435 cisTarget    INFO     Running cisTarget for Topics_top_3k_Topic31 which has 2994 regions
2024-07-02 13:19:58,651 cisTarget    INFO     Running cisTarget for Topics_top_3k_Topic32 which has 2988 regions
2024-07-02 13:20:00,017 cisTarget    INFO     Annotating motifs for Topics_top_3k_Topic36
2024-07-02 13:20:01,036 cisTarget    INFO     Running cisTarget for Topics_top_3k_Topic22 which has 2969 regions
2024-07-02 13:20:01,848 cisTarget    INFO     Getting cistromes for Topics_top_3k_Topic36
2024-07-02 13:20:02,010 cisTarget    INFO     Annotating motifs for Topics_top_3k_Topic30
2024-07-02 13:20:02,395 cisTarget    INFO     Reading cisTarget database
2024-07-02 13:20:03,124 cisTarget    INFO     Running cisTarget for Topics_top_3k_Topic10 which has 2977 regions
2024-07-02 13:20:03,685 cisTarget    INFO     Running cisTarget for Topics_top_3k_Topic19 which has 2973 regions
2024-07-02 13:20:03,754 cisTarget    INFO     Annotating motifs for Topics_top_3k_Topic23
2024-07-02 13:20:03,831 cisTarget    INFO     Annotating motifs for Topics_top_3k_Topic12
2024-07-02 13:20:03,832 cisTarget    INFO     Getting cistromes for Topics_top_3k_Topic30
2024-07-02 13:20:04,047 cisTarget    INFO     Annotating motifs for Topics_top_3k_Topic29
2024-07-02 13:20:04,196 cisTarget    INFO     Annotating motifs for Topics_top_3k_Topic15
2024-07-02 13:20:04,322 cisTarget    INFO     Reading cisTarget database
2024-07-02 13:20:04,549 cisTarget    INFO     Annotating motifs for Topics_top_3k_Topic38
2024-07-02 13:20:04,566 cisTarget    INFO     Annotating motifs for Topics_top_3k_Topic18
2024-07-02 13:20:04,678 cisTarget    INFO     Annotating motifs for Topics_top_3k_Topic5
2024-07-02 13:20:04,767 cisTarget    INFO     Annotating motifs for Topics_top_3k_Topic4
2024-07-02 13:20:05,151 cisTarget    INFO     Annotating motifs for Topics_top_3k_Topic27
2024-07-02 13:20:05,371 cisTarget    INFO     Annotating motifs for Topics_top_3k_Topic16
2024-07-02 13:20:05,441 cisTarget    INFO     Annotating motifs for Topics_top_3k_Topic39
2024-07-02 13:20:05,539 cisTarget    INFO     Getting cistromes for Topics_top_3k_Topic12
2024-07-02 13:20:05,815 cisTarget    INFO     Getting cistromes for Topics_top_3k_Topic23
2024-07-02 13:20:05,893 cisTarget    INFO     Annotating motifs for Topics_top_3k_Topic8
2024-07-02 13:20:05,903 cisTarget    INFO     Getting cistromes for Topics_top_3k_Topic15
2024-07-02 13:20:05,922 cisTarget    INFO     Reading cisTarget database
2024-07-02 13:20:06,003 cisTarget    INFO     Annotating motifs for Topics_top_3k_Topic13
2024-07-02 13:20:06,218 cisTarget    INFO     Getting cistromes for Topics_top_3k_Topic29
2024-07-02 13:20:06,269 cisTarget    INFO     Annotating motifs for Topics_top_3k_Topic31
2024-07-02 13:20:06,320 cisTarget    INFO     Getting cistromes for Topics_top_3k_Topic18
2024-07-02 13:20:06,334 cisTarget    INFO     Reading cisTarget database
2024-07-02 13:20:06,345 cisTarget    INFO     Getting cistromes for Topics_top_3k_Topic38
2024-07-02 13:20:06,402 cisTarget    INFO     Getting cistromes for Topics_top_3k_Topic5
2024-07-02 13:20:06,450 cisTarget    INFO     Getting cistromes for Topics_top_3k_Topic4
2024-07-02 13:20:06,620 cisTarget    INFO     Reading cisTarget database
2024-07-02 13:20:06,701 cisTarget    INFO     Running cisTarget for Topics_top_3k_Topic33 which has 2978 regions
2024-07-02 13:20:06,764 cisTarget    INFO     Reading cisTarget database
2024-07-02 13:20:06,780 cisTarget    INFO     Annotating motifs for Topics_top_3k_Topic22
2024-07-02 13:20:06,859 cisTarget    INFO     Getting cistromes for Topics_top_3k_Topic27
2024-07-02 13:20:06,860 cisTarget    INFO     Reading cisTarget database
2024-07-02 13:20:06,878 cisTarget    INFO     Reading cisTarget database
2024-07-02 13:20:06,949 cisTarget    INFO     Reading cisTarget database
2024-07-02 13:20:07,045 cisTarget    INFO     Getting cistromes for Topics_top_3k_Topic16
2024-07-02 13:20:07,237 cisTarget    INFO     Reading cisTarget database
2024-07-02 13:20:07,296 cisTarget    INFO     Getting cistromes for Topics_top_3k_Topic39
2024-07-02 13:20:07,369 cisTarget    INFO     Reading cisTarget database
2024-07-02 13:20:07,390 cisTarget    INFO     Annotating motifs for Topics_top_3k_Topic32
2024-07-02 13:20:07,500 cisTarget    INFO     Reading cisTarget database
2024-07-02 13:20:07,683 cisTarget    INFO     Getting cistromes for Topics_top_3k_Topic8
2024-07-02 13:20:07,904 cisTarget    INFO     Reading cisTarget database
2024-07-02 13:20:08,098 cisTarget    INFO     Getting cistromes for Topics_top_3k_Topic31
2024-07-02 13:20:08,206 cisTarget    INFO     Reading cisTarget database
2024-07-02 13:20:08,326 cisTarget    INFO     Running cisTarget for Topics_top_3k_Topic11 which has 2984 regions
2024-07-02 13:20:08,631 cisTarget    INFO     Reading cisTarget database
2024-07-02 13:20:08,822 cisTarget    INFO     Getting cistromes for Topics_top_3k_Topic13
2024-07-02 13:20:08,982 cisTarget    INFO     Getting cistromes for Topics_top_3k_Topic22
2024-07-02 13:20:09,345 cisTarget    INFO     Getting cistromes for Topics_top_3k_Topic32
2024-07-02 13:20:09,684 cisTarget    INFO     Reading cisTarget database
2024-07-02 13:20:09,972 cisTarget    INFO     Running cisTarget for Topics_top_3k_Topic28 which has 2983 regions
2024-07-02 13:20:10,065 cisTarget    INFO     Annotating motifs for Topics_top_3k_Topic10
2024-07-02 13:20:10,108 cisTarget    INFO     Reading cisTarget database
2024-07-02 13:20:10,562 cisTarget    INFO     Reading cisTarget database
2024-07-02 13:20:11,167 cisTarget    INFO     Running cisTarget for Topics_top_3k_Topic17 which has 2992 regions
2024-07-02 13:20:11,696 cisTarget    INFO     Running cisTarget for Topics_top_3k_Topic3 which has 2980 regions
2024-07-02 13:20:11,762 cisTarget    INFO     Getting cistromes for Topics_top_3k_Topic10
2024-07-02 13:20:12,016 cisTarget    INFO     Annotating motifs for Topics_top_3k_Topic19
2024-07-02 13:20:12,074 cisTarget    INFO     Reading cisTarget database
2024-07-02 13:20:13,047 cisTarget    INFO     Annotating motifs for Topics_top_3k_Topic33
2024-07-02 13:20:13,817 cisTarget    INFO     Getting cistromes for Topics_top_3k_Topic19
2024-07-02 13:20:14,342 cisTarget    INFO     Reading cisTarget database
2024-07-02 13:20:14,605 cisTarget    INFO     Getting cistromes for Topics_top_3k_Topic33
2024-07-02 13:20:14,879 cisTarget    INFO     Reading cisTarget database
2024-07-02 13:20:15,190 cisTarget    INFO     Annotating motifs for Topics_top_3k_Topic11
2024-07-02 13:20:16,557 cisTarget    INFO     Annotating motifs for Topics_top_3k_Topic28
2024-07-02 13:20:16,823 cisTarget    INFO     Getting cistromes for Topics_top_3k_Topic11
2024-07-02 13:20:17,171 cisTarget    INFO     Reading cisTarget database
2024-07-02 13:20:17,777 cisTarget    INFO     Running cisTarget for Topics_top_3k_Topic7 which has 2981 regions
2024-07-02 13:20:17,837 cisTarget    INFO     Annotating motifs for Topics_top_3k_Topic17
2024-07-02 13:20:17,899 cisTarget    INFO     Annotating motifs for Topics_top_3k_Topic3
2024-07-02 13:20:18,225 cisTarget    INFO     Getting cistromes for Topics_top_3k_Topic28
2024-07-02 13:20:18,562 cisTarget    INFO     Reading cisTarget database
2024-07-02 13:20:19,469 cisTarget    INFO     Getting cistromes for Topics_top_3k_Topic17
2024-07-02 13:20:19,528 cisTarget    INFO     Getting cistromes for Topics_top_3k_Topic3
2024-07-02 13:20:19,793 cisTarget    INFO     Reading cisTarget database
2024-07-02 13:20:19,978 cisTarget    INFO     Reading cisTarget database
2024-07-02 13:20:23,854 cisTarget    INFO     Annotating motifs for Topics_top_3k_Topic7
2024-07-02 13:20:25,390 cisTarget    INFO     Getting cistromes for Topics_top_3k_Topic7
2024-07-02 13:20:25,701 cisTarget    INFO     Reading cisTarget database
2024-07-02 13:20:46,604 cisTarget    INFO     Running cisTarget for Topics_top_3k_Topic1 which has 2989 regions
2024-07-02 13:20:49,891 cisTarget    INFO     Running cisTarget for Topics_top_3k_Topic26 which has 2993 regions
2024-07-02 13:20:50,532 cisTarget    INFO     Annotating motifs for Topics_top_3k_Topic1
2024-07-02 13:20:51,384 cisTarget    INFO     Running cisTarget for Topics_otsu_Topic6 which has 5827 regions
2024-07-02 13:20:52,240 cisTarget    INFO     Getting cistromes for Topics_top_3k_Topic1
2024-07-02 13:20:53,592 cisTarget    INFO     Annotating motifs for Topics_top_3k_Topic26
2024-07-02 13:20:55,240 cisTarget    INFO     Getting cistromes for Topics_top_3k_Topic26
2024-07-02 13:20:57,631 cisTarget    INFO     Annotating motifs for Topics_otsu_Topic6
/home/michal.kubacki/miniconda3/envs/scenicplusnew/lib/python3.11/site-packages/joblib/externals/loky/process_executor.py:752: UserWarning: A worker stopped while some jobs were given to the executor. This can be caused by a too short worker timeout or by a memory leak.
  warnings.warn(
2024-07-02 13:20:58,768 cisTarget    INFO     Reading cisTarget database
2024-07-02 13:21:01,963 cisTarget    INFO     Getting cistromes for Topics_otsu_Topic6
2024-07-02 13:21:12,168 cisTarget    INFO     Running cisTarget for Topics_top_3k_Topic2 which has 2982 regions
2024-07-02 13:21:15,161 cisTarget    INFO     Running cisTarget for Topics_top_3k_Topic20 which has 2988 regions
2024-07-02 13:21:15,843 cisTarget    INFO     Annotating motifs for Topics_top_3k_Topic2
2024-07-02 13:21:17,465 cisTarget    INFO     Getting cistromes for Topics_top_3k_Topic2
2024-07-02 13:21:18,823 cisTarget    INFO     Annotating motifs for Topics_top_3k_Topic20
2024-07-02 13:21:20,501 cisTarget    INFO     Getting cistromes for Topics_top_3k_Topic20
2024-07-02 13:21:20,691 cisTarget    INFO     Reading cisTarget database
2024-07-02 13:21:26,080 cisTarget    INFO     Running cisTarget for Topics_top_3k_Topic24 which has 2971 regions
2024-07-02 13:21:30,958 cisTarget    INFO     Annotating motifs for Topics_top_3k_Topic24
2024-07-02 13:21:33,417 cisTarget    INFO     Getting cistromes for Topics_top_3k_Topic24
2024-07-02 13:21:50,944 cisTarget    INFO     Running cisTarget for Topics_top_3k_Topic35 which has 2983 regions
2024-07-02 13:21:54,301 cisTarget    INFO     Annotating motifs for Topics_top_3k_Topic35
2024-07-02 13:21:55,551 cisTarget    INFO     Running cisTarget for Topics_otsu_Topic25 which has 8283 regions
2024-07-02 13:21:55,787 cisTarget    INFO     Running cisTarget for Topics_otsu_Topic34 which has 6320 regions
2024-07-02 13:21:55,838 cisTarget    INFO     Getting cistromes for Topics_top_3k_Topic35
2024-07-02 13:21:58,103 cisTarget    INFO     Running cisTarget for Topics_otsu_Topic40 which has 8633 regions
2024-07-02 13:22:02,947 cisTarget    INFO     Annotating motifs for Topics_otsu_Topic34
2024-07-02 13:22:03,102 cisTarget    INFO     Annotating motifs for Topics_otsu_Topic25
2024-07-02 13:22:04,539 cisTarget    INFO     Annotating motifs for Topics_otsu_Topic40
2024-07-02 13:22:05,958 cisTarget    INFO     Running cisTarget for DARs_cell_type_PN_dev which has 4997 regions
2024-07-02 13:22:08,220 cisTarget    INFO     Getting cistromes for Topics_otsu_Topic40
2024-07-02 13:22:08,975 cisTarget    INFO     Getting cistromes for Topics_otsu_Topic34
2024-07-02 13:22:10,112 cisTarget    INFO     Annotating motifs for DARs_cell_type_PN_dev
2024-07-02 13:22:10,228 cisTarget    INFO     Getting cistromes for Topics_otsu_Topic25
2024-07-02 13:22:11,923 cisTarget    INFO     Getting cistromes for DARs_cell_type_PN_dev
2024-07-02 13:22:39,166 cisTarget    INFO     Running cisTarget for DARs_cell_type_L5-6_TLE4 which has 11064 regions
2024-07-02 13:22:39,479 cisTarget    INFO     Running cisTarget for DARs_cell_type_L5-6_THEMIS which has 9710 regions
2024-07-02 13:22:39,496 cisTarget    INFO     Running cisTarget for DARs_cell_type_VIP which has 14101 regions
2024-07-02 13:22:39,731 cisTarget    INFO     Running cisTarget for DARs_cell_type_L4_RORB which has 10118 regions
2024-07-02 13:22:39,775 cisTarget    INFO     Running cisTarget for DARs_cell_type_SST which has 14369 regions
2024-07-02 13:22:39,936 cisTarget    INFO     Running cisTarget for DARs_cell_type_MGE_dev which has 12243 regions
2024-07-02 13:22:39,950 cisTarget    INFO     Running cisTarget for Topics_otsu_Topic37 which has 11572 regions
2024-07-02 13:22:40,091 cisTarget    INFO     Running cisTarget for Topics_otsu_Topic23 which has 11498 regions
2024-07-02 13:22:44,592 cisTarget    INFO     Annotating motifs for DARs_cell_type_L5-6_THEMIS
2024-07-02 13:22:45,011 cisTarget    INFO     Annotating motifs for DARs_cell_type_L5-6_TLE4
2024-07-02 13:22:45,416 cisTarget    INFO     Annotating motifs for DARs_cell_type_L4_RORB
2024-07-02 13:22:46,319 cisTarget    INFO     Getting cistromes for DARs_cell_type_L5-6_THEMIS
2024-07-02 13:22:46,819 cisTarget    INFO     Getting cistromes for DARs_cell_type_L5-6_TLE4
2024-07-02 13:22:47,288 cisTarget    INFO     Getting cistromes for DARs_cell_type_L4_RORB
2024-07-02 13:22:47,303 cisTarget    INFO     Annotating motifs for DARs_cell_type_SST
2024-07-02 13:22:47,497 cisTarget    INFO     Annotating motifs for DARs_cell_type_VIP
2024-07-02 13:22:47,855 cisTarget    INFO     Running cisTarget for Topics_otsu_Topic30 which has 13588 regions
2024-07-02 13:22:48,126 cisTarget    INFO     Annotating motifs for Topics_otsu_Topic23
2024-07-02 13:22:48,509 cisTarget    INFO     Annotating motifs for DARs_cell_type_MGE_dev
2024-07-02 13:22:49,329 cisTarget    INFO     Annotating motifs for Topics_otsu_Topic37
2024-07-02 13:22:49,582 cisTarget    INFO     Getting cistromes for DARs_cell_type_SST
2024-07-02 13:22:50,257 cisTarget    INFO     Getting cistromes for DARs_cell_type_VIP
2024-07-02 13:22:50,794 cisTarget    INFO     Getting cistromes for Topics_otsu_Topic23
2024-07-02 13:22:51,346 cisTarget    INFO     Running cisTarget for DARs_cell_type_L2-3_CUX2 which has 14181 regions
2024-07-02 13:22:51,534 cisTarget    INFO     Getting cistromes for DARs_cell_type_MGE_dev
2024-07-02 13:22:54,694 cisTarget    INFO     Getting cistromes for Topics_otsu_Topic37
2024-07-02 13:22:55,476 cisTarget    INFO     Annotating motifs for Topics_otsu_Topic30
2024-07-02 13:22:56,771 cisTarget    INFO     Running cisTarget for Topics_otsu_Topic39 which has 12800 regions
2024-07-02 13:22:57,081 cisTarget    INFO     Annotating motifs for DARs_cell_type_L2-3_CUX2
2024-07-02 13:22:57,895 cisTarget    INFO     Getting cistromes for Topics_otsu_Topic30
2024-07-02 13:22:58,831 cisTarget    INFO     Getting cistromes for DARs_cell_type_L2-3_CUX2
2024-07-02 13:23:04,138 cisTarget    INFO     Annotating motifs for Topics_otsu_Topic39
2024-07-02 13:23:06,527 cisTarget    INFO     Getting cistromes for Topics_otsu_Topic39
2024-07-02 13:23:08,587 cisTarget    INFO     Reading cisTarget database
2024-07-02 13:23:32,934 cisTarget    INFO     Running cisTarget for Topics_otsu_Topic16 which has 17347 regions
2024-07-02 13:23:34,584 cisTarget    INFO     Running cisTarget for Topics_otsu_Topic36 which has 22413 regions
2024-07-02 13:23:34,998 cisTarget    INFO     Running cisTarget for Topics_otsu_Topic4 which has 21250 regions
2024-07-02 13:23:35,042 cisTarget    INFO     Running cisTarget for Topics_otsu_Topic12 which has 23303 regions
2024-07-02 13:23:35,073 cisTarget    INFO     Running cisTarget for Topics_otsu_Topic31 which has 26314 regions
2024-07-02 13:23:35,626 cisTarget    INFO     Running cisTarget for Topics_otsu_Topic19 which has 20069 regions
2024-07-02 13:23:35,709 cisTarget    INFO     Running cisTarget for Topics_otsu_Topic33 which has 23948 regions
2024-07-02 13:23:35,838 cisTarget    INFO     Running cisTarget for Topics_otsu_Topic18 which has 30079 regions
2024-07-02 13:23:35,873 cisTarget    INFO     Running cisTarget for Topics_otsu_Topic10 which has 25493 regions
2024-07-02 13:23:36,210 cisTarget    INFO     Running cisTarget for Topics_otsu_Topic3 which has 26633 regions
2024-07-02 13:23:36,234 cisTarget    INFO     Running cisTarget for Topics_otsu_Topic11 which has 23996 regions
2024-07-02 13:23:36,303 cisTarget    INFO     Running cisTarget for Topics_otsu_Topic17 which has 26417 regions
2024-07-02 13:23:41,994 cisTarget    INFO     Annotating motifs for Topics_otsu_Topic16
2024-07-02 13:23:44,225 cisTarget    INFO     Getting cistromes for Topics_otsu_Topic16
2024-07-02 13:23:45,532 cisTarget    INFO     Annotating motifs for Topics_otsu_Topic19
2024-07-02 13:23:45,618 cisTarget    INFO     Annotating motifs for Topics_otsu_Topic11
2024-07-02 13:23:46,026 cisTarget    INFO     Annotating motifs for Topics_otsu_Topic3
2024-07-02 13:23:46,032 cisTarget    INFO     Annotating motifs for Topics_otsu_Topic12
2024-07-02 13:23:46,226 cisTarget    INFO     Annotating motifs for Topics_otsu_Topic17
2024-07-02 13:23:47,061 cisTarget    INFO     Annotating motifs for Topics_otsu_Topic4
2024-07-02 13:23:47,290 cisTarget    INFO     Getting cistromes for Topics_otsu_Topic11
2024-07-02 13:23:47,450 cisTarget    INFO     Getting cistromes for Topics_otsu_Topic19
2024-07-02 13:23:47,630 cisTarget    INFO     Annotating motifs for Topics_otsu_Topic10
2024-07-02 13:23:47,704 cisTarget    INFO     Getting cistromes for Topics_otsu_Topic3
2024-07-02 13:23:47,971 cisTarget    INFO     Getting cistromes for Topics_otsu_Topic17
2024-07-02 13:23:48,102 cisTarget    INFO     Getting cistromes for Topics_otsu_Topic12
2024-07-02 13:23:49,050 cisTarget    INFO     Getting cistromes for Topics_otsu_Topic4
2024-07-02 13:23:49,297 cisTarget    INFO     Annotating motifs for Topics_otsu_Topic33
2024-07-02 13:23:49,327 cisTarget    INFO     Getting cistromes for Topics_otsu_Topic10
2024-07-02 13:23:49,647 cisTarget    INFO     Annotating motifs for Topics_otsu_Topic36
2024-07-02 13:23:50,334 cisTarget    INFO     Annotating motifs for Topics_otsu_Topic31
2024-07-02 13:23:51,346 cisTarget    INFO     Getting cistromes for Topics_otsu_Topic33
2024-07-02 13:23:51,962 cisTarget    INFO     Getting cistromes for Topics_otsu_Topic36
2024-07-02 13:23:52,156 cisTarget    INFO     Annotating motifs for Topics_otsu_Topic18
2024-07-02 13:23:52,674 cisTarget    INFO     Getting cistromes for Topics_otsu_Topic31
2024-07-02 13:23:54,358 cisTarget    INFO     Running cisTarget for Topics_otsu_Topic29 which has 23015 regions
2024-07-02 13:23:55,669 cisTarget    INFO     Getting cistromes for Topics_otsu_Topic18
2024-07-02 13:24:09,814 cisTarget    INFO     Annotating motifs for Topics_otsu_Topic29
2024-07-02 13:24:14,888 cisTarget    INFO     Getting cistromes for Topics_otsu_Topic29
2024-07-02 13:25:18,265 cisTarget    INFO     Reading cisTarget database
2024-07-02 13:26:22,669 cisTarget    INFO     Running cisTarget for Topics_otsu_Topic15 which has 21662 regions
2024-07-02 13:26:33,628 cisTarget    INFO     Annotating motifs for Topics_otsu_Topic15
2024-07-02 13:26:35,775 cisTarget    INFO     Getting cistromes for Topics_otsu_Topic15
2024-07-02 13:26:55,467 cisTarget    INFO     Reading cisTarget database
2024-07-02 13:28:07,922 cisTarget    INFO     Reading cisTarget database
2024-07-02 13:28:12,334 cisTarget    INFO     Running cisTarget for Topics_otsu_Topic38 which has 18566 regions
2024-07-02 13:28:24,005 cisTarget    INFO     Annotating motifs for Topics_otsu_Topic38
2024-07-02 13:28:26,862 cisTarget    INFO     Getting cistromes for Topics_otsu_Topic38
2024-07-02 13:28:53,524 cisTarget    INFO     Running cisTarget for Topics_otsu_Topic27 which has 18735 regions
2024-07-02 13:29:03,131 cisTarget    INFO     Annotating motifs for Topics_otsu_Topic27
2024-07-02 13:29:04,891 cisTarget    INFO     Getting cistromes for Topics_otsu_Topic27
2024-07-02 13:29:24,687 cisTarget    INFO     Reading cisTarget database
2024-07-02 13:29:37,604 cisTarget    INFO     Running cisTarget for Topics_otsu_Topic8 which has 9654 regions
2024-07-02 13:29:45,914 cisTarget    INFO     Annotating motifs for Topics_otsu_Topic8
2024-07-02 13:29:47,989 cisTarget    INFO     Getting cistromes for Topics_otsu_Topic8
2024-07-02 13:30:03,627 cisTarget    INFO     Reading cisTarget database
2024-07-02 13:30:04,648 cisTarget    INFO     Reading cisTarget database
2024-07-02 13:30:07,873 cisTarget    INFO     Reading cisTarget database
2024-07-02 13:30:09,349 cisTarget    INFO     Reading cisTarget database
2024-07-02 13:30:10,070 cisTarget    INFO     Running cisTarget for Topics_otsu_Topic21 which has 8072 regions
2024-07-02 13:30:10,719 cisTarget    INFO     Running cisTarget for Topics_otsu_Topic14 which has 6657 regions
2024-07-02 13:30:18,637 cisTarget    INFO     Annotating motifs for Topics_otsu_Topic14
2024-07-02 13:30:18,859 cisTarget    INFO     Annotating motifs for Topics_otsu_Topic21
2024-07-02 13:30:20,740 cisTarget    INFO     Getting cistromes for Topics_otsu_Topic14
2024-07-02 13:30:21,495 cisTarget    INFO     Getting cistromes for Topics_otsu_Topic21
2024-07-02 13:30:30,027 cisTarget    INFO     Running cisTarget for Topics_otsu_Topic13 which has 12698 regions
2024-07-02 13:30:41,012 cisTarget    INFO     Reading cisTarget database
2024-07-02 13:30:41,015 cisTarget    INFO     Reading cisTarget database
2024-07-02 13:30:41,053 cisTarget    INFO     Reading cisTarget database
2024-07-02 13:30:41,567 cisTarget    INFO     Reading cisTarget database
2024-07-02 13:30:41,782 cisTarget    INFO     Annotating motifs for Topics_otsu_Topic13
2024-07-02 13:30:42,364 cisTarget    INFO     Reading cisTarget database
2024-07-02 13:30:42,973 cisTarget    INFO     Reading cisTarget database
2024-07-02 13:30:43,259 cisTarget    INFO     Reading cisTarget database
2024-07-02 13:30:44,245 cisTarget    INFO     Reading cisTarget database
2024-07-02 13:30:44,575 cisTarget    INFO     Reading cisTarget database
2024-07-02 13:30:44,689 cisTarget    INFO     Reading cisTarget database
2024-07-02 13:30:45,309 cisTarget    INFO     Reading cisTarget database
2024-07-02 13:30:46,766 cisTarget    INFO     Getting cistromes for Topics_otsu_Topic13
2024-07-02 13:31:09,848 cisTarget    INFO     Running cisTarget for Topics_otsu_Topic9 which has 21156 regions
2024-07-02 13:31:10,050 cisTarget    INFO     Running cisTarget for Topics_otsu_Topic22 which has 8138 regions
2024-07-02 13:31:18,835 cisTarget    INFO     Annotating motifs for Topics_otsu_Topic22
2024-07-02 13:31:21,311 cisTarget    INFO     Running cisTarget for Topics_otsu_Topic2 which has 15162 regions
2024-07-02 13:31:21,540 cisTarget    INFO     Getting cistromes for Topics_otsu_Topic22
2024-07-02 13:31:21,762 cisTarget    INFO     Running cisTarget for Topics_otsu_Topic26 which has 19137 regions
2024-07-02 13:31:22,090 cisTarget    INFO     Running cisTarget for Topics_otsu_Topic1 which has 18364 regions
2024-07-02 13:31:22,851 cisTarget    INFO     Annotating motifs for Topics_otsu_Topic9
2024-07-02 13:31:26,912 cisTarget    INFO     Getting cistromes for Topics_otsu_Topic9
2024-07-02 13:31:29,906 cisTarget    INFO     Annotating motifs for Topics_otsu_Topic2
2024-07-02 13:31:31,668 cisTarget    INFO     Running cisTarget for Topics_otsu_Topic5 which has 21044 regions
2024-07-02 13:31:31,748 cisTarget    INFO     Running cisTarget for Topics_otsu_Topic24 which has 19056 regions
2024-07-02 13:31:31,756 cisTarget    INFO     Getting cistromes for Topics_otsu_Topic2
2024-07-02 13:31:33,030 cisTarget    INFO     Annotating motifs for Topics_otsu_Topic26
2024-07-02 13:31:33,093 cisTarget    INFO     Annotating motifs for Topics_otsu_Topic1
2024-07-02 13:31:35,206 cisTarget    INFO     Getting cistromes for Topics_otsu_Topic26
2024-07-02 13:31:35,449 cisTarget    INFO     Getting cistromes for Topics_otsu_Topic1
2024-07-02 13:31:36,100 cisTarget    INFO     Running cisTarget for Topics_otsu_Topic20 which has 29326 regions
2024-07-02 13:31:37,638 cisTarget    INFO     Running cisTarget for Topics_otsu_Topic32 which has 29854 regions
2024-07-02 13:31:38,131 cisTarget    INFO     Running cisTarget for Topics_otsu_Topic35 which has 26518 regions
2024-07-02 13:31:39,577 cisTarget    INFO     Running cisTarget for Topics_otsu_Topic28 which has 26227 regions
2024-07-02 13:31:40,150 cisTarget    INFO     Running cisTarget for Topics_otsu_Topic7 which has 28243 regions
2024-07-02 13:31:44,787 cisTarget    INFO     Annotating motifs for Topics_otsu_Topic5
2024-07-02 13:31:47,275 cisTarget    INFO     Annotating motifs for Topics_otsu_Topic24
2024-07-02 13:31:47,389 cisTarget    INFO     Getting cistromes for Topics_otsu_Topic5
2024-07-02 13:31:51,208 cisTarget    INFO     Annotating motifs for Topics_otsu_Topic35
2024-07-02 13:31:51,289 cisTarget    INFO     Annotating motifs for Topics_otsu_Topic28
2024-07-02 13:31:51,308 cisTarget    INFO     Annotating motifs for Topics_otsu_Topic20
2024-07-02 13:31:51,642 cisTarget    INFO     Annotating motifs for Topics_otsu_Topic7
2024-07-02 13:31:51,692 cisTarget    INFO     Getting cistromes for Topics_otsu_Topic24
2024-07-02 13:31:52,588 cisTarget    INFO     Annotating motifs for Topics_otsu_Topic32
2024-07-02 13:31:52,907 cisTarget    INFO     Getting cistromes for Topics_otsu_Topic35
2024-07-02 13:31:52,954 cisTarget    INFO     Getting cistromes for Topics_otsu_Topic28
2024-07-02 13:31:53,248 cisTarget    INFO     Getting cistromes for Topics_otsu_Topic7
2024-07-02 13:31:53,841 cisTarget    INFO     Getting cistromes for Topics_otsu_Topic20
2024-07-02 13:31:55,433 cisTarget    INFO     Getting cistromes for Topics_otsu_Topic32
2024-07-02 13:31:57,155 SCENIC+      INFO     Writing html to: /group/testa/michal.kubacki/herring/scenic_all_excitatory/ctx_results.html
2024-07-02 13:31:57,793 SCENIC+      INFO     Writing output to: /group/testa/michal.kubacki/herring/scenic_all_excitatory/ctx_results.hdf5
[Tue Jul  2 13:32:51 2024]
Finished job 9.
1 of 14 steps (7%) done
Select jobs to execute...
Execute 2 jobs...

[Tue Jul  2 13:32:51 2024]
localrule prepare_GEX_ACC_multiome:
    input: /group/testa/michal.kubacki/herring/output_hg19_all_excitatory/cistopic_obj.pkl, /group/testa/michal.kubacki/herring/output_hg19_all_excitatory/modified_adata.h5ad
    output: /group/testa/michal.kubacki/herring/scenic_all_excitatory/ACC_GEX.h5mu
    jobid: 2
    reason: Forced execution
    resources: tmpdir=/localscratch/13137488.michal.kubacki


[Tue Jul  2 13:32:52 2024]
localrule download_genome_annotations:
    output: /group/testa/michal.kubacki/herring/scenic_all_excitatory/genome_annotation.tsv, /group/testa/michal.kubacki/herring/scenic_all_excitatory/chromsizes.tsv
    jobid: 8
    reason: Forced execution
    resources: tmpdir=/localscratch/13137488.michal.kubacki

2024-07-02 13:33:58,197 SCENIC+      INFO     Reading cisTopic object.
2024-07-02 13:34:08,737 SCENIC+      INFO     Reading gene expression AnnData.
2024-07-02 13:34:21,229 Download gene annotation INFO     Using genome: GRCh38.p14
2024-07-02 13:34:21,324 Download gene annotation INFO     Found corresponding genome Id 51 on NCBI
2024-07-02 13:34:21,889 Download gene annotation INFO     Found corresponding assembly Id 11968211 on NCBI
2024-07-02 13:34:22,441 Download gene annotation INFO     Downloading assembly information from: ftp://ftp.ncbi.nlm.nih.gov/genomes/all/GCF/000/001/405/GCF_000001405.40_GRCh38.p14/GCF_000001405.40_GRCh38.p14_assembly_report.txt
2024-07-02 13:34:53,377 Download gene annotation INFO     Found following assembled molecules (chromosomes): 
	1
	2
	3
	4
	5
	6
	7
	8
	9
	10
	11
	12
	13
	14
	15
	16
	17
	18
	19
	20
	21
	22
	X
	Y
	MT
2024-07-02 13:34:53,392 Download gene annotation INFO     Converting chromosomes names to UCSC style as follows: 
	Original	UCSC
	1	chr1
	2	chr2
	3	chr3
	4	chr4
	5	chr5
	6	chr6
	7	chr7
	8	chr8
	9	chr9
	10	chr10
	11	chr11
	12	chr12
	13	chr13
	14	chr14
	15	chr15
	16	chr16
	17	chr17
	18	chr18
	19	chr19
	20	chr20
	21	chr21
	22	chr22
	X	chrX
	Y	chrY
	MT	chrM
2024-07-02 13:34:53,407 SCENIC+      INFO     Saving chromosome sizes to: /group/testa/michal.kubacki/herring/scenic_all_excitatory/chromsizes.tsv
2024-07-02 13:34:53,518 SCENIC+      INFO     Saving genome annotation to: /group/testa/michal.kubacki/herring/scenic_all_excitatory/genome_annotation.tsv
[Tue Jul  2 13:34:54 2024]
Finished job 8.
2 of 14 steps (14%) done
Select jobs to execute...
/home/michal.kubacki/miniconda3/envs/scenicplusnew/lib/python3.11/site-packages/anndata/_core/anndata.py:1906: UserWarning: Observation names are not unique. To make them unique, call `.obs_names_make_unique`.
  utils.warn_names_duplicates("obs")
2024-07-02 13:35:13,688 Ingesting multiome data INFO     Found 79 multiome cells.
2024-07-02 13:35:13,880 cisTopic     INFO     Imputing region accessibility
2024-07-02 13:35:13,880 cisTopic     INFO     Impute region accessibility for regions 0-20000
2024-07-02 13:35:13,966 cisTopic     INFO     Impute region accessibility for regions 20000-40000
2024-07-02 13:35:13,976 cisTopic     INFO     Impute region accessibility for regions 40000-60000
2024-07-02 13:35:13,984 cisTopic     INFO     Impute region accessibility for regions 60000-80000
2024-07-02 13:35:13,993 cisTopic     INFO     Impute region accessibility for regions 80000-100000
2024-07-02 13:35:14,002 cisTopic     INFO     Impute region accessibility for regions 100000-120000
2024-07-02 13:35:14,010 cisTopic     INFO     Impute region accessibility for regions 120000-140000
2024-07-02 13:35:14,019 cisTopic     INFO     Impute region accessibility for regions 140000-160000
2024-07-02 13:35:14,028 cisTopic     INFO     Impute region accessibility for regions 160000-180000
2024-07-02 13:35:14,036 cisTopic     INFO     Impute region accessibility for regions 180000-200000
2024-07-02 13:35:14,045 cisTopic     INFO     Impute region accessibility for regions 200000-220000
2024-07-02 13:35:14,054 cisTopic     INFO     Impute region accessibility for regions 220000-240000
2024-07-02 13:35:14,062 cisTopic     INFO     Impute region accessibility for regions 240000-260000
2024-07-02 13:35:14,071 cisTopic     INFO     Impute region accessibility for regions 260000-280000
2024-07-02 13:35:14,080 cisTopic     INFO     Impute region accessibility for regions 280000-300000
2024-07-02 13:35:14,089 cisTopic     INFO     Impute region accessibility for regions 300000-320000
2024-07-02 13:35:14,097 cisTopic     INFO     Impute region accessibility for regions 320000-340000
2024-07-02 13:35:14,102 cisTopic     INFO     Done!
Traceback (most recent call last):
  File "/home/michal.kubacki/miniconda3/envs/scenicplusnew/bin/scenicplus", line 33, in <module>
    sys.exit(load_entry_point('scenicplus', 'console_scripts', 'scenicplus')())
             ^^^^^^^^^^^^^^^^^^^^^^^^^^^^^^^^^^^^^^^^^^^^^^^^^^^^^^^^^^^^^^^^^
  File "/home/michal.kubacki/Downloads/scenicplus/src/scenicplus/cli/scenicplus.py", line 1137, in main
    args.func(args)
  File "/home/michal.kubacki/Downloads/scenicplus/src/scenicplus/cli/scenicplus.py", line 44, in command_prepare_GEX_ACC
    prepare_GEX_ACC(
  File "/home/michal.kubacki/Downloads/scenicplus/src/scenicplus/cli/commands.py", line 61, in prepare_GEX_ACC
    mdata = process_multiome_data(
            ^^^^^^^^^^^^^^^^^^^^^^
  File "/home/michal.kubacki/Downloads/scenicplus/src/scenicplus/data_wrangling/adata_cistopic_wrangling.py", line 47, in process_multiome_data
    X_EXP = GEX_anndata[common_cells].X.copy()
            ~~~~~~~~~~~^^^^^^^^^^^^^^
  File "/home/michal.kubacki/miniconda3/envs/scenicplusnew/lib/python3.11/site-packages/anndata/_core/anndata.py", line 1177, in __getitem__
    oidx, vidx = self._normalize_indices(index)
                 ^^^^^^^^^^^^^^^^^^^^^^^^^^^^^^
  File "/home/michal.kubacki/miniconda3/envs/scenicplusnew/lib/python3.11/site-packages/anndata/_core/anndata.py", line 1158, in _normalize_indices
    return _normalize_indices(index, self.obs_names, self.var_names)
           ^^^^^^^^^^^^^^^^^^^^^^^^^^^^^^^^^^^^^^^^^^^^^^^^^^^^^^^^^
  File "/home/michal.kubacki/miniconda3/envs/scenicplusnew/lib/python3.11/site-packages/anndata/_core/index.py", line 35, in _normalize_indices
    ax0 = _normalize_index(ax0, names0)
          ^^^^^^^^^^^^^^^^^^^^^^^^^^^^^
  File "/home/michal.kubacki/miniconda3/envs/scenicplusnew/lib/python3.11/site-packages/anndata/_core/index.py", line 98, in _normalize_index
    positions = index.get_indexer(indexer)
                ^^^^^^^^^^^^^^^^^^^^^^^^^^
  File "/home/michal.kubacki/miniconda3/envs/scenicplusnew/lib/python3.11/site-packages/pandas/core/indexes/base.py", line 3902, in get_indexer
    raise InvalidIndexError(self._requires_unique_msg)
pandas.errors.InvalidIndexError: Reindexing only valid with uniquely valued Index objects
[Tue Jul  2 13:35:15 2024]
Error in rule prepare_GEX_ACC_multiome:
    jobid: 2
    input: /group/testa/michal.kubacki/herring/output_hg19_all_excitatory/cistopic_obj.pkl, /group/testa/michal.kubacki/herring/output_hg19_all_excitatory/modified_adata.h5ad
    output: /group/testa/michal.kubacki/herring/scenic_all_excitatory/ACC_GEX.h5mu
    shell:
        
            scenicplus prepare_data prepare_GEX_ACC                 --cisTopic_obj_fname /group/testa/michal.kubacki/herring/output_hg19_all_excitatory/cistopic_obj.pkl                 --GEX_anndata_fname /group/testa/michal.kubacki/herring/output_hg19_all_excitatory/modified_adata.h5ad                 --out_file /group/testa/michal.kubacki/herring/scenic_all_excitatory/ACC_GEX.h5mu                 --bc_transform_func "lambda x: f'{x}'"
            
        (one of the commands exited with non-zero exit code; note that snakemake uses bash strict mode!)

Shutting down, this might take some time.
Exiting because a job execution failed. Look above for error message
Complete log: .snakemake/log/2024-07-02T125626.098262.snakemake.log
WorkflowError:
At least one job did not complete successfully.
slurmstepd: error: _cgroup_procs_check: failed on path /sys/fs/cgroup/memory/slurm/uid_10666/job_13137488/step_batch/cgroup.procs: No such file or directory
slurmstepd: error: unable to read '/sys/fs/cgroup/memory/slurm/uid_10666/job_13137488/step_batch/cgroup.procs'
