INFO: localdir at /localscratch/13278427.michal.kubacki
INFO: your job will run on local system.
Assuming unrestricted shared filesystem usage for local execution.
Building DAG of jobs...
Using shell: /usr/bin/bash
Provided cores: 96
Rules claiming more threads will be scaled down.
Job stats:
job                            count
---------------------------  -------
AUCell_direct                      1
AUCell_extended                    1
all                                1
download_genome_annotations        1
eGRN_direct                        1
eGRN_extended                      1
get_search_space                   1
motif_enrichment_cistarget         1
motif_enrichment_dem               1
prepare_GEX_ACC_multiome           1
prepare_menr                       1
region_to_gene                     1
scplus_mudata                      1
tf_to_gene                         1
total                             14

Select jobs to execute...
Execute 3 jobs...

[Tue Jul  9 07:08:46 2024]
localrule prepare_GEX_ACC_multiome:
    input: /group/testa/michal.kubacki/herring/output_hg19_all_excitatory/cistopic_obj.pkl, /group/testa/michal.kubacki/herring/output_hg19_all_excitatory/modified_adata.h5ad
    output: /group/testa/michal.kubacki/herring/scenic_all_excitatory/ACC_GEX.h5mu
    jobid: 2
    reason: Forced execution
    resources: tmpdir=/localscratch/13278427.michal.kubacki


[Tue Jul  9 07:08:46 2024]
localrule download_genome_annotations:
    output: /group/testa/michal.kubacki/herring/scenic_all_excitatory/genome_annotation.tsv, /group/testa/michal.kubacki/herring/scenic_all_excitatory/chromsizes.tsv
    jobid: 8
    reason: Forced execution
    resources: tmpdir=/localscratch/13278427.michal.kubacki


[Tue Jul  9 07:08:46 2024]
localrule motif_enrichment_cistarget:
    input: /group/testa/michal.kubacki/herring/output_hg19_all_excitatory/region_sets, /group/testa/michal.kubacki/herring/output_hg19_all_excitatory/cistarget_motif_dataset.regions_vs_motifs.rankings.feather, /group/testa/michal.kubacki/herring/scenic_input/motifs-v9-nr.hgnc-m0.001-o0.0.tbl
    output: /group/testa/michal.kubacki/herring/scenic_all_excitatory/ctx_results.hdf5, /group/testa/michal.kubacki/herring/scenic_all_excitatory/ctx_results.html
    jobid: 9
    reason: Forced execution
    threads: 32
    resources: tmpdir=/localscratch/13278427.michal.kubacki

2024-07-09 07:09:56,351 SCENIC+      INFO     Reading region sets from: /group/testa/michal.kubacki/herring/output_hg19_all_excitatory/region_sets
2024-07-09 07:09:56,368 SCENIC+      INFO     Reading all .bed files in: Topics_top_3k
2024-07-09 07:09:56,421 SCENIC+      INFO     Reading cisTopic object.
2024-07-09 07:09:57,593 SCENIC+      INFO     Reading all .bed files in: DARs_cell_type
2024-07-09 07:09:58,031 SCENIC+      INFO     Reading all .bed files in: Topics_otsu
2024-07-09 07:09:59,149 SCENIC+      INFO     Reading gene expression AnnData.
2024-07-09 07:10:15,053 Ingesting multiome data INFO     Found 79 multiome cells.
Traceback (most recent call last):
  File "/home/michal.kubacki/miniconda3/envs/scenicplusnew/bin/scenicplus", line 33, in <module>
    sys.exit(load_entry_point('scenicplus', 'console_scripts', 'scenicplus')())
             ^^^^^^^^^^^^^^^^^^^^^^^^^^^^^^^^^^^^^^^^^^^^^^^^^^^^^^^^^^^^^^^^^
  File "/home/michal.kubacki/Downloads/scenicplus/src/scenicplus/cli/scenicplus.py", line 1137, in main
    args.func(args)
  File "/home/michal.kubacki/Downloads/scenicplus/src/scenicplus/cli/scenicplus.py", line 44, in command_prepare_GEX_ACC
    prepare_GEX_ACC(
  File "/home/michal.kubacki/Downloads/scenicplus/src/scenicplus/cli/commands.py", line 61, in prepare_GEX_ACC
    mdata = process_multiome_data(
            ^^^^^^^^^^^^^^^^^^^^^^
  File "/home/michal.kubacki/Downloads/scenicplus/src/scenicplus/data_wrangling/adata_cistopic_wrangling.py", line 44, in process_multiome_data
    imputed_acc_obj = impute_accessibility(
                      ^^^^^^^^^^^^^^^^^^^^^
  File "/home/michal.kubacki/miniconda3/envs/scenicplusnew/lib/python3.11/site-packages/pycisTopic/diff_features.py", line 382, in impute_accessibility
    cell_topic = model.cell_topic.loc[:, cell_names]
                 ^^^^^^^^^^^^^^^^
AttributeError: 'list' object has no attribute 'cell_topic'
[Tue Jul  9 07:10:16 2024]
Error in rule prepare_GEX_ACC_multiome:
    jobid: 2
    input: /group/testa/michal.kubacki/herring/output_hg19_all_excitatory/cistopic_obj.pkl, /group/testa/michal.kubacki/herring/output_hg19_all_excitatory/modified_adata.h5ad
    output: /group/testa/michal.kubacki/herring/scenic_all_excitatory/ACC_GEX.h5mu
    shell:
        
            scenicplus prepare_data prepare_GEX_ACC                 --cisTopic_obj_fname /group/testa/michal.kubacki/herring/output_hg19_all_excitatory/cistopic_obj.pkl                 --GEX_anndata_fname /group/testa/michal.kubacki/herring/output_hg19_all_excitatory/modified_adata.h5ad                 --out_file /group/testa/michal.kubacki/herring/scenic_all_excitatory/ACC_GEX.h5mu                 --bc_transform_func "lambda x: f'{x}'"
            
        (one of the commands exited with non-zero exit code; note that snakemake uses bash strict mode!)

2024-07-09 07:10:42,146 Download gene annotation INFO     Using genome: GRCh38.p14
2024-07-09 07:10:42,245 Download gene annotation INFO     Found corresponding genome Id 51 on NCBI
2024-07-09 07:10:42,853 Download gene annotation INFO     Found corresponding assembly Id 11968211 on NCBI
2024-07-09 07:10:43,470 Download gene annotation INFO     Downloading assembly information from: ftp://ftp.ncbi.nlm.nih.gov/genomes/all/GCF/000/001/405/GCF_000001405.40_GRCh38.p14/GCF_000001405.40_GRCh38.p14_assembly_report.txt
2024-07-09 07:11:14,933 Download gene annotation INFO     Found following assembled molecules (chromosomes): 
	1
	2
	3
	4
	5
	6
	7
	8
	9
	10
	11
	12
	13
	14
	15
	16
	17
	18
	19
	20
	21
	22
	X
	Y
	MT
2024-07-09 07:11:14,980 Download gene annotation INFO     Converting chromosomes names to UCSC style as follows: 
	Original	UCSC
	1	chr1
	2	chr2
	3	chr3
	4	chr4
	5	chr5
	6	chr6
	7	chr7
	8	chr8
	9	chr9
	10	chr10
	11	chr11
	12	chr12
	13	chr13
	14	chr14
	15	chr15
	16	chr16
	17	chr17
	18	chr18
	19	chr19
	20	chr20
	21	chr21
	22	chr22
	X	chrX
	Y	chrY
	MT	chrM
2024-07-09 07:11:14,993 SCENIC+      INFO     Saving chromosome sizes to: /group/testa/michal.kubacki/herring/scenic_all_excitatory/chromsizes.tsv
2024-07-09 07:11:15,115 SCENIC+      INFO     Saving genome annotation to: /group/testa/michal.kubacki/herring/scenic_all_excitatory/genome_annotation.tsv
[Tue Jul  9 07:11:40 2024]
Finished job 8.
1 of 14 steps (7%) done
2024-07-09 07:13:42,310 cisTarget    INFO     Reading cisTarget database
2024-07-09 07:13:42,310 cisTarget    INFO     Reading cisTarget database
2024-07-09 07:13:42,340 cisTarget    INFO     Reading cisTarget database
2024-07-09 07:13:42,341 cisTarget    INFO     Reading cisTarget database
2024-07-09 07:13:42,369 cisTarget    INFO     Reading cisTarget database
2024-07-09 07:13:42,373 cisTarget    INFO     Reading cisTarget database
2024-07-09 07:13:48,676 cisTarget    INFO     Reading cisTarget database
2024-07-09 07:13:48,825 cisTarget    INFO     Reading cisTarget database
2024-07-09 07:13:49,144 cisTarget    INFO     Reading cisTarget database
2024-07-09 07:13:49,838 cisTarget    INFO     Reading cisTarget database
2024-07-09 07:13:50,099 cisTarget    INFO     Reading cisTarget database
2024-07-09 07:13:51,629 cisTarget    INFO     Reading cisTarget database
2024-07-09 07:13:51,794 cisTarget    INFO     Reading cisTarget database
2024-07-09 07:13:51,858 cisTarget    INFO     Reading cisTarget database
2024-07-09 07:13:51,908 cisTarget    INFO     Reading cisTarget database
2024-07-09 07:13:51,913 cisTarget    INFO     Reading cisTarget database
2024-07-09 07:13:51,926 cisTarget    INFO     Reading cisTarget database
2024-07-09 07:13:51,962 cisTarget    INFO     Reading cisTarget database
2024-07-09 07:13:51,970 cisTarget    INFO     Reading cisTarget database
2024-07-09 07:13:51,972 cisTarget    INFO     Reading cisTarget database
2024-07-09 07:13:51,975 cisTarget    INFO     Reading cisTarget database
2024-07-09 07:13:51,993 cisTarget    INFO     Reading cisTarget database
2024-07-09 07:13:51,993 cisTarget    INFO     Reading cisTarget database
2024-07-09 07:13:51,995 cisTarget    INFO     Reading cisTarget database
2024-07-09 07:13:51,995 cisTarget    INFO     Reading cisTarget database
2024-07-09 07:13:52,000 cisTarget    INFO     Reading cisTarget database
2024-07-09 07:13:52,003 cisTarget    INFO     Reading cisTarget database
2024-07-09 07:13:52,004 cisTarget    INFO     Reading cisTarget database
2024-07-09 07:13:52,004 cisTarget    INFO     Reading cisTarget database
2024-07-09 07:13:52,027 cisTarget    INFO     Reading cisTarget database
2024-07-09 07:13:52,037 cisTarget    INFO     Reading cisTarget database
2024-07-09 07:13:52,070 cisTarget    INFO     Reading cisTarget database
2024-07-09 07:14:38,616 cisTarget    INFO     Running cisTarget for Topics_top_3k_Topic25 which has 2999 regions
2024-07-09 07:14:38,793 cisTarget    INFO     Running cisTarget for Topics_top_3k_Topic30 which has 2994 regions
2024-07-09 07:14:38,892 cisTarget    INFO     Running cisTarget for Topics_top_3k_Topic19 which has 2994 regions
2024-07-09 07:14:38,965 cisTarget    INFO     Running cisTarget for Topics_top_3k_Topic15 which has 2994 regions
2024-07-09 07:14:39,174 cisTarget    INFO     Running cisTarget for Topics_top_3k_Topic12 which has 2986 regions
2024-07-09 07:14:39,249 cisTarget    INFO     Running cisTarget for Topics_top_3k_Topic21 which has 2984 regions
2024-07-09 07:14:39,712 cisTarget    INFO     Running cisTarget for Topics_top_3k_Topic6 which has 2991 regions
2024-07-09 07:14:39,759 cisTarget    INFO     Running cisTarget for Topics_top_3k_Topic14 which has 2994 regions
2024-07-09 07:14:39,851 cisTarget    INFO     Running cisTarget for Topics_top_3k_Topic34 which has 2992 regions
2024-07-09 07:14:39,904 cisTarget    INFO     Running cisTarget for Topics_top_3k_Topic10 which has 2998 regions
2024-07-09 07:14:40,039 cisTarget    INFO     Running cisTarget for Topics_top_3k_Topic17 which has 2992 regions
2024-07-09 07:14:40,066 cisTarget    INFO     Running cisTarget for Topics_top_3k_Topic27 which has 2996 regions
2024-07-09 07:14:40,108 cisTarget    INFO     Running cisTarget for Topics_top_3k_Topic3 which has 2992 regions
2024-07-09 07:14:40,181 cisTarget    INFO     Running cisTarget for Topics_top_3k_Topic11 which has 2997 regions
2024-07-09 07:14:40,188 cisTarget    INFO     Running cisTarget for Topics_top_3k_Topic7 which has 2998 regions
2024-07-09 07:14:40,232 cisTarget    INFO     Running cisTarget for Topics_top_3k_Topic4 which has 2992 regions
2024-07-09 07:14:40,238 cisTarget    INFO     Running cisTarget for Topics_top_3k_Topic31 which has 2992 regions
2024-07-09 07:14:40,242 cisTarget    INFO     Running cisTarget for Topics_top_3k_Topic16 which has 2988 regions
2024-07-09 07:14:40,250 cisTarget    INFO     Running cisTarget for Topics_top_3k_Topic18 which has 2999 regions
2024-07-09 07:14:40,288 cisTarget    INFO     Running cisTarget for Topics_top_3k_Topic13 which has 2987 regions
2024-07-09 07:14:40,362 cisTarget    INFO     Running cisTarget for Topics_top_3k_Topic32 which has 2995 regions
2024-07-09 07:14:40,447 cisTarget    INFO     Running cisTarget for Topics_top_3k_Topic39 which has 2980 regions
2024-07-09 07:14:40,452 cisTarget    INFO     Running cisTarget for Topics_top_3k_Topic36 which has 2990 regions
2024-07-09 07:14:40,466 cisTarget    INFO     Running cisTarget for Topics_top_3k_Topic29 which has 2994 regions
2024-07-09 07:14:40,567 cisTarget    INFO     Running cisTarget for Topics_top_3k_Topic33 which has 2992 regions
2024-07-09 07:14:40,575 cisTarget    INFO     Running cisTarget for Topics_top_3k_Topic40 which has 2992 regions
2024-07-09 07:14:40,948 cisTarget    INFO     Running cisTarget for Topics_top_3k_Topic38 which has 2988 regions
2024-07-09 07:14:41,976 cisTarget    INFO     Running cisTarget for Topics_top_3k_Topic8 which has 2988 regions
2024-07-09 07:14:42,083 cisTarget    INFO     Running cisTarget for Topics_top_3k_Topic23 which has 2987 regions
2024-07-09 07:14:42,106 cisTarget    INFO     Running cisTarget for Topics_top_3k_Topic28 which has 2991 regions
2024-07-09 07:14:42,390 cisTarget    INFO     Running cisTarget for Topics_top_3k_Topic5 which has 2983 regions
2024-07-09 07:14:46,407 cisTarget    INFO     Running cisTarget for Topics_top_3k_Topic37 which has 2994 regions
2024-07-09 07:14:53,896 cisTarget    INFO     Annotating motifs for Topics_top_3k_Topic21
2024-07-09 07:14:54,055 cisTarget    INFO     Annotating motifs for Topics_top_3k_Topic36
2024-07-09 07:14:54,290 cisTarget    INFO     Annotating motifs for Topics_top_3k_Topic18
2024-07-09 07:14:54,368 cisTarget    INFO     Annotating motifs for Topics_top_3k_Topic14
2024-07-09 07:14:54,849 cisTarget    INFO     Annotating motifs for Topics_top_3k_Topic16
2024-07-09 07:14:54,889 cisTarget    INFO     Annotating motifs for Topics_top_3k_Topic6
2024-07-09 07:14:55,177 cisTarget    INFO     Annotating motifs for Topics_top_3k_Topic30
2024-07-09 07:14:55,611 cisTarget    INFO     Annotating motifs for Topics_top_3k_Topic4
2024-07-09 07:14:55,619 cisTarget    INFO     Annotating motifs for Topics_top_3k_Topic3
2024-07-09 07:14:55,885 cisTarget    INFO     Annotating motifs for Topics_top_3k_Topic12
2024-07-09 07:14:55,925 cisTarget    INFO     Annotating motifs for Topics_top_3k_Topic29
2024-07-09 07:14:55,931 cisTarget    INFO     Annotating motifs for Topics_top_3k_Topic25
2024-07-09 07:14:56,400 cisTarget    INFO     Getting cistromes for Topics_top_3k_Topic36
2024-07-09 07:14:56,480 cisTarget    INFO     Getting cistromes for Topics_top_3k_Topic18
2024-07-09 07:14:56,555 cisTarget    INFO     Getting cistromes for Topics_top_3k_Topic14
2024-07-09 07:14:56,590 cisTarget    INFO     Annotating motifs for Topics_top_3k_Topic8
2024-07-09 07:14:56,834 cisTarget    INFO     Reading cisTarget database
2024-07-09 07:14:56,835 cisTarget    INFO     Getting cistromes for Topics_top_3k_Topic16
2024-07-09 07:14:56,893 cisTarget    INFO     Getting cistromes for Topics_top_3k_Topic21
2024-07-09 07:14:56,956 cisTarget    INFO     Annotating motifs for Topics_top_3k_Topic13
2024-07-09 07:14:56,966 cisTarget    INFO     Annotating motifs for Topics_top_3k_Topic28
2024-07-09 07:14:56,973 cisTarget    INFO     Reading cisTarget database
2024-07-09 07:14:57,055 cisTarget    INFO     Getting cistromes for Topics_top_3k_Topic6
2024-07-09 07:14:57,097 cisTarget    INFO     Reading cisTarget database
2024-07-09 07:14:57,177 cisTarget    INFO     Annotating motifs for Topics_top_3k_Topic5
2024-07-09 07:14:57,265 cisTarget    INFO     Reading cisTarget database
2024-07-09 07:14:57,270 cisTarget    INFO     Annotating motifs for Topics_top_3k_Topic32
2024-07-09 07:14:57,337 cisTarget    INFO     Annotating motifs for Topics_top_3k_Topic23
2024-07-09 07:14:57,495 cisTarget    INFO     Annotating motifs for Topics_top_3k_Topic33
2024-07-09 07:14:57,523 cisTarget    INFO     Getting cistromes for Topics_top_3k_Topic3
2024-07-09 07:14:57,634 cisTarget    INFO     Getting cistromes for Topics_top_3k_Topic4
2024-07-09 07:14:57,686 cisTarget    INFO     Reading cisTarget database
2024-07-09 07:14:57,779 cisTarget    INFO     Getting cistromes for Topics_top_3k_Topic29
2024-07-09 07:14:57,874 cisTarget    INFO     Reading cisTarget database
2024-07-09 07:14:57,923 cisTarget    INFO     Getting cistromes for Topics_top_3k_Topic30
2024-07-09 07:14:57,966 cisTarget    INFO     Annotating motifs for Topics_top_3k_Topic11
2024-07-09 07:14:57,983 cisTarget    INFO     Annotating motifs for Topics_top_3k_Topic27
2024-07-09 07:14:58,013 cisTarget    INFO     Annotating motifs for Topics_top_3k_Topic15
2024-07-09 07:14:58,056 cisTarget    INFO     Annotating motifs for Topics_top_3k_Topic7
2024-07-09 07:14:58,122 cisTarget    INFO     Reading cisTarget database
2024-07-09 07:14:58,124 cisTarget    INFO     Annotating motifs for Topics_top_3k_Topic17
2024-07-09 07:14:58,210 cisTarget    INFO     Reading cisTarget database
2024-07-09 07:14:58,263 cisTarget    INFO     Annotating motifs for Topics_top_3k_Topic31
2024-07-09 07:14:58,280 cisTarget    INFO     Annotating motifs for Topics_top_3k_Topic10
2024-07-09 07:14:58,329 cisTarget    INFO     Reading cisTarget database
2024-07-09 07:14:58,341 cisTarget    INFO     Getting cistromes for Topics_top_3k_Topic8
2024-07-09 07:14:58,352 cisTarget    INFO     Annotating motifs for Topics_top_3k_Topic39
2024-07-09 07:14:58,473 cisTarget    INFO     Annotating motifs for Topics_top_3k_Topic38
2024-07-09 07:14:58,539 cisTarget    INFO     Annotating motifs for Topics_top_3k_Topic37
2024-07-09 07:14:58,568 cisTarget    INFO     Annotating motifs for Topics_top_3k_Topic19
2024-07-09 07:14:58,693 cisTarget    INFO     Getting cistromes for Topics_top_3k_Topic28
2024-07-09 07:14:58,801 cisTarget    INFO     Reading cisTarget database
2024-07-09 07:14:58,844 cisTarget    INFO     Getting cistromes for Topics_top_3k_Topic13
2024-07-09 07:14:58,905 cisTarget    INFO     Getting cistromes for Topics_top_3k_Topic5
2024-07-09 07:14:59,075 cisTarget    INFO     Getting cistromes for Topics_top_3k_Topic12
2024-07-09 07:14:59,077 cisTarget    INFO     Getting cistromes for Topics_top_3k_Topic23
2024-07-09 07:14:59,082 cisTarget    INFO     Reading cisTarget database
2024-07-09 07:14:59,146 cisTarget    INFO     Getting cistromes for Topics_top_3k_Topic25
2024-07-09 07:14:59,198 cisTarget    INFO     Getting cistromes for Topics_top_3k_Topic32
2024-07-09 07:14:59,259 cisTarget    INFO     Reading cisTarget database
2024-07-09 07:14:59,359 cisTarget    INFO     Getting cistromes for Topics_top_3k_Topic33
2024-07-09 07:14:59,461 cisTarget    INFO     Reading cisTarget database
2024-07-09 07:14:59,690 cisTarget    INFO     Annotating motifs for Topics_top_3k_Topic34
2024-07-09 07:14:59,732 cisTarget    INFO     Reading cisTarget database
2024-07-09 07:14:59,814 cisTarget    INFO     Getting cistromes for Topics_top_3k_Topic11
2024-07-09 07:14:59,833 cisTarget    INFO     Reading cisTarget database
2024-07-09 07:14:59,862 cisTarget    INFO     Reading cisTarget database
2024-07-09 07:14:59,986 cisTarget    INFO     Reading cisTarget database
2024-07-09 07:15:00,030 cisTarget    INFO     Getting cistromes for Topics_top_3k_Topic7
2024-07-09 07:15:00,056 cisTarget    INFO     Getting cistromes for Topics_top_3k_Topic17
2024-07-09 07:15:00,141 cisTarget    INFO     Getting cistromes for Topics_top_3k_Topic27
2024-07-09 07:15:00,255 cisTarget    INFO     Getting cistromes for Topics_top_3k_Topic31
2024-07-09 07:15:00,283 cisTarget    INFO     Annotating motifs for Topics_top_3k_Topic40
2024-07-09 07:15:00,328 cisTarget    INFO     Reading cisTarget database
2024-07-09 07:15:00,333 cisTarget    INFO     Getting cistromes for Topics_top_3k_Topic38
2024-07-09 07:15:00,347 cisTarget    INFO     Getting cistromes for Topics_top_3k_Topic37
2024-07-09 07:15:00,494 cisTarget    INFO     Getting cistromes for Topics_top_3k_Topic10
2024-07-09 07:15:00,580 cisTarget    INFO     Getting cistromes for Topics_top_3k_Topic39
2024-07-09 07:15:00,704 cisTarget    INFO     Reading cisTarget database
2024-07-09 07:15:00,783 cisTarget    INFO     Reading cisTarget database
2024-07-09 07:15:00,853 cisTarget    INFO     Reading cisTarget database
2024-07-09 07:15:01,221 cisTarget    INFO     Reading cisTarget database
2024-07-09 07:15:01,224 cisTarget    INFO     Reading cisTarget database
2024-07-09 07:15:01,226 cisTarget    INFO     Reading cisTarget database
2024-07-09 07:15:01,388 cisTarget    INFO     Getting cistromes for Topics_top_3k_Topic19
2024-07-09 07:15:01,561 cisTarget    INFO     Reading cisTarget database
2024-07-09 07:15:01,719 cisTarget    INFO     Reading cisTarget database
2024-07-09 07:15:01,883 cisTarget    INFO     Getting cistromes for Topics_top_3k_Topic34
2024-07-09 07:15:02,087 cisTarget    INFO     Reading cisTarget database
2024-07-09 07:15:02,198 cisTarget    INFO     Reading cisTarget database
2024-07-09 07:15:02,286 cisTarget    INFO     Getting cistromes for Topics_top_3k_Topic15
2024-07-09 07:15:02,489 cisTarget    INFO     Getting cistromes for Topics_top_3k_Topic40
2024-07-09 07:15:02,874 cisTarget    INFO     Reading cisTarget database
2024-07-09 07:15:03,265 cisTarget    INFO     Reading cisTarget database
2024-07-09 07:15:03,513 cisTarget    INFO     Reading cisTarget database
2024-07-09 07:15:05,921 cisTarget    INFO     Reading cisTarget database
2024-07-09 07:15:14,349 cisTarget    INFO     Running cisTarget for Topics_top_3k_Topic22 which has 2999 regions
2024-07-09 07:15:19,220 cisTarget    INFO     Annotating motifs for Topics_top_3k_Topic22
2024-07-09 07:15:21,518 cisTarget    INFO     Getting cistromes for Topics_top_3k_Topic22
2024-07-09 07:15:22,744 cisTarget    INFO     Reading cisTarget database
2024-07-09 07:15:25,946 cisTarget    INFO     Running cisTarget for Topics_top_3k_Topic24 which has 2996 regions
2024-07-09 07:15:25,999 cisTarget    INFO     Running cisTarget for Topics_top_3k_Topic35 which has 2995 regions
2024-07-09 07:15:29,337 cisTarget    INFO     Running cisTarget for Topics_top_3k_Topic20 which has 2991 regions
2024-07-09 07:15:30,111 cisTarget    INFO     Running cisTarget for Topics_top_3k_Topic2 which has 2993 regions
2024-07-09 07:15:30,226 cisTarget    INFO     Annotating motifs for Topics_top_3k_Topic24
2024-07-09 07:15:30,350 cisTarget    INFO     Annotating motifs for Topics_top_3k_Topic35
2024-07-09 07:15:30,454 cisTarget    INFO     Running cisTarget for Topics_top_3k_Topic9 which has 2993 regions
2024-07-09 07:15:32,039 cisTarget    INFO     Getting cistromes for Topics_top_3k_Topic24
2024-07-09 07:15:32,165 cisTarget    INFO     Getting cistromes for Topics_top_3k_Topic35
2024-07-09 07:15:32,437 cisTarget    INFO     Reading cisTarget database
2024-07-09 07:15:32,547 cisTarget    INFO     Reading cisTarget database
2024-07-09 07:15:33,366 cisTarget    INFO     Annotating motifs for Topics_top_3k_Topic20
2024-07-09 07:15:35,073 cisTarget    INFO     Getting cistromes for Topics_top_3k_Topic20
2024-07-09 07:15:35,243 cisTarget    INFO     Reading cisTarget database
2024-07-09 07:15:35,351 cisTarget    INFO     Annotating motifs for Topics_top_3k_Topic9
2024-07-09 07:15:35,853 cisTarget    INFO     Running cisTarget for Topics_otsu_Topic25 which has 7356 regions
2024-07-09 07:15:36,047 cisTarget    INFO     Annotating motifs for Topics_top_3k_Topic2
2024-07-09 07:15:36,189 cisTarget    INFO     Running cisTarget for Topics_top_3k_Topic1 which has 2999 regions
2024-07-09 07:15:37,206 cisTarget    INFO     Getting cistromes for Topics_top_3k_Topic9
2024-07-09 07:15:37,464 cisTarget    INFO     Reading cisTarget database
2024-07-09 07:15:38,473 cisTarget    INFO     Getting cistromes for Topics_top_3k_Topic2
2024-07-09 07:15:38,836 cisTarget    INFO     Running cisTarget for Topics_top_3k_Topic26 which has 2997 regions
2024-07-09 07:15:39,771 cisTarget    INFO     Annotating motifs for Topics_top_3k_Topic1
2024-07-09 07:15:39,777 cisTarget    INFO     Reading cisTarget database
2024-07-09 07:15:41,471 cisTarget    INFO     Getting cistromes for Topics_top_3k_Topic1
2024-07-09 07:15:41,682 cisTarget    INFO     Reading cisTarget database
2024-07-09 07:15:42,721 cisTarget    INFO     Annotating motifs for Topics_top_3k_Topic26
2024-07-09 07:15:43,769 cisTarget    INFO     Annotating motifs for Topics_otsu_Topic25
2024-07-09 07:15:44,383 cisTarget    INFO     Getting cistromes for Topics_top_3k_Topic26
2024-07-09 07:15:44,459 cisTarget    INFO     Reading cisTarget database
2024-07-09 07:15:50,059 cisTarget    INFO     Getting cistromes for Topics_otsu_Topic25
2024-07-09 07:15:56,273 cisTarget    INFO     Running cisTarget for Topics_otsu_Topic15 which has 6633 regions
/home/michal.kubacki/miniconda3/envs/scenicplusnew/lib/python3.11/site-packages/joblib/externals/loky/process_executor.py:752: UserWarning: A worker stopped while some jobs were given to the executor. This can be caused by a too short worker timeout or by a memory leak.
  warnings.warn(
2024-07-09 07:15:58,191 cisTarget    INFO     Running cisTarget for DARs_cell_type_PN_dev which has 5708 regions
2024-07-09 07:16:01,371 cisTarget    INFO     Running cisTarget for Topics_otsu_Topic6 which has 9329 regions
2024-07-09 07:16:02,181 cisTarget    INFO     Running cisTarget for DARs_cell_type_L5-6_TLE4 which has 11461 regions
2024-07-09 07:16:02,250 cisTarget    INFO     Running cisTarget for DARs_cell_type_L5-6_THEMIS which has 9040 regions
2024-07-09 07:16:02,379 cisTarget    INFO     Running cisTarget for DARs_cell_type_VIP which has 14101 regions
2024-07-09 07:16:02,514 cisTarget    INFO     Running cisTarget for DARs_cell_type_MGE_dev which has 12243 regions
2024-07-09 07:16:02,572 cisTarget    INFO     Running cisTarget for DARs_cell_type_SST which has 14369 regions
2024-07-09 07:16:03,211 cisTarget    INFO     Running cisTarget for DARs_cell_type_L4_RORB which has 10103 regions
2024-07-09 07:16:03,318 cisTarget    INFO     Annotating motifs for DARs_cell_type_PN_dev
2024-07-09 07:16:04,714 cisTarget    INFO     Annotating motifs for Topics_otsu_Topic15
2024-07-09 07:16:05,324 cisTarget    INFO     Getting cistromes for DARs_cell_type_PN_dev
2024-07-09 07:16:07,324 cisTarget    INFO     Annotating motifs for DARs_cell_type_L5-6_THEMIS
2024-07-09 07:16:07,855 cisTarget    INFO     Annotating motifs for DARs_cell_type_L5-6_TLE4
2024-07-09 07:16:08,980 cisTarget    INFO     Annotating motifs for DARs_cell_type_L4_RORB
2024-07-09 07:16:09,039 cisTarget    INFO     Getting cistromes for DARs_cell_type_L5-6_THEMIS
2024-07-09 07:16:09,190 cisTarget    INFO     Annotating motifs for Topics_otsu_Topic6
2024-07-09 07:16:09,658 cisTarget    INFO     Getting cistromes for DARs_cell_type_L5-6_TLE4
2024-07-09 07:16:10,298 cisTarget    INFO     Running cisTarget for Topics_otsu_Topic30 which has 13484 regions
2024-07-09 07:16:10,504 cisTarget    INFO     Annotating motifs for DARs_cell_type_SST
2024-07-09 07:16:10,557 cisTarget    INFO     Annotating motifs for DARs_cell_type_VIP
2024-07-09 07:16:10,878 cisTarget    INFO     Getting cistromes for DARs_cell_type_L4_RORB
2024-07-09 07:16:10,888 cisTarget    INFO     Annotating motifs for DARs_cell_type_MGE_dev
2024-07-09 07:16:11,522 cisTarget    INFO     Getting cistromes for Topics_otsu_Topic15
2024-07-09 07:16:12,027 cisTarget    INFO     Getting cistromes for Topics_otsu_Topic6
2024-07-09 07:16:12,944 cisTarget    INFO     Running cisTarget for Topics_otsu_Topic27 which has 11678 regions
2024-07-09 07:16:12,947 cisTarget    INFO     Getting cistromes for DARs_cell_type_SST
2024-07-09 07:16:13,344 cisTarget    INFO     Getting cistromes for DARs_cell_type_VIP
2024-07-09 07:16:13,907 cisTarget    INFO     Getting cistromes for DARs_cell_type_MGE_dev
2024-07-09 07:16:14,507 cisTarget    INFO     Running cisTarget for DARs_cell_type_L2-3_CUX2 which has 14766 regions
2024-07-09 07:16:15,079 cisTarget    INFO     Running cisTarget for Topics_otsu_Topic39 which has 9731 regions
2024-07-09 07:16:15,102 cisTarget    INFO     Running cisTarget for Topics_otsu_Topic19 which has 13647 regions
2024-07-09 07:16:19,088 cisTarget    INFO     Running cisTarget for Topics_otsu_Topic34 which has 18499 regions
2024-07-09 07:16:19,517 cisTarget    INFO     Running cisTarget for Topics_otsu_Topic12 which has 12295 regions
2024-07-09 07:16:20,930 cisTarget    INFO     Annotating motifs for DARs_cell_type_L2-3_CUX2
2024-07-09 07:16:21,042 cisTarget    INFO     Annotating motifs for Topics_otsu_Topic27
2024-07-09 07:16:21,551 cisTarget    INFO     Annotating motifs for Topics_otsu_Topic30
2024-07-09 07:16:22,732 cisTarget    INFO     Getting cistromes for DARs_cell_type_L2-3_CUX2
2024-07-09 07:16:23,274 cisTarget    INFO     Annotating motifs for Topics_otsu_Topic39
2024-07-09 07:16:23,713 cisTarget    INFO     Getting cistromes for Topics_otsu_Topic27
2024-07-09 07:16:24,744 cisTarget    INFO     Running cisTarget for Topics_otsu_Topic33 which has 15905 regions
2024-07-09 07:16:24,928 cisTarget    INFO     Running cisTarget for Topics_otsu_Topic10 which has 19798 regions
2024-07-09 07:16:25,352 cisTarget    INFO     Running cisTarget for Topics_otsu_Topic18 which has 28348 regions
2024-07-09 07:16:25,468 cisTarget    INFO     Running cisTarget for Topics_otsu_Topic3 which has 18042 regions
2024-07-09 07:16:25,648 cisTarget    INFO     Running cisTarget for Topics_otsu_Topic29 which has 19952 regions
2024-07-09 07:16:25,757 cisTarget    INFO     Running cisTarget for Topics_otsu_Topic11 which has 22023 regions
2024-07-09 07:16:26,309 cisTarget    INFO     Running cisTarget for Topics_otsu_Topic16 which has 26576 regions
2024-07-09 07:16:26,329 cisTarget    INFO     Running cisTarget for Topics_otsu_Topic38 which has 22870 regions
2024-07-09 07:16:26,556 cisTarget    INFO     Running cisTarget for Topics_otsu_Topic17 which has 26397 regions
2024-07-09 07:16:26,569 cisTarget    INFO     Running cisTarget for Topics_otsu_Topic31 which has 26964 regions
2024-07-09 07:16:26,808 cisTarget    INFO     Running cisTarget for Topics_otsu_Topic4 which has 27503 regions
2024-07-09 07:16:26,897 cisTarget    INFO     Running cisTarget for Topics_otsu_Topic40 which has 20773 regions
2024-07-09 07:16:27,119 cisTarget    INFO     Running cisTarget for Topics_otsu_Topic23 which has 26306 regions
2024-07-09 07:16:27,207 cisTarget    INFO     Running cisTarget for Topics_otsu_Topic36 which has 27073 regions
2024-07-09 07:16:27,271 cisTarget    INFO     Getting cistromes for Topics_otsu_Topic39
2024-07-09 07:16:27,632 cisTarget    INFO     Annotating motifs for Topics_otsu_Topic19
2024-07-09 07:16:28,630 cisTarget    INFO     Running cisTarget for Topics_otsu_Topic37 which has 29928 regions
2024-07-09 07:16:28,649 cisTarget    INFO     Getting cistromes for Topics_otsu_Topic30
2024-07-09 07:16:30,919 cisTarget    INFO     Annotating motifs for Topics_otsu_Topic34
2024-07-09 07:16:31,691 cisTarget    INFO     Annotating motifs for Topics_otsu_Topic12
2024-07-09 07:16:33,947 cisTarget    INFO     Reading cisTarget database
2024-07-09 07:16:34,622 cisTarget    INFO     Getting cistromes for Topics_otsu_Topic19
2024-07-09 07:16:35,265 cisTarget    INFO     Getting cistromes for Topics_otsu_Topic34
2024-07-09 07:16:37,831 cisTarget    INFO     Getting cistromes for Topics_otsu_Topic12
2024-07-09 07:16:38,142 cisTarget    INFO     Annotating motifs for Topics_otsu_Topic29
2024-07-09 07:16:38,956 cisTarget    INFO     Annotating motifs for Topics_otsu_Topic33
2024-07-09 07:16:40,632 cisTarget    INFO     Getting cistromes for Topics_otsu_Topic29
2024-07-09 07:16:41,035 cisTarget    INFO     Annotating motifs for Topics_otsu_Topic36
2024-07-09 07:16:41,314 cisTarget    INFO     Annotating motifs for Topics_otsu_Topic3
2024-07-09 07:16:41,524 cisTarget    INFO     Annotating motifs for Topics_otsu_Topic18
2024-07-09 07:16:42,248 cisTarget    INFO     Annotating motifs for Topics_otsu_Topic17
2024-07-09 07:16:42,351 cisTarget    INFO     Getting cistromes for Topics_otsu_Topic33
2024-07-09 07:16:42,360 cisTarget    INFO     Annotating motifs for Topics_otsu_Topic38
2024-07-09 07:16:42,546 cisTarget    INFO     Annotating motifs for Topics_otsu_Topic10
2024-07-09 07:16:42,774 cisTarget    INFO     Getting cistromes for Topics_otsu_Topic36
2024-07-09 07:16:42,776 cisTarget    INFO     Annotating motifs for Topics_otsu_Topic23
2024-07-09 07:16:43,099 cisTarget    INFO     Annotating motifs for Topics_otsu_Topic4
2024-07-09 07:16:43,228 cisTarget    INFO     Annotating motifs for Topics_otsu_Topic11
2024-07-09 07:16:43,263 cisTarget    INFO     Annotating motifs for Topics_otsu_Topic37
2024-07-09 07:16:43,383 cisTarget    INFO     Getting cistromes for Topics_otsu_Topic3
2024-07-09 07:16:44,101 cisTarget    INFO     Getting cistromes for Topics_otsu_Topic18
2024-07-09 07:16:44,408 cisTarget    INFO     Annotating motifs for Topics_otsu_Topic31
2024-07-09 07:16:44,473 cisTarget    INFO     Getting cistromes for Topics_otsu_Topic38
2024-07-09 07:16:44,865 cisTarget    INFO     Getting cistromes for Topics_otsu_Topic23
2024-07-09 07:16:44,941 cisTarget    INFO     Getting cistromes for Topics_otsu_Topic37
2024-07-09 07:16:44,970 cisTarget    INFO     Annotating motifs for Topics_otsu_Topic16
2024-07-09 07:16:45,094 cisTarget    INFO     Getting cistromes for Topics_otsu_Topic17
2024-07-09 07:16:45,379 cisTarget    INFO     Getting cistromes for Topics_otsu_Topic11
2024-07-09 07:16:45,469 cisTarget    INFO     Annotating motifs for Topics_otsu_Topic40
2024-07-09 07:16:45,888 cisTarget    INFO     Getting cistromes for Topics_otsu_Topic4
2024-07-09 07:16:47,075 cisTarget    INFO     Getting cistromes for Topics_otsu_Topic10
2024-07-09 07:16:47,222 cisTarget    INFO     Getting cistromes for Topics_otsu_Topic16
2024-07-09 07:16:48,131 cisTarget    INFO     Getting cistromes for Topics_otsu_Topic31
2024-07-09 07:16:48,554 cisTarget    INFO     Getting cistromes for Topics_otsu_Topic40
2024-07-09 07:17:01,139 cisTarget    INFO     Running cisTarget for Topics_otsu_Topic8 which has 26685 regions
2024-07-09 07:17:12,830 cisTarget    INFO     Annotating motifs for Topics_otsu_Topic8
2024-07-09 07:17:14,472 cisTarget    INFO     Getting cistromes for Topics_otsu_Topic8
2024-07-09 07:17:14,868 cisTarget    INFO     Reading cisTarget database
2024-07-09 07:17:20,947 cisTarget    INFO     Running cisTarget for Topics_otsu_Topic24 which has 7481 regions
2024-07-09 07:17:26,719 cisTarget    INFO     Annotating motifs for Topics_otsu_Topic24
2024-07-09 07:17:29,222 cisTarget    INFO     Getting cistromes for Topics_otsu_Topic24
2024-07-09 07:17:52,287 cisTarget    INFO     Reading cisTarget database
2024-07-09 07:18:04,953 cisTarget    INFO     Running cisTarget for Topics_otsu_Topic21 which has 17742 regions
2024-07-09 07:18:11,285 cisTarget    INFO     Reading cisTarget database
2024-07-09 07:18:14,395 cisTarget    INFO     Annotating motifs for Topics_otsu_Topic21
2024-07-09 07:18:16,468 cisTarget    INFO     Getting cistromes for Topics_otsu_Topic21
2024-07-09 07:18:16,694 cisTarget    INFO     Reading cisTarget database
2024-07-09 07:18:18,471 cisTarget    INFO     Running cisTarget for Topics_otsu_Topic14 which has 11900 regions
2024-07-09 07:18:20,722 cisTarget    INFO     Reading cisTarget database
2024-07-09 07:18:24,841 cisTarget    INFO     Reading cisTarget database
2024-07-09 07:18:25,084 cisTarget    INFO     Running cisTarget for Topics_otsu_Topic13 which has 13297 regions
2024-07-09 07:18:27,643 cisTarget    INFO     Annotating motifs for Topics_otsu_Topic14
2024-07-09 07:18:28,039 cisTarget    INFO     Reading cisTarget database
2024-07-09 07:18:29,508 cisTarget    INFO     Running cisTarget for Topics_otsu_Topic7 which has 12249 regions
2024-07-09 07:18:29,762 cisTarget    INFO     Reading cisTarget database
2024-07-09 07:18:30,211 cisTarget    INFO     Getting cistromes for Topics_otsu_Topic14
2024-07-09 07:18:31,858 cisTarget    INFO     Reading cisTarget database
2024-07-09 07:18:33,006 cisTarget    INFO     Reading cisTarget database
2024-07-09 07:18:34,328 cisTarget    INFO     Reading cisTarget database
2024-07-09 07:18:35,028 cisTarget    INFO     Reading cisTarget database
2024-07-09 07:18:35,275 cisTarget    INFO     Annotating motifs for Topics_otsu_Topic13
2024-07-09 07:18:35,699 cisTarget    INFO     Reading cisTarget database
2024-07-09 07:18:36,646 cisTarget    INFO     Reading cisTarget database
2024-07-09 07:18:37,001 cisTarget    INFO     Reading cisTarget database
2024-07-09 07:18:37,627 cisTarget    INFO     Getting cistromes for Topics_otsu_Topic13
2024-07-09 07:18:38,808 cisTarget    INFO     Running cisTarget for Topics_otsu_Topic32 which has 20759 regions
2024-07-09 07:18:39,109 cisTarget    INFO     Running cisTarget for Topics_otsu_Topic22 which has 7321 regions
2024-07-09 07:18:39,306 cisTarget    INFO     Annotating motifs for Topics_otsu_Topic7
2024-07-09 07:18:40,783 cisTarget    INFO     Running cisTarget for Topics_otsu_Topic9 which has 14181 regions
2024-07-09 07:18:41,462 cisTarget    INFO     Running cisTarget for Topics_otsu_Topic35 which has 6319 regions
2024-07-09 07:18:41,727 cisTarget    INFO     Getting cistromes for Topics_otsu_Topic7
2024-07-09 07:18:44,176 cisTarget    INFO     Running cisTarget for Topics_otsu_Topic5 which has 29423 regions
2024-07-09 07:18:44,502 cisTarget    INFO     Running cisTarget for Topics_otsu_Topic20 which has 23786 regions
2024-07-09 07:18:45,196 cisTarget    INFO     Running cisTarget for Topics_otsu_Topic28 which has 25408 regions
2024-07-09 07:18:45,256 cisTarget    INFO     Running cisTarget for Topics_otsu_Topic2 which has 16494 regions
2024-07-09 07:18:45,722 cisTarget    INFO     Running cisTarget for Topics_otsu_Topic1 which has 21919 regions
2024-07-09 07:18:49,530 cisTarget    INFO     Annotating motifs for Topics_otsu_Topic22
2024-07-09 07:18:50,747 cisTarget    INFO     Running cisTarget for Topics_otsu_Topic26 which has 19698 regions
2024-07-09 07:18:50,911 cisTarget    INFO     Annotating motifs for Topics_otsu_Topic32
2024-07-09 07:18:51,662 cisTarget    INFO     Annotating motifs for Topics_otsu_Topic35
2024-07-09 07:18:52,550 cisTarget    INFO     Annotating motifs for Topics_otsu_Topic9
2024-07-09 07:18:52,710 cisTarget    INFO     Getting cistromes for Topics_otsu_Topic22
2024-07-09 07:18:52,977 cisTarget    INFO     Getting cistromes for Topics_otsu_Topic32
2024-07-09 07:18:53,941 cisTarget    INFO     Getting cistromes for Topics_otsu_Topic35
2024-07-09 07:18:55,408 cisTarget    INFO     Getting cistromes for Topics_otsu_Topic9
2024-07-09 07:18:56,735 cisTarget    INFO     Annotating motifs for Topics_otsu_Topic28
2024-07-09 07:18:57,746 cisTarget    INFO     Annotating motifs for Topics_otsu_Topic1
2024-07-09 07:18:57,851 cisTarget    INFO     Annotating motifs for Topics_otsu_Topic2
2024-07-09 07:18:58,166 cisTarget    INFO     Annotating motifs for Topics_otsu_Topic5
2024-07-09 07:18:58,428 cisTarget    INFO     Getting cistromes for Topics_otsu_Topic28
2024-07-09 07:18:59,543 cisTarget    INFO     Annotating motifs for Topics_otsu_Topic20
2024-07-09 07:18:59,924 cisTarget    INFO     Getting cistromes for Topics_otsu_Topic5
2024-07-09 07:19:00,080 cisTarget    INFO     Getting cistromes for Topics_otsu_Topic1
2024-07-09 07:19:00,562 cisTarget    INFO     Annotating motifs for Topics_otsu_Topic26
2024-07-09 07:19:01,779 cisTarget    INFO     Getting cistromes for Topics_otsu_Topic2
2024-07-09 07:19:02,276 cisTarget    INFO     Getting cistromes for Topics_otsu_Topic26
2024-07-09 07:19:02,310 cisTarget    INFO     Getting cistromes for Topics_otsu_Topic20
2024-07-09 07:19:05,047 SCENIC+      INFO     Writing html to: /group/testa/michal.kubacki/herring/scenic_all_excitatory/ctx_results.html
2024-07-09 07:19:05,661 SCENIC+      INFO     Writing output to: /group/testa/michal.kubacki/herring/scenic_all_excitatory/ctx_results.hdf5
[Tue Jul  9 07:19:48 2024]
Finished job 9.
2 of 14 steps (14%) done
Shutting down, this might take some time.
Exiting because a job execution failed. Look above for error message
Complete log: .snakemake/log/2024-07-09T070845.385140.snakemake.log
WorkflowError:
At least one job did not complete successfully.
slurmstepd: error: _cgroup_procs_check: failed on path /sys/fs/cgroup/memory/slurm/uid_10666/job_13278427/step_batch/cgroup.procs: No such file or directory
slurmstepd: error: unable to read '/sys/fs/cgroup/memory/slurm/uid_10666/job_13278427/step_batch/cgroup.procs'
