INFO: localdir at /localscratch/13683908.michal.kubacki
INFO: your job will run on local system.
/home/michal.kubacki/.conda/envs/scenicplus/lib/python3.11/site-packages/anndata/_core/anndata.py:1906: UserWarning: Observation names are not unique. To make them unique, call `.obs_names_make_unique`.
  utils.warn_names_duplicates("obs")
/home/michal.kubacki/.conda/envs/scenicplus/lib/python3.11/site-packages/scanpy/preprocessing/_simple.py:641: UserWarning: Received a view of an AnnData. Making a copy.
  view_to_actual(adata)
/home/michal.kubacki/.conda/envs/scenicplus/lib/python3.11/site-packages/anndata/_core/anndata.py:1906: UserWarning: Observation names are not unique. To make them unique, call `.obs_names_make_unique`.
  utils.warn_names_duplicates("obs")
root_dir: /group/testa/michal.kubacki/herring
out_dir: /group/testa/michal.kubacki/herring/output_hg19_all_cells
in_dir: /group/testa/michal.kubacki/herring/data
tmp_dir: /group/testa/michal.kubacki/herring/tmp
['PN', 'IN', 'Non-Neu', 'Poor-Quality']
Categories (4, object): ['IN', 'Non-Neu', 'PN', 'Poor-Quality']
['L4_RORB', 'L2-3_CUX2', 'SST', 'Astro', 'L5-6_TLE4', ..., 'Vas', 'MGE_dev', 'Poor-Quality', 'PN_dev', 'CGE_dev']
Length: 19
Categories (19, object): ['L2-3_CUX2', 'L4_RORB', 'L5-6_THEMIS', 'L5-6_TLE4', ..., 'Oligo', 'Micro',
                          'Vas', 'Poor-Quality']
slurmstepd: error: _cgroup_procs_check: failed on path /sys/fs/cgroup/memory/slurm/uid_10666/job_13683908/step_batch/cgroup.procs: No such file or directory
slurmstepd: error: unable to read '/sys/fs/cgroup/memory/slurm/uid_10666/job_13683908/step_batch/cgroup.procs'
