INFO: localdir at /localscratch/13424895.michal.kubacki
INFO: your job will run on local system.
root_dir: /group/testa/michal.kubacki/herring
out_dir: /group/testa/michal.kubacki/herring/output_hg19_all_excitatory
in_dir: /group/testa/michal.kubacki/herring/data
tmp_dir: /group/testa/michal.kubacki/herring/tmp
All fragments: {'ga22': '/group/testa/michal.kubacki/herring/data/GSE168408_RAW/GSM5138510_RL2366_ga22_snATAC_fragments.tsv.gz', '1y': '/group/testa/michal.kubacki/herring/data/GSE168408_RAW/GSM5138526_RL2209_1y_snATAC_fragments.tsv.gz', '14y': '/group/testa/michal.kubacki/herring/data/GSE168408_RAW/GSM5138542_RL2372_14y_snATAC_fragments.tsv.gz', 'ga24': '/group/testa/michal.kubacki/herring/data/GSE168408_RAW/GSM5138512_RL2207_ga24_snATAC_fragments.tsv.gz', '2y': '/group/testa/michal.kubacki/herring/data/GSE168408_RAW/GSM5138529_RL1784_2y_snATAC_fragments.tsv.gz', '16y': '/group/testa/michal.kubacki/herring/data/GSE168408_RAW/GSM5138544_RL1785_16y_snATAC_fragments.tsv.gz', '1m': '/group/testa/michal.kubacki/herring/data/GSE168408_RAW/GSM5138515_RL2367_1m_snATAC_fragments.tsv.gz', '4y': '/group/testa/michal.kubacki/herring/data/GSE168408_RAW/GSM5138532_RL2210_4y_snATAC_fragments.tsv.gz', '20y': '/group/testa/michal.kubacki/herring/data/GSE168408_RAW/GSM5138548_RL2085_20y_snATAC_fragments.tsv.gz', '3m': '/group/testa/michal.kubacki/herring/data/GSE168408_RAW/GSM5138518_RL1914_3m_snATAC_fragments.tsv.gz', '6y': '/group/testa/michal.kubacki/herring/data/GSE168408_RAW/GSM5138534_RL2364_6y_snATAC_fragments.tsv.gz', '25y': '/group/testa/michal.kubacki/herring/data/GSE168408_RAW/GSM5138550_RL2369_25y_snATAC_fragments.tsv.gz', '6m': '/group/testa/michal.kubacki/herring/data/GSE168408_RAW/GSM5138521_RL2208_6m_snATAC_fragments.tsv.gz', '8y': '/group/testa/michal.kubacki/herring/data/GSE168408_RAW/GSM5138536_RL1994_8y_snATAC_fragments.tsv.gz', '40y': '/group/testa/michal.kubacki/herring/data/GSE168408_RAW/GSM5138552_RL2373_40y_snATAC_fragments.tsv.gz', '10m': '/group/testa/michal.kubacki/herring/data/GSE168408_RAW/GSM5138523_RL2371_10m_snATAC_fragments.tsv.gz', '10y': '/group/testa/michal.kubacki/herring/data/GSE168408_RAW/GSM5138539_RL2368_10y_snATAC_fragments.tsv.gz'}
Selected fragments: ['1m', '3m', '6m', '10m', '1y', '2y', '4y', 'ga22', 'ga24']
(87339, 24)
(32365, 24)
v3    29982
v2     2383
Name: chem, dtype: int64
1.0    32365
Name: PassQC, dtype: int64
(29982, 24)
(22558, 24)
(22558, 25)
L2-3_CUX2: 6355
L5-6_TLE4: 3292
L4_RORB: 5956
L5-6_THEMIS: 2071
PN_dev: 4884
L2-3_CUX2: 6355
L5-6_TLE4: 3292
L4_RORB: 5956
L5-6_THEMIS: 2071
PN_dev: 4884
L2-3_CUX2: 6355
L5-6_TLE4: 3292
L4_RORB: 5956
L5-6_THEMIS: 2071
PN_dev: 4884
2024-07-15 12:32:40,685 cisTopic     INFO     Splitting fragments by cell type.
2024-07-15 12:42:12,775 cisTopic     INFO     generating bigwig files
2024-07-15 12:43:10,957 cisTopic     INFO     /group/testa/michal.kubacki/herring/output_hg19_all_excitatory/consensus_peak_calling/pseudobulk_bw_files/L2-3_CUX2.bw done!
2024-07-15 12:43:30,671 cisTopic     INFO     /group/testa/michal.kubacki/herring/output_hg19_all_excitatory/consensus_peak_calling/pseudobulk_bw_files/L5-6_TLE4.bw done!
2024-07-15 12:44:20,385 cisTopic     INFO     /group/testa/michal.kubacki/herring/output_hg19_all_excitatory/consensus_peak_calling/pseudobulk_bw_files/L4_RORB.bw done!
2024-07-15 12:44:37,629 cisTopic     INFO     /group/testa/michal.kubacki/herring/output_hg19_all_excitatory/consensus_peak_calling/pseudobulk_bw_files/L5-6_THEMIS.bw done!
2024-07-15 12:45:22,065 cisTopic     INFO     /group/testa/michal.kubacki/herring/output_hg19_all_excitatory/consensus_peak_calling/pseudobulk_bw_files/PN_dev.bw done!
2024-07-15 12:45:22,097 cisTopic     INFO     Calling peaks for L2-3_CUX2 with /home/michal.kubacki/.conda/envs/scenicplus/bin/macs2 callpeak --treatment /group/testa/michal.kubacki/herring/output_hg19_all_excitatory/consensus_peak_calling/pseudobulk_bed_files/L2-3_CUX2.fragments.tsv.gz --name L2-3_CUX2  --outdir /group/testa/michal.kubacki/herring/output_hg19_all_excitatory/consensus_peak_calling/MACS --format BEDPE --gsize hs --qvalue 0.05 --nomodel --shift 73 --extsize 146 --keep-dup all --call-summits --nolambda
2024-07-15 12:47:27,856 cisTopic     INFO     L2-3_CUX2 done!
2024-07-15 12:47:27,864 cisTopic     INFO     Calling peaks for L5-6_TLE4 with /home/michal.kubacki/.conda/envs/scenicplus/bin/macs2 callpeak --treatment /group/testa/michal.kubacki/herring/output_hg19_all_excitatory/consensus_peak_calling/pseudobulk_bed_files/L5-6_TLE4.fragments.tsv.gz --name L5-6_TLE4  --outdir /group/testa/michal.kubacki/herring/output_hg19_all_excitatory/consensus_peak_calling/MACS --format BEDPE --gsize hs --qvalue 0.05 --nomodel --shift 73 --extsize 146 --keep-dup all --call-summits --nolambda
2024-07-15 12:48:03,879 cisTopic     INFO     L5-6_TLE4 done!
2024-07-15 12:48:03,879 cisTopic     INFO     Calling peaks for L4_RORB with /home/michal.kubacki/.conda/envs/scenicplus/bin/macs2 callpeak --treatment /group/testa/michal.kubacki/herring/output_hg19_all_excitatory/consensus_peak_calling/pseudobulk_bed_files/L4_RORB.fragments.tsv.gz --name L4_RORB  --outdir /group/testa/michal.kubacki/herring/output_hg19_all_excitatory/consensus_peak_calling/MACS --format BEDPE --gsize hs --qvalue 0.05 --nomodel --shift 73 --extsize 146 --keep-dup all --call-summits --nolambda
2024-07-15 12:50:21,623 cisTopic     INFO     L4_RORB done!
2024-07-15 12:50:21,626 cisTopic     INFO     Calling peaks for L5-6_THEMIS with /home/michal.kubacki/.conda/envs/scenicplus/bin/macs2 callpeak --treatment /group/testa/michal.kubacki/herring/output_hg19_all_excitatory/consensus_peak_calling/pseudobulk_bed_files/L5-6_THEMIS.fragments.tsv.gz --name L5-6_THEMIS  --outdir /group/testa/michal.kubacki/herring/output_hg19_all_excitatory/consensus_peak_calling/MACS --format BEDPE --gsize hs --qvalue 0.05 --nomodel --shift 73 --extsize 146 --keep-dup all --call-summits --nolambda
2024-07-15 12:51:09,699 cisTopic     INFO     L5-6_THEMIS done!
2024-07-15 12:51:09,699 cisTopic     INFO     Calling peaks for PN_dev with /home/michal.kubacki/.conda/envs/scenicplus/bin/macs2 callpeak --treatment /group/testa/michal.kubacki/herring/output_hg19_all_excitatory/consensus_peak_calling/pseudobulk_bed_files/PN_dev.fragments.tsv.gz --name PN_dev  --outdir /group/testa/michal.kubacki/herring/output_hg19_all_excitatory/consensus_peak_calling/MACS --format BEDPE --gsize hs --qvalue 0.05 --nomodel --shift 73 --extsize 146 --keep-dup all --call-summits --nolambda
2024-07-15 12:52:52,867 cisTopic     INFO     PN_dev done!
2024-07-15 12:52:52,884 cisTopic     INFO     Extending and merging peaks per class
2024-07-15 12:53:36,592 cisTopic     INFO     Normalizing peak scores
2024-07-15 12:53:36,860 cisTopic     INFO     Merging peaks
Warning! Start and End columns now have different dtypes: int64 and int32
2024-07-15 12:54:28,429 cisTopic     INFO     Done!
/home/michal.kubacki/.conda/envs/scenicplus/lib/python3.11/site-packages/pyranges/out.py:37: FutureWarning: Passing a set as an indexer is deprecated and will raise in a future version. Use a list instead.
  return pd.concat([outdf, df.get(noncanonical)], axis=1)
/home/michal.kubacki/.conda/envs/scenicplus/lib/python3.11/site-packages/pyranges/out.py:37: FutureWarning: Passing a set as an indexer is deprecated and will raise in a future version. Use a list instead.
  return pd.concat([outdf, df.get(noncanonical)], axis=1)
/home/michal.kubacki/.conda/envs/scenicplus/lib/python3.11/site-packages/pyranges/out.py:37: FutureWarning: Passing a set as an indexer is deprecated and will raise in a future version. Use a list instead.
  return pd.concat([outdf, df.get(noncanonical)], axis=1)
/home/michal.kubacki/.conda/envs/scenicplus/lib/python3.11/site-packages/pyranges/out.py:37: FutureWarning: Passing a set as an indexer is deprecated and will raise in a future version. Use a list instead.
  return pd.concat([outdf, df.get(noncanonical)], axis=1)
/home/michal.kubacki/.conda/envs/scenicplus/lib/python3.11/site-packages/pyranges/out.py:37: FutureWarning: Passing a set as an indexer is deprecated and will raise in a future version. Use a list instead.
  return pd.concat([outdf, df.get(noncanonical)], axis=1)
/home/michal.kubacki/.conda/envs/scenicplus/lib/python3.11/site-packages/pyranges/out.py:37: FutureWarning: Passing a set as an indexer is deprecated and will raise in a future version. Use a list instead.
  return pd.concat([outdf, df.get(noncanonical)], axis=1)
/home/michal.kubacki/.conda/envs/scenicplus/lib/python3.11/site-packages/pyranges/out.py:37: FutureWarning: Passing a set as an indexer is deprecated and will raise in a future version. Use a list instead.
  return pd.concat([outdf, df.get(noncanonical)], axis=1)
/home/michal.kubacki/.conda/envs/scenicplus/lib/python3.11/site-packages/pyranges/out.py:37: FutureWarning: Passing a set as an indexer is deprecated and will raise in a future version. Use a list instead.
  return pd.concat([outdf, df.get(noncanonical)], axis=1)
/home/michal.kubacki/.conda/envs/scenicplus/lib/python3.11/site-packages/pyranges/out.py:37: FutureWarning: Passing a set as an indexer is deprecated and will raise in a future version. Use a list instead.
  return pd.concat([outdf, df.get(noncanonical)], axis=1)
/home/michal.kubacki/.conda/envs/scenicplus/lib/python3.11/site-packages/pyranges/out.py:37: FutureWarning: Passing a set as an indexer is deprecated and will raise in a future version. Use a list instead.
  return pd.concat([outdf, df.get(noncanonical)], axis=1)
/home/michal.kubacki/.conda/envs/scenicplus/lib/python3.11/site-packages/pyranges/out.py:37: FutureWarning: Passing a set as an indexer is deprecated and will raise in a future version. Use a list instead.
  return pd.concat([outdf, df.get(noncanonical)], axis=1)
/home/michal.kubacki/.conda/envs/scenicplus/lib/python3.11/site-packages/pyranges/out.py:37: FutureWarning: Passing a set as an indexer is deprecated and will raise in a future version. Use a list instead.
  return pd.concat([outdf, df.get(noncanonical)], axis=1)
/home/michal.kubacki/.conda/envs/scenicplus/lib/python3.11/site-packages/pyranges/out.py:37: FutureWarning: Passing a set as an indexer is deprecated and will raise in a future version. Use a list instead.
  return pd.concat([outdf, df.get(noncanonical)], axis=1)
/home/michal.kubacki/.conda/envs/scenicplus/lib/python3.11/site-packages/pyranges/out.py:37: FutureWarning: Passing a set as an indexer is deprecated and will raise in a future version. Use a list instead.
  return pd.concat([outdf, df.get(noncanonical)], axis=1)
/home/michal.kubacki/.conda/envs/scenicplus/lib/python3.11/site-packages/pyranges/out.py:37: FutureWarning: Passing a set as an indexer is deprecated and will raise in a future version. Use a list instead.
  return pd.concat([outdf, df.get(noncanonical)], axis=1)
/home/michal.kubacki/.conda/envs/scenicplus/lib/python3.11/site-packages/pyranges/out.py:37: FutureWarning: Passing a set as an indexer is deprecated and will raise in a future version. Use a list instead.
  return pd.concat([outdf, df.get(noncanonical)], axis=1)
/home/michal.kubacki/.conda/envs/scenicplus/lib/python3.11/site-packages/pyranges/out.py:37: FutureWarning: Passing a set as an indexer is deprecated and will raise in a future version. Use a list instead.
  return pd.concat([outdf, df.get(noncanonical)], axis=1)
/home/michal.kubacki/.conda/envs/scenicplus/lib/python3.11/site-packages/pyranges/out.py:37: FutureWarning: Passing a set as an indexer is deprecated and will raise in a future version. Use a list instead.
  return pd.concat([outdf, df.get(noncanonical)], axis=1)
/home/michal.kubacki/.conda/envs/scenicplus/lib/python3.11/site-packages/pyranges/out.py:37: FutureWarning: Passing a set as an indexer is deprecated and will raise in a future version. Use a list instead.
  return pd.concat([outdf, df.get(noncanonical)], axis=1)
/home/michal.kubacki/.conda/envs/scenicplus/lib/python3.11/site-packages/pyranges/out.py:37: FutureWarning: Passing a set as an indexer is deprecated and will raise in a future version. Use a list instead.
  return pd.concat([outdf, df.get(noncanonical)], axis=1)
/home/michal.kubacki/.conda/envs/scenicplus/lib/python3.11/site-packages/pyranges/out.py:37: FutureWarning: Passing a set as an indexer is deprecated and will raise in a future version. Use a list instead.
  return pd.concat([outdf, df.get(noncanonical)], axis=1)
/home/michal.kubacki/.conda/envs/scenicplus/lib/python3.11/site-packages/pyranges/out.py:37: FutureWarning: Passing a set as an indexer is deprecated and will raise in a future version. Use a list instead.
  return pd.concat([outdf, df.get(noncanonical)], axis=1)
/home/michal.kubacki/.conda/envs/scenicplus/lib/python3.11/site-packages/pyranges/out.py:37: FutureWarning: Passing a set as an indexer is deprecated and will raise in a future version. Use a list instead.
  return pd.concat([outdf, df.get(noncanonical)], axis=1)
/home/michal.kubacki/.conda/envs/scenicplus/lib/python3.11/site-packages/pyranges/out.py:37: FutureWarning: Passing a set as an indexer is deprecated and will raise in a future version. Use a list instead.
  return pd.concat([outdf, df.get(noncanonical)], axis=1)
1m:
	Using automatic threshold for unique fragments: 1212.3659371094725
	Using automatic threshold for TSS enrichment: 1.742530285948993
3m:
	Using automatic threshold for unique fragments: 1335.9810023375421
	Using automatic threshold for TSS enrichment: 1.5834907011528703
6m:
	Using automatic threshold for unique fragments: 1127.1561379361144
	Using automatic threshold for TSS enrichment: 1.486449504950495
10m:
	Using automatic threshold for unique fragments: 1311.0616465453522
	Using automatic threshold for TSS enrichment: 1.5211207920792078
1y:
	Using automatic threshold for unique fragments: 995.5790780792038
	Using automatic threshold for TSS enrichment: 1.5731110557626589
2y:
	Using automatic threshold for unique fragments: 1191.9747636452007
	Using automatic threshold for TSS enrichment: 1.6757426605646697
4y:
	Using automatic threshold for unique fragments: 1365.178611461472
	Using automatic threshold for TSS enrichment: 1.5950178742362109
ga22:
	Using automatic threshold for unique fragments: 1067.836467706242
	Using automatic threshold for TSS enrichment: 1.4639067842865912
ga24:
	Using automatic threshold for unique fragments: 1117.7589175029598
	Using automatic threshold for TSS enrichment: 1.6073671313939895
2024-07-15 13:08:32,981 cisTopic     INFO     Reading data for 1m
2024-07-15 13:09:31,130 cisTopic     INFO     metrics provided!
2024-07-15 13:09:34,177 cisTopic     INFO     Counting fragments in regions
2024-07-15 13:09:40,935 cisTopic     INFO     Creating fragment matrix
2024-07-15 13:09:48,453 cisTopic     INFO     Converting fragment matrix to sparse matrix
2024-07-15 13:09:51,108 cisTopic     INFO     Removing blacklisted regions
2024-07-15 13:09:52,056 cisTopic     INFO     Creating CistopicObject
2024-07-15 13:09:52,508 cisTopic     INFO     Done!
2024-07-15 13:09:53,999 cisTopic     INFO     Reading data for 3m
2024-07-15 13:11:06,552 cisTopic     INFO     metrics provided!
2024-07-15 13:11:09,590 cisTopic     INFO     Counting fragments in regions
2024-07-15 13:11:12,540 cisTopic     INFO     Creating fragment matrix
2024-07-15 13:11:16,063 cisTopic     INFO     Converting fragment matrix to sparse matrix
2024-07-15 13:11:17,170 cisTopic     INFO     Removing blacklisted regions
2024-07-15 13:11:17,947 cisTopic     INFO     Creating CistopicObject
2024-07-15 13:11:18,252 cisTopic     INFO     Done!
2024-07-15 13:11:19,878 cisTopic     INFO     Reading data for 6m
2024-07-15 13:13:11,215 cisTopic     INFO     metrics provided!
2024-07-15 13:13:15,305 cisTopic     INFO     Counting fragments in regions
2024-07-15 13:13:17,208 cisTopic     INFO     Creating fragment matrix
2024-07-15 13:13:19,979 cisTopic     INFO     Converting fragment matrix to sparse matrix
2024-07-15 13:13:21,077 cisTopic     INFO     Removing blacklisted regions
2024-07-15 13:13:21,826 cisTopic     INFO     Creating CistopicObject
2024-07-15 13:13:22,102 cisTopic     INFO     Done!
2024-07-15 13:13:23,596 cisTopic     INFO     Reading data for 10m
2024-07-15 13:14:25,659 cisTopic     INFO     metrics provided!
2024-07-15 13:14:28,252 cisTopic     INFO     Counting fragments in regions
2024-07-15 13:14:31,067 cisTopic     INFO     Creating fragment matrix
2024-07-15 13:14:33,982 cisTopic     INFO     Converting fragment matrix to sparse matrix
2024-07-15 13:14:35,098 cisTopic     INFO     Removing blacklisted regions
2024-07-15 13:14:35,877 cisTopic     INFO     Creating CistopicObject
2024-07-15 13:14:36,175 cisTopic     INFO     Done!
2024-07-15 13:14:37,685 cisTopic     INFO     Reading data for 1y
2024-07-15 13:15:51,268 cisTopic     INFO     metrics provided!
2024-07-15 13:15:54,778 cisTopic     INFO     Counting fragments in regions
2024-07-15 13:15:57,933 cisTopic     INFO     Creating fragment matrix
2024-07-15 13:16:02,389 cisTopic     INFO     Converting fragment matrix to sparse matrix
2024-07-15 13:16:04,263 cisTopic     INFO     Removing blacklisted regions
2024-07-15 13:16:05,040 cisTopic     INFO     Creating CistopicObject
2024-07-15 13:16:05,356 cisTopic     INFO     Done!
2024-07-15 13:16:06,906 cisTopic     INFO     Reading data for 2y
2024-07-15 13:17:12,011 cisTopic     INFO     metrics provided!
2024-07-15 13:17:15,201 cisTopic     INFO     Counting fragments in regions
2024-07-15 13:17:18,252 cisTopic     INFO     Creating fragment matrix
2024-07-15 13:17:22,421 cisTopic     INFO     Converting fragment matrix to sparse matrix
2024-07-15 13:17:24,135 cisTopic     INFO     Removing blacklisted regions
2024-07-15 13:17:24,904 cisTopic     INFO     Creating CistopicObject
2024-07-15 13:17:25,221 cisTopic     INFO     Done!
2024-07-15 13:17:26,769 cisTopic     INFO     Reading data for 4y
2024-07-15 13:18:34,309 cisTopic     INFO     metrics provided!
2024-07-15 13:18:37,593 cisTopic     INFO     Counting fragments in regions
2024-07-15 13:18:41,593 cisTopic     INFO     Creating fragment matrix
2024-07-15 13:18:46,522 cisTopic     INFO     Converting fragment matrix to sparse matrix
2024-07-15 13:18:48,169 cisTopic     INFO     Removing blacklisted regions
2024-07-15 13:18:48,962 cisTopic     INFO     Creating CistopicObject
2024-07-15 13:18:49,307 cisTopic     INFO     Done!
2024-07-15 13:18:51,157 cisTopic     INFO     Reading data for ga22
2024-07-15 13:20:09,509 cisTopic     INFO     metrics provided!
2024-07-15 13:20:12,570 cisTopic     INFO     Counting fragments in regions
2024-07-15 13:20:15,210 cisTopic     INFO     Creating fragment matrix
2024-07-15 13:20:18,258 cisTopic     INFO     Converting fragment matrix to sparse matrix
2024-07-15 13:20:19,334 cisTopic     INFO     Removing blacklisted regions
2024-07-15 13:20:20,144 cisTopic     INFO     Creating CistopicObject
2024-07-15 13:20:20,450 cisTopic     INFO     Done!
2024-07-15 13:20:22,253 cisTopic     INFO     Reading data for ga24
2024-07-15 13:21:30,033 cisTopic     INFO     metrics provided!
2024-07-15 13:21:32,762 cisTopic     INFO     Counting fragments in regions
2024-07-15 13:21:36,686 cisTopic     INFO     Creating fragment matrix
2024-07-15 13:21:41,952 cisTopic     INFO     Converting fragment matrix to sparse matrix
2024-07-15 13:21:44,042 cisTopic     INFO     Removing blacklisted regions
2024-07-15 13:21:44,853 cisTopic     INFO     Creating CistopicObject
2024-07-15 13:21:45,213 cisTopic     INFO     Done!
2024-07-15 13:21:49,291 cisTopic     INFO     cisTopic object 1 merged
2024-07-15 13:21:51,970 cisTopic     INFO     cisTopic object 2 merged
2024-07-15 13:21:54,792 cisTopic     INFO     cisTopic object 3 merged
2024-07-15 13:21:57,780 cisTopic     INFO     cisTopic object 4 merged
2024-07-15 13:22:00,878 cisTopic     INFO     cisTopic object 5 merged
2024-07-15 13:22:04,081 cisTopic     INFO     cisTopic object 6 merged
2024-07-15 13:22:07,175 cisTopic     INFO     cisTopic object 7 merged
2024-07-15 13:22:10,466 cisTopic     INFO     cisTopic object 8 merged
/home/michal.kubacki/.conda/envs/scenicplus/lib/python3.11/site-packages/scrublet/helper_functions.py:252: RuntimeWarning: invalid value encountered in sqrt
  CV_input = np.sqrt(b);
(22558, 25)
(22474, 25)
True
True
Warning: Some cells in this CistopicObject are not present in this cell_data. Values will be filled with Nan

Preprocessing...
Simulating doublets...
Embedding transcriptomes using PCA...
Calculating doublet scores...
Automatically set threshold at doublet score = 0.43
Detected doublet rate = 2.6%
Estimated detectable doublet fraction = 27.7%
Overall doublet rate:
	Expected   = 10.0%
	Estimated  = 9.5%
Elapsed time: 37.5 seconds
Detected doublet rate = 13.2%
Estimated detectable doublet fraction = 58.6%
Overall doublet rate:
	Expected   = 10.0%
	Estimated  = 22.5%
CistopicObject from project cisTopic_merge with n_cells × n_regions = 9564 × 329437
slurmstepd: error: _cgroup_procs_check: failed on path /sys/fs/cgroup/memory/slurm/uid_10666/job_13424895/step_batch/cgroup.procs: No such file or directory
slurmstepd: error: unable to read '/sys/fs/cgroup/memory/slurm/uid_10666/job_13424895/step_batch/cgroup.procs'
