INFO: localdir at /localscratch/13581845.michal.kubacki
INFO: your job will run on local system.
root_dir: /group/testa/michal.kubacki/herring
out_dir: /group/testa/michal.kubacki/herring/output_hg19_all_cells
in_dir: /group/testa/michal.kubacki/herring/data
tmp_dir: /group/testa/michal.kubacki/herring/tmp
All fragments: {'ga22': '/group/testa/michal.kubacki/herring/data/GSE168408_RAW/GSM5138510_RL2366_ga22_snATAC_fragments.tsv.gz', '1y': '/group/testa/michal.kubacki/herring/data/GSE168408_RAW/GSM5138526_RL2209_1y_snATAC_fragments.tsv.gz', '14y': '/group/testa/michal.kubacki/herring/data/GSE168408_RAW/GSM5138542_RL2372_14y_snATAC_fragments.tsv.gz', 'ga24': '/group/testa/michal.kubacki/herring/data/GSE168408_RAW/GSM5138512_RL2207_ga24_snATAC_fragments.tsv.gz', '2y': '/group/testa/michal.kubacki/herring/data/GSE168408_RAW/GSM5138529_RL1784_2y_snATAC_fragments.tsv.gz', '16y': '/group/testa/michal.kubacki/herring/data/GSE168408_RAW/GSM5138544_RL1785_16y_snATAC_fragments.tsv.gz', '1m': '/group/testa/michal.kubacki/herring/data/GSE168408_RAW/GSM5138515_RL2367_1m_snATAC_fragments.tsv.gz', '4y': '/group/testa/michal.kubacki/herring/data/GSE168408_RAW/GSM5138532_RL2210_4y_snATAC_fragments.tsv.gz', '20y': '/group/testa/michal.kubacki/herring/data/GSE168408_RAW/GSM5138548_RL2085_20y_snATAC_fragments.tsv.gz', '3m': '/group/testa/michal.kubacki/herring/data/GSE168408_RAW/GSM5138518_RL1914_3m_snATAC_fragments.tsv.gz', '6y': '/group/testa/michal.kubacki/herring/data/GSE168408_RAW/GSM5138534_RL2364_6y_snATAC_fragments.tsv.gz', '25y': '/group/testa/michal.kubacki/herring/data/GSE168408_RAW/GSM5138550_RL2369_25y_snATAC_fragments.tsv.gz', '6m': '/group/testa/michal.kubacki/herring/data/GSE168408_RAW/GSM5138521_RL2208_6m_snATAC_fragments.tsv.gz', '8y': '/group/testa/michal.kubacki/herring/data/GSE168408_RAW/GSM5138536_RL1994_8y_snATAC_fragments.tsv.gz', '40y': '/group/testa/michal.kubacki/herring/data/GSE168408_RAW/GSM5138552_RL2373_40y_snATAC_fragments.tsv.gz', '10m': '/group/testa/michal.kubacki/herring/data/GSE168408_RAW/GSM5138523_RL2371_10m_snATAC_fragments.tsv.gz', '10y': '/group/testa/michal.kubacki/herring/data/GSE168408_RAW/GSM5138539_RL2368_10y_snATAC_fragments.tsv.gz'}
Selected fragments: ['1m', '3m', '6m', '10m', '1y', '2y', '4y', '6y', '10y', '16y', '20y', '40y', 'ga22', 'ga24']
(87339, 24)
(76394, 24)
v3    72931
v2     3463
Name: chem, dtype: int64
1.0    76394
Name: PassQC, dtype: int64
(72931, 24)
(62229, 24)
(62229, 25)
L2-3_CUX2: 7122
L5-6_TLE4: 3761
L4_RORB: 9157
L5-6_THEMIS: 2937
PN_dev: 4963
MGE_dev: 1801
SST: 3700
PV: 1648
Micro: 3647
OPC: 5546
VIP: 2037
CGE_dev: 358
Oligo: 6340
Astro: 9212
L2-3_CUX2: 7122
L5-6_TLE4: 3761
L4_RORB: 9157
L5-6_THEMIS: 2937
PN_dev: 4963
MGE_dev: 1801
SST: 3700
PV: 1648
Micro: 3647
OPC: 5546
VIP: 2037
CGE_dev: 358
Oligo: 6340
Astro: 9212
L2-3_CUX2: 7122
L5-6_TLE4: 3761
L4_RORB: 9157
L5-6_THEMIS: 2937
PN_dev: 4963
MGE_dev: 1801
SST: 3700
PV: 1648
Micro: 3647
OPC: 5546
VIP: 2037
Oligo: 6340
Astro: 9212
2024-07-17 09:11:27,617 cisTopic     INFO     Splitting fragments by cell type.
2024-07-17 09:25:16,394 cisTopic     INFO     generating bigwig files
2024-07-17 09:26:20,543 cisTopic     INFO     /group/testa/michal.kubacki/herring/output_hg19_all_cells/consensus_peak_calling/pseudobulk_bw_files/L2-3_CUX2.bw done!
2024-07-17 09:26:41,878 cisTopic     INFO     /group/testa/michal.kubacki/herring/output_hg19_all_cells/consensus_peak_calling/pseudobulk_bw_files/L5-6_TLE4.bw done!
2024-07-17 09:27:47,391 cisTopic     INFO     /group/testa/michal.kubacki/herring/output_hg19_all_cells/consensus_peak_calling/pseudobulk_bw_files/L4_RORB.bw done!
2024-07-17 09:28:11,851 cisTopic     INFO     /group/testa/michal.kubacki/herring/output_hg19_all_cells/consensus_peak_calling/pseudobulk_bw_files/L5-6_THEMIS.bw done!
2024-07-17 09:28:55,883 cisTopic     INFO     /group/testa/michal.kubacki/herring/output_hg19_all_cells/consensus_peak_calling/pseudobulk_bw_files/PN_dev.bw done!
2024-07-17 09:29:10,300 cisTopic     INFO     /group/testa/michal.kubacki/herring/output_hg19_all_cells/consensus_peak_calling/pseudobulk_bw_files/MGE_dev.bw done!
2024-07-17 09:29:27,194 cisTopic     INFO     /group/testa/michal.kubacki/herring/output_hg19_all_cells/consensus_peak_calling/pseudobulk_bw_files/SST.bw done!
2024-07-17 09:29:36,164 cisTopic     INFO     /group/testa/michal.kubacki/herring/output_hg19_all_cells/consensus_peak_calling/pseudobulk_bw_files/PV.bw done!
2024-07-17 09:29:46,939 cisTopic     INFO     /group/testa/michal.kubacki/herring/output_hg19_all_cells/consensus_peak_calling/pseudobulk_bw_files/Micro.bw done!
2024-07-17 09:30:01,912 cisTopic     INFO     /group/testa/michal.kubacki/herring/output_hg19_all_cells/consensus_peak_calling/pseudobulk_bw_files/OPC.bw done!
2024-07-17 09:30:13,498 cisTopic     INFO     /group/testa/michal.kubacki/herring/output_hg19_all_cells/consensus_peak_calling/pseudobulk_bw_files/VIP.bw done!
2024-07-17 09:30:33,823 cisTopic     INFO     /group/testa/michal.kubacki/herring/output_hg19_all_cells/consensus_peak_calling/pseudobulk_bw_files/Oligo.bw done!
2024-07-17 09:30:57,233 cisTopic     INFO     /group/testa/michal.kubacki/herring/output_hg19_all_cells/consensus_peak_calling/pseudobulk_bw_files/Astro.bw done!
2024-07-17 09:30:57,267 cisTopic     INFO     Calling peaks for L2-3_CUX2 with /home/michal.kubacki/.conda/envs/scenicplus/bin/macs2 callpeak --treatment /group/testa/michal.kubacki/herring/output_hg19_all_cells/consensus_peak_calling/pseudobulk_bed_files/L2-3_CUX2.fragments.tsv.gz --name L2-3_CUX2  --outdir /group/testa/michal.kubacki/herring/output_hg19_all_cells/consensus_peak_calling/MACS --format BEDPE --gsize hs --qvalue 0.05 --nomodel --shift 73 --extsize 146 --keep-dup all --call-summits --nolambda
2024-07-17 09:33:05,941 cisTopic     INFO     L2-3_CUX2 done!
2024-07-17 09:33:05,943 cisTopic     INFO     Calling peaks for L5-6_TLE4 with /home/michal.kubacki/.conda/envs/scenicplus/bin/macs2 callpeak --treatment /group/testa/michal.kubacki/herring/output_hg19_all_cells/consensus_peak_calling/pseudobulk_bed_files/L5-6_TLE4.fragments.tsv.gz --name L5-6_TLE4  --outdir /group/testa/michal.kubacki/herring/output_hg19_all_cells/consensus_peak_calling/MACS --format BEDPE --gsize hs --qvalue 0.05 --nomodel --shift 73 --extsize 146 --keep-dup all --call-summits --nolambda
2024-07-17 09:33:46,470 cisTopic     INFO     L5-6_TLE4 done!
2024-07-17 09:33:46,470 cisTopic     INFO     Calling peaks for L4_RORB with /home/michal.kubacki/.conda/envs/scenicplus/bin/macs2 callpeak --treatment /group/testa/michal.kubacki/herring/output_hg19_all_cells/consensus_peak_calling/pseudobulk_bed_files/L4_RORB.fragments.tsv.gz --name L4_RORB  --outdir /group/testa/michal.kubacki/herring/output_hg19_all_cells/consensus_peak_calling/MACS --format BEDPE --gsize hs --qvalue 0.05 --nomodel --shift 73 --extsize 146 --keep-dup all --call-summits --nolambda
2024-07-17 09:36:31,027 cisTopic     INFO     L4_RORB done!
2024-07-17 09:36:31,029 cisTopic     INFO     Calling peaks for L5-6_THEMIS with /home/michal.kubacki/.conda/envs/scenicplus/bin/macs2 callpeak --treatment /group/testa/michal.kubacki/herring/output_hg19_all_cells/consensus_peak_calling/pseudobulk_bed_files/L5-6_THEMIS.fragments.tsv.gz --name L5-6_THEMIS  --outdir /group/testa/michal.kubacki/herring/output_hg19_all_cells/consensus_peak_calling/MACS --format BEDPE --gsize hs --qvalue 0.05 --nomodel --shift 73 --extsize 146 --keep-dup all --call-summits --nolambda
2024-07-17 09:37:32,723 cisTopic     INFO     L5-6_THEMIS done!
2024-07-17 09:37:32,724 cisTopic     INFO     Calling peaks for PN_dev with /home/michal.kubacki/.conda/envs/scenicplus/bin/macs2 callpeak --treatment /group/testa/michal.kubacki/herring/output_hg19_all_cells/consensus_peak_calling/pseudobulk_bed_files/PN_dev.fragments.tsv.gz --name PN_dev  --outdir /group/testa/michal.kubacki/herring/output_hg19_all_cells/consensus_peak_calling/MACS --format BEDPE --gsize hs --qvalue 0.05 --nomodel --shift 73 --extsize 146 --keep-dup all --call-summits --nolambda
2024-07-17 09:39:15,658 cisTopic     INFO     PN_dev done!
2024-07-17 09:39:15,671 cisTopic     INFO     Calling peaks for MGE_dev with /home/michal.kubacki/.conda/envs/scenicplus/bin/macs2 callpeak --treatment /group/testa/michal.kubacki/herring/output_hg19_all_cells/consensus_peak_calling/pseudobulk_bed_files/MGE_dev.fragments.tsv.gz --name MGE_dev  --outdir /group/testa/michal.kubacki/herring/output_hg19_all_cells/consensus_peak_calling/MACS --format BEDPE --gsize hs --qvalue 0.05 --nomodel --shift 73 --extsize 146 --keep-dup all --call-summits --nolambda
2024-07-17 09:39:51,335 cisTopic     INFO     MGE_dev done!
2024-07-17 09:39:51,335 cisTopic     INFO     Calling peaks for SST with /home/michal.kubacki/.conda/envs/scenicplus/bin/macs2 callpeak --treatment /group/testa/michal.kubacki/herring/output_hg19_all_cells/consensus_peak_calling/pseudobulk_bed_files/SST.fragments.tsv.gz --name SST  --outdir /group/testa/michal.kubacki/herring/output_hg19_all_cells/consensus_peak_calling/MACS --format BEDPE --gsize hs --qvalue 0.05 --nomodel --shift 73 --extsize 146 --keep-dup all --call-summits --nolambda
2024-07-17 09:40:38,370 cisTopic     INFO     SST done!
2024-07-17 09:40:38,370 cisTopic     INFO     Calling peaks for PV with /home/michal.kubacki/.conda/envs/scenicplus/bin/macs2 callpeak --treatment /group/testa/michal.kubacki/herring/output_hg19_all_cells/consensus_peak_calling/pseudobulk_bed_files/PV.fragments.tsv.gz --name PV  --outdir /group/testa/michal.kubacki/herring/output_hg19_all_cells/consensus_peak_calling/MACS --format BEDPE --gsize hs --qvalue 0.05 --nomodel --shift 73 --extsize 146 --keep-dup all --call-summits --nolambda
2024-07-17 09:40:47,848 cisTopic     INFO     PV done!
2024-07-17 09:40:47,848 cisTopic     INFO     Calling peaks for Micro with /home/michal.kubacki/.conda/envs/scenicplus/bin/macs2 callpeak --treatment /group/testa/michal.kubacki/herring/output_hg19_all_cells/consensus_peak_calling/pseudobulk_bed_files/Micro.fragments.tsv.gz --name Micro  --outdir /group/testa/michal.kubacki/herring/output_hg19_all_cells/consensus_peak_calling/MACS --format BEDPE --gsize hs --qvalue 0.05 --nomodel --shift 73 --extsize 146 --keep-dup all --call-summits --nolambda
2024-07-17 09:41:20,177 cisTopic     INFO     Micro done!
2024-07-17 09:41:20,177 cisTopic     INFO     Calling peaks for OPC with /home/michal.kubacki/.conda/envs/scenicplus/bin/macs2 callpeak --treatment /group/testa/michal.kubacki/herring/output_hg19_all_cells/consensus_peak_calling/pseudobulk_bed_files/OPC.fragments.tsv.gz --name OPC  --outdir /group/testa/michal.kubacki/herring/output_hg19_all_cells/consensus_peak_calling/MACS --format BEDPE --gsize hs --qvalue 0.05 --nomodel --shift 73 --extsize 146 --keep-dup all --call-summits --nolambda
2024-07-17 09:41:54,109 cisTopic     INFO     OPC done!
2024-07-17 09:41:54,109 cisTopic     INFO     Calling peaks for VIP with /home/michal.kubacki/.conda/envs/scenicplus/bin/macs2 callpeak --treatment /group/testa/michal.kubacki/herring/output_hg19_all_cells/consensus_peak_calling/pseudobulk_bed_files/VIP.fragments.tsv.gz --name VIP  --outdir /group/testa/michal.kubacki/herring/output_hg19_all_cells/consensus_peak_calling/MACS --format BEDPE --gsize hs --qvalue 0.05 --nomodel --shift 73 --extsize 146 --keep-dup all --call-summits --nolambda
2024-07-17 09:42:15,031 cisTopic     INFO     VIP done!
2024-07-17 09:42:15,031 cisTopic     INFO     Calling peaks for Oligo with /home/michal.kubacki/.conda/envs/scenicplus/bin/macs2 callpeak --treatment /group/testa/michal.kubacki/herring/output_hg19_all_cells/consensus_peak_calling/pseudobulk_bed_files/Oligo.fragments.tsv.gz --name Oligo  --outdir /group/testa/michal.kubacki/herring/output_hg19_all_cells/consensus_peak_calling/MACS --format BEDPE --gsize hs --qvalue 0.05 --nomodel --shift 73 --extsize 146 --keep-dup all --call-summits --nolambda
2024-07-17 09:43:09,899 cisTopic     INFO     Oligo done!
2024-07-17 09:43:09,899 cisTopic     INFO     Calling peaks for Astro with /home/michal.kubacki/.conda/envs/scenicplus/bin/macs2 callpeak --treatment /group/testa/michal.kubacki/herring/output_hg19_all_cells/consensus_peak_calling/pseudobulk_bed_files/Astro.fragments.tsv.gz --name Astro  --outdir /group/testa/michal.kubacki/herring/output_hg19_all_cells/consensus_peak_calling/MACS --format BEDPE --gsize hs --qvalue 0.05 --nomodel --shift 73 --extsize 146 --keep-dup all --call-summits --nolambda
2024-07-17 09:43:59,861 cisTopic     INFO     Astro done!
2024-07-17 09:43:59,883 cisTopic     INFO     Extending and merging peaks per class
2024-07-17 09:45:16,823 cisTopic     INFO     Normalizing peak scores
2024-07-17 09:45:17,328 cisTopic     INFO     Merging peaks
Warning! Start and End columns now have different dtypes: int64 and int32
2024-07-17 09:46:40,638 cisTopic     INFO     Done!
/home/michal.kubacki/.conda/envs/scenicplus/lib/python3.11/site-packages/pyranges/out.py:37: FutureWarning: Passing a set as an indexer is deprecated and will raise in a future version. Use a list instead.
  return pd.concat([outdf, df.get(noncanonical)], axis=1)
/home/michal.kubacki/.conda/envs/scenicplus/lib/python3.11/site-packages/pyranges/out.py:37: FutureWarning: Passing a set as an indexer is deprecated and will raise in a future version. Use a list instead.
  return pd.concat([outdf, df.get(noncanonical)], axis=1)
/home/michal.kubacki/.conda/envs/scenicplus/lib/python3.11/site-packages/pyranges/out.py:37: FutureWarning: Passing a set as an indexer is deprecated and will raise in a future version. Use a list instead.
  return pd.concat([outdf, df.get(noncanonical)], axis=1)
/home/michal.kubacki/.conda/envs/scenicplus/lib/python3.11/site-packages/pyranges/out.py:37: FutureWarning: Passing a set as an indexer is deprecated and will raise in a future version. Use a list instead.
  return pd.concat([outdf, df.get(noncanonical)], axis=1)
/home/michal.kubacki/.conda/envs/scenicplus/lib/python3.11/site-packages/pyranges/out.py:37: FutureWarning: Passing a set as an indexer is deprecated and will raise in a future version. Use a list instead.
  return pd.concat([outdf, df.get(noncanonical)], axis=1)
/home/michal.kubacki/.conda/envs/scenicplus/lib/python3.11/site-packages/pyranges/out.py:37: FutureWarning: Passing a set as an indexer is deprecated and will raise in a future version. Use a list instead.
  return pd.concat([outdf, df.get(noncanonical)], axis=1)
/home/michal.kubacki/.conda/envs/scenicplus/lib/python3.11/site-packages/pyranges/out.py:37: FutureWarning: Passing a set as an indexer is deprecated and will raise in a future version. Use a list instead.
  return pd.concat([outdf, df.get(noncanonical)], axis=1)
/home/michal.kubacki/.conda/envs/scenicplus/lib/python3.11/site-packages/pyranges/out.py:37: FutureWarning: Passing a set as an indexer is deprecated and will raise in a future version. Use a list instead.
  return pd.concat([outdf, df.get(noncanonical)], axis=1)
/home/michal.kubacki/.conda/envs/scenicplus/lib/python3.11/site-packages/pyranges/out.py:37: FutureWarning: Passing a set as an indexer is deprecated and will raise in a future version. Use a list instead.
  return pd.concat([outdf, df.get(noncanonical)], axis=1)
/home/michal.kubacki/.conda/envs/scenicplus/lib/python3.11/site-packages/pyranges/out.py:37: FutureWarning: Passing a set as an indexer is deprecated and will raise in a future version. Use a list instead.
  return pd.concat([outdf, df.get(noncanonical)], axis=1)
/home/michal.kubacki/.conda/envs/scenicplus/lib/python3.11/site-packages/pyranges/out.py:37: FutureWarning: Passing a set as an indexer is deprecated and will raise in a future version. Use a list instead.
  return pd.concat([outdf, df.get(noncanonical)], axis=1)
/home/michal.kubacki/.conda/envs/scenicplus/lib/python3.11/site-packages/pyranges/out.py:37: FutureWarning: Passing a set as an indexer is deprecated and will raise in a future version. Use a list instead.
  return pd.concat([outdf, df.get(noncanonical)], axis=1)
/home/michal.kubacki/.conda/envs/scenicplus/lib/python3.11/site-packages/pyranges/out.py:37: FutureWarning: Passing a set as an indexer is deprecated and will raise in a future version. Use a list instead.
  return pd.concat([outdf, df.get(noncanonical)], axis=1)
/home/michal.kubacki/.conda/envs/scenicplus/lib/python3.11/site-packages/pyranges/out.py:37: FutureWarning: Passing a set as an indexer is deprecated and will raise in a future version. Use a list instead.
  return pd.concat([outdf, df.get(noncanonical)], axis=1)
/home/michal.kubacki/.conda/envs/scenicplus/lib/python3.11/site-packages/pyranges/out.py:37: FutureWarning: Passing a set as an indexer is deprecated and will raise in a future version. Use a list instead.
  return pd.concat([outdf, df.get(noncanonical)], axis=1)
/home/michal.kubacki/.conda/envs/scenicplus/lib/python3.11/site-packages/pyranges/out.py:37: FutureWarning: Passing a set as an indexer is deprecated and will raise in a future version. Use a list instead.
  return pd.concat([outdf, df.get(noncanonical)], axis=1)
/home/michal.kubacki/.conda/envs/scenicplus/lib/python3.11/site-packages/pyranges/out.py:37: FutureWarning: Passing a set as an indexer is deprecated and will raise in a future version. Use a list instead.
  return pd.concat([outdf, df.get(noncanonical)], axis=1)
/home/michal.kubacki/.conda/envs/scenicplus/lib/python3.11/site-packages/pyranges/out.py:37: FutureWarning: Passing a set as an indexer is deprecated and will raise in a future version. Use a list instead.
  return pd.concat([outdf, df.get(noncanonical)], axis=1)
/home/michal.kubacki/.conda/envs/scenicplus/lib/python3.11/site-packages/pyranges/out.py:37: FutureWarning: Passing a set as an indexer is deprecated and will raise in a future version. Use a list instead.
  return pd.concat([outdf, df.get(noncanonical)], axis=1)
/home/michal.kubacki/.conda/envs/scenicplus/lib/python3.11/site-packages/pyranges/out.py:37: FutureWarning: Passing a set as an indexer is deprecated and will raise in a future version. Use a list instead.
  return pd.concat([outdf, df.get(noncanonical)], axis=1)
/home/michal.kubacki/.conda/envs/scenicplus/lib/python3.11/site-packages/pyranges/out.py:37: FutureWarning: Passing a set as an indexer is deprecated and will raise in a future version. Use a list instead.
  return pd.concat([outdf, df.get(noncanonical)], axis=1)
/home/michal.kubacki/.conda/envs/scenicplus/lib/python3.11/site-packages/pyranges/out.py:37: FutureWarning: Passing a set as an indexer is deprecated and will raise in a future version. Use a list instead.
  return pd.concat([outdf, df.get(noncanonical)], axis=1)
/home/michal.kubacki/.conda/envs/scenicplus/lib/python3.11/site-packages/pyranges/out.py:37: FutureWarning: Passing a set as an indexer is deprecated and will raise in a future version. Use a list instead.
  return pd.concat([outdf, df.get(noncanonical)], axis=1)
/home/michal.kubacki/.conda/envs/scenicplus/lib/python3.11/site-packages/pyranges/out.py:37: FutureWarning: Passing a set as an indexer is deprecated and will raise in a future version. Use a list instead.
  return pd.concat([outdf, df.get(noncanonical)], axis=1)
Error executing command: pycistopic qc --fragments /group/testa/michal.kubacki/herring/data/GSE168408_RAW/GSM5138515_RL2367_1m_snATAC_fragments.tsv.gz --regions /group/testa/michal.kubacki/herring/output_hg19_all_cells/consensus_peak_calling/consensus_regions.bed --tss /group/testa/michal.kubacki/herring/output_hg19_all_cells/qc/tss.bed --output /group/testa/michal.kubacki/herring/output_hg19_all_cells/qc/1m
Error message: Traceback (most recent call last):
  File "/home/michal.kubacki/.conda/envs/scenicplus/bin/pycistopic", line 8, in <module>
    sys.exit(main())
             ^^^^^^
  File "/home/michal.kubacki/.conda/envs/scenicplus/lib/python3.11/site-packages/pycisTopic/cli/pycistopic.py", line 26, in main
    args.func(args)
  File "/home/michal.kubacki/.conda/envs/scenicplus/lib/python3.11/site-packages/pycisTopic/cli/subcommand/qc.py", line 233, in run_qc
    qc(
  File "/home/michal.kubacki/.conda/envs/scenicplus/lib/python3.11/site-packages/pycisTopic/cli/subcommand/qc.py", line 122, in qc
    tss_annotation_bed_df_pl = read_tss_annotation_from_bed(
                               ^^^^^^^^^^^^^^^^^^^^^^^^^^^^^
  File "/home/michal.kubacki/.conda/envs/scenicplus/lib/python3.11/site-packages/pycisTopic/gene_annotation.py", line 259, in read_tss_annotation_from_bed
    tss_annotation_bed_df_pl = pl.read_csv(
                               ^^^^^^^^^^^^
  File "/home/michal.kubacki/.conda/envs/scenicplus/lib/python3.11/site-packages/polars/utils/deprecation.py", line 136, in wrapper
    return function(*args, **kwargs)
           ^^^^^^^^^^^^^^^^^^^^^^^^^
  File "/home/michal.kubacki/.conda/envs/scenicplus/lib/python3.11/site-packages/polars/utils/deprecation.py", line 136, in wrapper
    return function(*args, **kwargs)
           ^^^^^^^^^^^^^^^^^^^^^^^^^
  File "/home/michal.kubacki/.conda/envs/scenicplus/lib/python3.11/site-packages/polars/utils/deprecation.py", line 136, in wrapper
    return function(*args, **kwargs)
           ^^^^^^^^^^^^^^^^^^^^^^^^^
  File "/home/michal.kubacki/.conda/envs/scenicplus/lib/python3.11/site-packages/polars/io/csv/functions.py", line 397, in read_csv
    df = pl.DataFrame._read_csv(
         ^^^^^^^^^^^^^^^^^^^^^^^
  File "/home/michal.kubacki/.conda/envs/scenicplus/lib/python3.11/site-packages/polars/dataframe/frame.py", line 749, in _read_csv
    self._df = PyDataFrame.read_csv(
               ^^^^^^^^^^^^^^^^^^^^^
FileNotFoundError: No such file or directory (os error 2): /group/testa/michal.kubacki/herring/output_hg19_all_cells/qc/tss.bed

Error executing command: pycistopic qc --fragments /group/testa/michal.kubacki/herring/data/GSE168408_RAW/GSM5138518_RL1914_3m_snATAC_fragments.tsv.gz --regions /group/testa/michal.kubacki/herring/output_hg19_all_cells/consensus_peak_calling/consensus_regions.bed --tss /group/testa/michal.kubacki/herring/output_hg19_all_cells/qc/tss.bed --output /group/testa/michal.kubacki/herring/output_hg19_all_cells/qc/3m
Error message: Traceback (most recent call last):
  File "/home/michal.kubacki/.conda/envs/scenicplus/bin/pycistopic", line 8, in <module>
    sys.exit(main())
             ^^^^^^
  File "/home/michal.kubacki/.conda/envs/scenicplus/lib/python3.11/site-packages/pycisTopic/cli/pycistopic.py", line 26, in main
    args.func(args)
  File "/home/michal.kubacki/.conda/envs/scenicplus/lib/python3.11/site-packages/pycisTopic/cli/subcommand/qc.py", line 233, in run_qc
    qc(
  File "/home/michal.kubacki/.conda/envs/scenicplus/lib/python3.11/site-packages/pycisTopic/cli/subcommand/qc.py", line 122, in qc
    tss_annotation_bed_df_pl = read_tss_annotation_from_bed(
                               ^^^^^^^^^^^^^^^^^^^^^^^^^^^^^
  File "/home/michal.kubacki/.conda/envs/scenicplus/lib/python3.11/site-packages/pycisTopic/gene_annotation.py", line 259, in read_tss_annotation_from_bed
    tss_annotation_bed_df_pl = pl.read_csv(
                               ^^^^^^^^^^^^
  File "/home/michal.kubacki/.conda/envs/scenicplus/lib/python3.11/site-packages/polars/utils/deprecation.py", line 136, in wrapper
    return function(*args, **kwargs)
           ^^^^^^^^^^^^^^^^^^^^^^^^^
  File "/home/michal.kubacki/.conda/envs/scenicplus/lib/python3.11/site-packages/polars/utils/deprecation.py", line 136, in wrapper
    return function(*args, **kwargs)
           ^^^^^^^^^^^^^^^^^^^^^^^^^
  File "/home/michal.kubacki/.conda/envs/scenicplus/lib/python3.11/site-packages/polars/utils/deprecation.py", line 136, in wrapper
    return function(*args, **kwargs)
           ^^^^^^^^^^^^^^^^^^^^^^^^^
  File "/home/michal.kubacki/.conda/envs/scenicplus/lib/python3.11/site-packages/polars/io/csv/functions.py", line 397, in read_csv
    df = pl.DataFrame._read_csv(
         ^^^^^^^^^^^^^^^^^^^^^^^
  File "/home/michal.kubacki/.conda/envs/scenicplus/lib/python3.11/site-packages/polars/dataframe/frame.py", line 749, in _read_csv
    self._df = PyDataFrame.read_csv(
               ^^^^^^^^^^^^^^^^^^^^^
FileNotFoundError: No such file or directory (os error 2): /group/testa/michal.kubacki/herring/output_hg19_all_cells/qc/tss.bed

Error executing command: pycistopic qc --fragments /group/testa/michal.kubacki/herring/data/GSE168408_RAW/GSM5138521_RL2208_6m_snATAC_fragments.tsv.gz --regions /group/testa/michal.kubacki/herring/output_hg19_all_cells/consensus_peak_calling/consensus_regions.bed --tss /group/testa/michal.kubacki/herring/output_hg19_all_cells/qc/tss.bed --output /group/testa/michal.kubacki/herring/output_hg19_all_cells/qc/6m
Error message: Traceback (most recent call last):
  File "/home/michal.kubacki/.conda/envs/scenicplus/bin/pycistopic", line 8, in <module>
    sys.exit(main())
             ^^^^^^
  File "/home/michal.kubacki/.conda/envs/scenicplus/lib/python3.11/site-packages/pycisTopic/cli/pycistopic.py", line 26, in main
    args.func(args)
  File "/home/michal.kubacki/.conda/envs/scenicplus/lib/python3.11/site-packages/pycisTopic/cli/subcommand/qc.py", line 233, in run_qc
    qc(
  File "/home/michal.kubacki/.conda/envs/scenicplus/lib/python3.11/site-packages/pycisTopic/cli/subcommand/qc.py", line 122, in qc
    tss_annotation_bed_df_pl = read_tss_annotation_from_bed(
                               ^^^^^^^^^^^^^^^^^^^^^^^^^^^^^
  File "/home/michal.kubacki/.conda/envs/scenicplus/lib/python3.11/site-packages/pycisTopic/gene_annotation.py", line 259, in read_tss_annotation_from_bed
    tss_annotation_bed_df_pl = pl.read_csv(
                               ^^^^^^^^^^^^
  File "/home/michal.kubacki/.conda/envs/scenicplus/lib/python3.11/site-packages/polars/utils/deprecation.py", line 136, in wrapper
    return function(*args, **kwargs)
           ^^^^^^^^^^^^^^^^^^^^^^^^^
  File "/home/michal.kubacki/.conda/envs/scenicplus/lib/python3.11/site-packages/polars/utils/deprecation.py", line 136, in wrapper
    return function(*args, **kwargs)
           ^^^^^^^^^^^^^^^^^^^^^^^^^
  File "/home/michal.kubacki/.conda/envs/scenicplus/lib/python3.11/site-packages/polars/utils/deprecation.py", line 136, in wrapper
    return function(*args, **kwargs)
           ^^^^^^^^^^^^^^^^^^^^^^^^^
  File "/home/michal.kubacki/.conda/envs/scenicplus/lib/python3.11/site-packages/polars/io/csv/functions.py", line 397, in read_csv
    df = pl.DataFrame._read_csv(
         ^^^^^^^^^^^^^^^^^^^^^^^
  File "/home/michal.kubacki/.conda/envs/scenicplus/lib/python3.11/site-packages/polars/dataframe/frame.py", line 749, in _read_csv
    self._df = PyDataFrame.read_csv(
               ^^^^^^^^^^^^^^^^^^^^^
FileNotFoundError: No such file or directory (os error 2): /group/testa/michal.kubacki/herring/output_hg19_all_cells/qc/tss.bed

Error executing command: pycistopic qc --fragments /group/testa/michal.kubacki/herring/data/GSE168408_RAW/GSM5138523_RL2371_10m_snATAC_fragments.tsv.gz --regions /group/testa/michal.kubacki/herring/output_hg19_all_cells/consensus_peak_calling/consensus_regions.bed --tss /group/testa/michal.kubacki/herring/output_hg19_all_cells/qc/tss.bed --output /group/testa/michal.kubacki/herring/output_hg19_all_cells/qc/10m
Error message: Traceback (most recent call last):
  File "/home/michal.kubacki/.conda/envs/scenicplus/bin/pycistopic", line 8, in <module>
    sys.exit(main())
             ^^^^^^
  File "/home/michal.kubacki/.conda/envs/scenicplus/lib/python3.11/site-packages/pycisTopic/cli/pycistopic.py", line 26, in main
    args.func(args)
  File "/home/michal.kubacki/.conda/envs/scenicplus/lib/python3.11/site-packages/pycisTopic/cli/subcommand/qc.py", line 233, in run_qc
    qc(
  File "/home/michal.kubacki/.conda/envs/scenicplus/lib/python3.11/site-packages/pycisTopic/cli/subcommand/qc.py", line 122, in qc
    tss_annotation_bed_df_pl = read_tss_annotation_from_bed(
                               ^^^^^^^^^^^^^^^^^^^^^^^^^^^^^
  File "/home/michal.kubacki/.conda/envs/scenicplus/lib/python3.11/site-packages/pycisTopic/gene_annotation.py", line 259, in read_tss_annotation_from_bed
    tss_annotation_bed_df_pl = pl.read_csv(
                               ^^^^^^^^^^^^
  File "/home/michal.kubacki/.conda/envs/scenicplus/lib/python3.11/site-packages/polars/utils/deprecation.py", line 136, in wrapper
    return function(*args, **kwargs)
           ^^^^^^^^^^^^^^^^^^^^^^^^^
  File "/home/michal.kubacki/.conda/envs/scenicplus/lib/python3.11/site-packages/polars/utils/deprecation.py", line 136, in wrapper
    return function(*args, **kwargs)
           ^^^^^^^^^^^^^^^^^^^^^^^^^
  File "/home/michal.kubacki/.conda/envs/scenicplus/lib/python3.11/site-packages/polars/utils/deprecation.py", line 136, in wrapper
    return function(*args, **kwargs)
           ^^^^^^^^^^^^^^^^^^^^^^^^^
  File "/home/michal.kubacki/.conda/envs/scenicplus/lib/python3.11/site-packages/polars/io/csv/functions.py", line 397, in read_csv
    df = pl.DataFrame._read_csv(
         ^^^^^^^^^^^^^^^^^^^^^^^
  File "/home/michal.kubacki/.conda/envs/scenicplus/lib/python3.11/site-packages/polars/dataframe/frame.py", line 749, in _read_csv
    self._df = PyDataFrame.read_csv(
               ^^^^^^^^^^^^^^^^^^^^^
FileNotFoundError: No such file or directory (os error 2): /group/testa/michal.kubacki/herring/output_hg19_all_cells/qc/tss.bed

Error executing command: pycistopic qc --fragments /group/testa/michal.kubacki/herring/data/GSE168408_RAW/GSM5138526_RL2209_1y_snATAC_fragments.tsv.gz --regions /group/testa/michal.kubacki/herring/output_hg19_all_cells/consensus_peak_calling/consensus_regions.bed --tss /group/testa/michal.kubacki/herring/output_hg19_all_cells/qc/tss.bed --output /group/testa/michal.kubacki/herring/output_hg19_all_cells/qc/1y
Error message: Traceback (most recent call last):
  File "/home/michal.kubacki/.conda/envs/scenicplus/bin/pycistopic", line 8, in <module>
    sys.exit(main())
             ^^^^^^
  File "/home/michal.kubacki/.conda/envs/scenicplus/lib/python3.11/site-packages/pycisTopic/cli/pycistopic.py", line 26, in main
    args.func(args)
  File "/home/michal.kubacki/.conda/envs/scenicplus/lib/python3.11/site-packages/pycisTopic/cli/subcommand/qc.py", line 233, in run_qc
    qc(
  File "/home/michal.kubacki/.conda/envs/scenicplus/lib/python3.11/site-packages/pycisTopic/cli/subcommand/qc.py", line 122, in qc
    tss_annotation_bed_df_pl = read_tss_annotation_from_bed(
                               ^^^^^^^^^^^^^^^^^^^^^^^^^^^^^
  File "/home/michal.kubacki/.conda/envs/scenicplus/lib/python3.11/site-packages/pycisTopic/gene_annotation.py", line 259, in read_tss_annotation_from_bed
    tss_annotation_bed_df_pl = pl.read_csv(
                               ^^^^^^^^^^^^
  File "/home/michal.kubacki/.conda/envs/scenicplus/lib/python3.11/site-packages/polars/utils/deprecation.py", line 136, in wrapper
    return function(*args, **kwargs)
           ^^^^^^^^^^^^^^^^^^^^^^^^^
  File "/home/michal.kubacki/.conda/envs/scenicplus/lib/python3.11/site-packages/polars/utils/deprecation.py", line 136, in wrapper
    return function(*args, **kwargs)
           ^^^^^^^^^^^^^^^^^^^^^^^^^
  File "/home/michal.kubacki/.conda/envs/scenicplus/lib/python3.11/site-packages/polars/utils/deprecation.py", line 136, in wrapper
    return function(*args, **kwargs)
           ^^^^^^^^^^^^^^^^^^^^^^^^^
  File "/home/michal.kubacki/.conda/envs/scenicplus/lib/python3.11/site-packages/polars/io/csv/functions.py", line 397, in read_csv
    df = pl.DataFrame._read_csv(
         ^^^^^^^^^^^^^^^^^^^^^^^
  File "/home/michal.kubacki/.conda/envs/scenicplus/lib/python3.11/site-packages/polars/dataframe/frame.py", line 749, in _read_csv
    self._df = PyDataFrame.read_csv(
               ^^^^^^^^^^^^^^^^^^^^^
FileNotFoundError: No such file or directory (os error 2): /group/testa/michal.kubacki/herring/output_hg19_all_cells/qc/tss.bed

Error executing command: pycistopic qc --fragments /group/testa/michal.kubacki/herring/data/GSE168408_RAW/GSM5138529_RL1784_2y_snATAC_fragments.tsv.gz --regions /group/testa/michal.kubacki/herring/output_hg19_all_cells/consensus_peak_calling/consensus_regions.bed --tss /group/testa/michal.kubacki/herring/output_hg19_all_cells/qc/tss.bed --output /group/testa/michal.kubacki/herring/output_hg19_all_cells/qc/2y
Error message: Traceback (most recent call last):
  File "/home/michal.kubacki/.conda/envs/scenicplus/bin/pycistopic", line 8, in <module>
    sys.exit(main())
             ^^^^^^
  File "/home/michal.kubacki/.conda/envs/scenicplus/lib/python3.11/site-packages/pycisTopic/cli/pycistopic.py", line 26, in main
    args.func(args)
  File "/home/michal.kubacki/.conda/envs/scenicplus/lib/python3.11/site-packages/pycisTopic/cli/subcommand/qc.py", line 233, in run_qc
    qc(
  File "/home/michal.kubacki/.conda/envs/scenicplus/lib/python3.11/site-packages/pycisTopic/cli/subcommand/qc.py", line 122, in qc
    tss_annotation_bed_df_pl = read_tss_annotation_from_bed(
                               ^^^^^^^^^^^^^^^^^^^^^^^^^^^^^
  File "/home/michal.kubacki/.conda/envs/scenicplus/lib/python3.11/site-packages/pycisTopic/gene_annotation.py", line 259, in read_tss_annotation_from_bed
    tss_annotation_bed_df_pl = pl.read_csv(
                               ^^^^^^^^^^^^
  File "/home/michal.kubacki/.conda/envs/scenicplus/lib/python3.11/site-packages/polars/utils/deprecation.py", line 136, in wrapper
    return function(*args, **kwargs)
           ^^^^^^^^^^^^^^^^^^^^^^^^^
  File "/home/michal.kubacki/.conda/envs/scenicplus/lib/python3.11/site-packages/polars/utils/deprecation.py", line 136, in wrapper
    return function(*args, **kwargs)
           ^^^^^^^^^^^^^^^^^^^^^^^^^
  File "/home/michal.kubacki/.conda/envs/scenicplus/lib/python3.11/site-packages/polars/utils/deprecation.py", line 136, in wrapper
    return function(*args, **kwargs)
           ^^^^^^^^^^^^^^^^^^^^^^^^^
  File "/home/michal.kubacki/.conda/envs/scenicplus/lib/python3.11/site-packages/polars/io/csv/functions.py", line 397, in read_csv
    df = pl.DataFrame._read_csv(
         ^^^^^^^^^^^^^^^^^^^^^^^
  File "/home/michal.kubacki/.conda/envs/scenicplus/lib/python3.11/site-packages/polars/dataframe/frame.py", line 749, in _read_csv
    self._df = PyDataFrame.read_csv(
               ^^^^^^^^^^^^^^^^^^^^^
FileNotFoundError: No such file or directory (os error 2): /group/testa/michal.kubacki/herring/output_hg19_all_cells/qc/tss.bed

Error executing command: pycistopic qc --fragments /group/testa/michal.kubacki/herring/data/GSE168408_RAW/GSM5138532_RL2210_4y_snATAC_fragments.tsv.gz --regions /group/testa/michal.kubacki/herring/output_hg19_all_cells/consensus_peak_calling/consensus_regions.bed --tss /group/testa/michal.kubacki/herring/output_hg19_all_cells/qc/tss.bed --output /group/testa/michal.kubacki/herring/output_hg19_all_cells/qc/4y
Error message: Traceback (most recent call last):
  File "/home/michal.kubacki/.conda/envs/scenicplus/bin/pycistopic", line 8, in <module>
    sys.exit(main())
             ^^^^^^
  File "/home/michal.kubacki/.conda/envs/scenicplus/lib/python3.11/site-packages/pycisTopic/cli/pycistopic.py", line 26, in main
    args.func(args)
  File "/home/michal.kubacki/.conda/envs/scenicplus/lib/python3.11/site-packages/pycisTopic/cli/subcommand/qc.py", line 233, in run_qc
    qc(
  File "/home/michal.kubacki/.conda/envs/scenicplus/lib/python3.11/site-packages/pycisTopic/cli/subcommand/qc.py", line 122, in qc
    tss_annotation_bed_df_pl = read_tss_annotation_from_bed(
                               ^^^^^^^^^^^^^^^^^^^^^^^^^^^^^
  File "/home/michal.kubacki/.conda/envs/scenicplus/lib/python3.11/site-packages/pycisTopic/gene_annotation.py", line 259, in read_tss_annotation_from_bed
    tss_annotation_bed_df_pl = pl.read_csv(
                               ^^^^^^^^^^^^
  File "/home/michal.kubacki/.conda/envs/scenicplus/lib/python3.11/site-packages/polars/utils/deprecation.py", line 136, in wrapper
    return function(*args, **kwargs)
           ^^^^^^^^^^^^^^^^^^^^^^^^^
  File "/home/michal.kubacki/.conda/envs/scenicplus/lib/python3.11/site-packages/polars/utils/deprecation.py", line 136, in wrapper
    return function(*args, **kwargs)
           ^^^^^^^^^^^^^^^^^^^^^^^^^
  File "/home/michal.kubacki/.conda/envs/scenicplus/lib/python3.11/site-packages/polars/utils/deprecation.py", line 136, in wrapper
    return function(*args, **kwargs)
           ^^^^^^^^^^^^^^^^^^^^^^^^^
  File "/home/michal.kubacki/.conda/envs/scenicplus/lib/python3.11/site-packages/polars/io/csv/functions.py", line 397, in read_csv
    df = pl.DataFrame._read_csv(
         ^^^^^^^^^^^^^^^^^^^^^^^
  File "/home/michal.kubacki/.conda/envs/scenicplus/lib/python3.11/site-packages/polars/dataframe/frame.py", line 749, in _read_csv
    self._df = PyDataFrame.read_csv(
               ^^^^^^^^^^^^^^^^^^^^^
FileNotFoundError: No such file or directory (os error 2): /group/testa/michal.kubacki/herring/output_hg19_all_cells/qc/tss.bed

Error executing command: pycistopic qc --fragments /group/testa/michal.kubacki/herring/data/GSE168408_RAW/GSM5138534_RL2364_6y_snATAC_fragments.tsv.gz --regions /group/testa/michal.kubacki/herring/output_hg19_all_cells/consensus_peak_calling/consensus_regions.bed --tss /group/testa/michal.kubacki/herring/output_hg19_all_cells/qc/tss.bed --output /group/testa/michal.kubacki/herring/output_hg19_all_cells/qc/6y
Error message: Traceback (most recent call last):
  File "/home/michal.kubacki/.conda/envs/scenicplus/bin/pycistopic", line 8, in <module>
    sys.exit(main())
             ^^^^^^
  File "/home/michal.kubacki/.conda/envs/scenicplus/lib/python3.11/site-packages/pycisTopic/cli/pycistopic.py", line 26, in main
    args.func(args)
  File "/home/michal.kubacki/.conda/envs/scenicplus/lib/python3.11/site-packages/pycisTopic/cli/subcommand/qc.py", line 233, in run_qc
    qc(
  File "/home/michal.kubacki/.conda/envs/scenicplus/lib/python3.11/site-packages/pycisTopic/cli/subcommand/qc.py", line 122, in qc
    tss_annotation_bed_df_pl = read_tss_annotation_from_bed(
                               ^^^^^^^^^^^^^^^^^^^^^^^^^^^^^
  File "/home/michal.kubacki/.conda/envs/scenicplus/lib/python3.11/site-packages/pycisTopic/gene_annotation.py", line 259, in read_tss_annotation_from_bed
    tss_annotation_bed_df_pl = pl.read_csv(
                               ^^^^^^^^^^^^
  File "/home/michal.kubacki/.conda/envs/scenicplus/lib/python3.11/site-packages/polars/utils/deprecation.py", line 136, in wrapper
    return function(*args, **kwargs)
           ^^^^^^^^^^^^^^^^^^^^^^^^^
  File "/home/michal.kubacki/.conda/envs/scenicplus/lib/python3.11/site-packages/polars/utils/deprecation.py", line 136, in wrapper
    return function(*args, **kwargs)
           ^^^^^^^^^^^^^^^^^^^^^^^^^
  File "/home/michal.kubacki/.conda/envs/scenicplus/lib/python3.11/site-packages/polars/utils/deprecation.py", line 136, in wrapper
    return function(*args, **kwargs)
           ^^^^^^^^^^^^^^^^^^^^^^^^^
  File "/home/michal.kubacki/.conda/envs/scenicplus/lib/python3.11/site-packages/polars/io/csv/functions.py", line 397, in read_csv
    df = pl.DataFrame._read_csv(
         ^^^^^^^^^^^^^^^^^^^^^^^
  File "/home/michal.kubacki/.conda/envs/scenicplus/lib/python3.11/site-packages/polars/dataframe/frame.py", line 749, in _read_csv
    self._df = PyDataFrame.read_csv(
               ^^^^^^^^^^^^^^^^^^^^^
FileNotFoundError: No such file or directory (os error 2): /group/testa/michal.kubacki/herring/output_hg19_all_cells/qc/tss.bed

Error executing command: pycistopic qc --fragments /group/testa/michal.kubacki/herring/data/GSE168408_RAW/GSM5138539_RL2368_10y_snATAC_fragments.tsv.gz --regions /group/testa/michal.kubacki/herring/output_hg19_all_cells/consensus_peak_calling/consensus_regions.bed --tss /group/testa/michal.kubacki/herring/output_hg19_all_cells/qc/tss.bed --output /group/testa/michal.kubacki/herring/output_hg19_all_cells/qc/10y
Error message: Traceback (most recent call last):
  File "/home/michal.kubacki/.conda/envs/scenicplus/bin/pycistopic", line 8, in <module>
    sys.exit(main())
             ^^^^^^
  File "/home/michal.kubacki/.conda/envs/scenicplus/lib/python3.11/site-packages/pycisTopic/cli/pycistopic.py", line 26, in main
    args.func(args)
  File "/home/michal.kubacki/.conda/envs/scenicplus/lib/python3.11/site-packages/pycisTopic/cli/subcommand/qc.py", line 233, in run_qc
    qc(
  File "/home/michal.kubacki/.conda/envs/scenicplus/lib/python3.11/site-packages/pycisTopic/cli/subcommand/qc.py", line 122, in qc
    tss_annotation_bed_df_pl = read_tss_annotation_from_bed(
                               ^^^^^^^^^^^^^^^^^^^^^^^^^^^^^
  File "/home/michal.kubacki/.conda/envs/scenicplus/lib/python3.11/site-packages/pycisTopic/gene_annotation.py", line 259, in read_tss_annotation_from_bed
    tss_annotation_bed_df_pl = pl.read_csv(
                               ^^^^^^^^^^^^
  File "/home/michal.kubacki/.conda/envs/scenicplus/lib/python3.11/site-packages/polars/utils/deprecation.py", line 136, in wrapper
    return function(*args, **kwargs)
           ^^^^^^^^^^^^^^^^^^^^^^^^^
  File "/home/michal.kubacki/.conda/envs/scenicplus/lib/python3.11/site-packages/polars/utils/deprecation.py", line 136, in wrapper
    return function(*args, **kwargs)
           ^^^^^^^^^^^^^^^^^^^^^^^^^
  File "/home/michal.kubacki/.conda/envs/scenicplus/lib/python3.11/site-packages/polars/utils/deprecation.py", line 136, in wrapper
    return function(*args, **kwargs)
           ^^^^^^^^^^^^^^^^^^^^^^^^^
  File "/home/michal.kubacki/.conda/envs/scenicplus/lib/python3.11/site-packages/polars/io/csv/functions.py", line 397, in read_csv
    df = pl.DataFrame._read_csv(
         ^^^^^^^^^^^^^^^^^^^^^^^
  File "/home/michal.kubacki/.conda/envs/scenicplus/lib/python3.11/site-packages/polars/dataframe/frame.py", line 749, in _read_csv
    self._df = PyDataFrame.read_csv(
               ^^^^^^^^^^^^^^^^^^^^^
FileNotFoundError: No such file or directory (os error 2): /group/testa/michal.kubacki/herring/output_hg19_all_cells/qc/tss.bed

Error executing command: pycistopic qc --fragments /group/testa/michal.kubacki/herring/data/GSE168408_RAW/GSM5138544_RL1785_16y_snATAC_fragments.tsv.gz --regions /group/testa/michal.kubacki/herring/output_hg19_all_cells/consensus_peak_calling/consensus_regions.bed --tss /group/testa/michal.kubacki/herring/output_hg19_all_cells/qc/tss.bed --output /group/testa/michal.kubacki/herring/output_hg19_all_cells/qc/16y
Error message: Traceback (most recent call last):
  File "/home/michal.kubacki/.conda/envs/scenicplus/bin/pycistopic", line 8, in <module>
    sys.exit(main())
             ^^^^^^
  File "/home/michal.kubacki/.conda/envs/scenicplus/lib/python3.11/site-packages/pycisTopic/cli/pycistopic.py", line 26, in main
    args.func(args)
  File "/home/michal.kubacki/.conda/envs/scenicplus/lib/python3.11/site-packages/pycisTopic/cli/subcommand/qc.py", line 233, in run_qc
    qc(
  File "/home/michal.kubacki/.conda/envs/scenicplus/lib/python3.11/site-packages/pycisTopic/cli/subcommand/qc.py", line 122, in qc
    tss_annotation_bed_df_pl = read_tss_annotation_from_bed(
                               ^^^^^^^^^^^^^^^^^^^^^^^^^^^^^
  File "/home/michal.kubacki/.conda/envs/scenicplus/lib/python3.11/site-packages/pycisTopic/gene_annotation.py", line 259, in read_tss_annotation_from_bed
    tss_annotation_bed_df_pl = pl.read_csv(
                               ^^^^^^^^^^^^
  File "/home/michal.kubacki/.conda/envs/scenicplus/lib/python3.11/site-packages/polars/utils/deprecation.py", line 136, in wrapper
    return function(*args, **kwargs)
           ^^^^^^^^^^^^^^^^^^^^^^^^^
  File "/home/michal.kubacki/.conda/envs/scenicplus/lib/python3.11/site-packages/polars/utils/deprecation.py", line 136, in wrapper
    return function(*args, **kwargs)
           ^^^^^^^^^^^^^^^^^^^^^^^^^
  File "/home/michal.kubacki/.conda/envs/scenicplus/lib/python3.11/site-packages/polars/utils/deprecation.py", line 136, in wrapper
    return function(*args, **kwargs)
           ^^^^^^^^^^^^^^^^^^^^^^^^^
  File "/home/michal.kubacki/.conda/envs/scenicplus/lib/python3.11/site-packages/polars/io/csv/functions.py", line 397, in read_csv
    df = pl.DataFrame._read_csv(
         ^^^^^^^^^^^^^^^^^^^^^^^
  File "/home/michal.kubacki/.conda/envs/scenicplus/lib/python3.11/site-packages/polars/dataframe/frame.py", line 749, in _read_csv
    self._df = PyDataFrame.read_csv(
               ^^^^^^^^^^^^^^^^^^^^^
FileNotFoundError: No such file or directory (os error 2): /group/testa/michal.kubacki/herring/output_hg19_all_cells/qc/tss.bed

Error executing command: pycistopic qc --fragments /group/testa/michal.kubacki/herring/data/GSE168408_RAW/GSM5138548_RL2085_20y_snATAC_fragments.tsv.gz --regions /group/testa/michal.kubacki/herring/output_hg19_all_cells/consensus_peak_calling/consensus_regions.bed --tss /group/testa/michal.kubacki/herring/output_hg19_all_cells/qc/tss.bed --output /group/testa/michal.kubacki/herring/output_hg19_all_cells/qc/20y
Error message: Traceback (most recent call last):
  File "/home/michal.kubacki/.conda/envs/scenicplus/bin/pycistopic", line 8, in <module>
    sys.exit(main())
             ^^^^^^
  File "/home/michal.kubacki/.conda/envs/scenicplus/lib/python3.11/site-packages/pycisTopic/cli/pycistopic.py", line 26, in main
    args.func(args)
  File "/home/michal.kubacki/.conda/envs/scenicplus/lib/python3.11/site-packages/pycisTopic/cli/subcommand/qc.py", line 233, in run_qc
    qc(
  File "/home/michal.kubacki/.conda/envs/scenicplus/lib/python3.11/site-packages/pycisTopic/cli/subcommand/qc.py", line 122, in qc
    tss_annotation_bed_df_pl = read_tss_annotation_from_bed(
                               ^^^^^^^^^^^^^^^^^^^^^^^^^^^^^
  File "/home/michal.kubacki/.conda/envs/scenicplus/lib/python3.11/site-packages/pycisTopic/gene_annotation.py", line 259, in read_tss_annotation_from_bed
    tss_annotation_bed_df_pl = pl.read_csv(
                               ^^^^^^^^^^^^
  File "/home/michal.kubacki/.conda/envs/scenicplus/lib/python3.11/site-packages/polars/utils/deprecation.py", line 136, in wrapper
    return function(*args, **kwargs)
           ^^^^^^^^^^^^^^^^^^^^^^^^^
  File "/home/michal.kubacki/.conda/envs/scenicplus/lib/python3.11/site-packages/polars/utils/deprecation.py", line 136, in wrapper
    return function(*args, **kwargs)
           ^^^^^^^^^^^^^^^^^^^^^^^^^
  File "/home/michal.kubacki/.conda/envs/scenicplus/lib/python3.11/site-packages/polars/utils/deprecation.py", line 136, in wrapper
    return function(*args, **kwargs)
           ^^^^^^^^^^^^^^^^^^^^^^^^^
  File "/home/michal.kubacki/.conda/envs/scenicplus/lib/python3.11/site-packages/polars/io/csv/functions.py", line 397, in read_csv
    df = pl.DataFrame._read_csv(
         ^^^^^^^^^^^^^^^^^^^^^^^
  File "/home/michal.kubacki/.conda/envs/scenicplus/lib/python3.11/site-packages/polars/dataframe/frame.py", line 749, in _read_csv
    self._df = PyDataFrame.read_csv(
               ^^^^^^^^^^^^^^^^^^^^^
FileNotFoundError: No such file or directory (os error 2): /group/testa/michal.kubacki/herring/output_hg19_all_cells/qc/tss.bed

Error executing command: pycistopic qc --fragments /group/testa/michal.kubacki/herring/data/GSE168408_RAW/GSM5138552_RL2373_40y_snATAC_fragments.tsv.gz --regions /group/testa/michal.kubacki/herring/output_hg19_all_cells/consensus_peak_calling/consensus_regions.bed --tss /group/testa/michal.kubacki/herring/output_hg19_all_cells/qc/tss.bed --output /group/testa/michal.kubacki/herring/output_hg19_all_cells/qc/40y
Error message: Traceback (most recent call last):
  File "/home/michal.kubacki/.conda/envs/scenicplus/bin/pycistopic", line 8, in <module>
    sys.exit(main())
             ^^^^^^
  File "/home/michal.kubacki/.conda/envs/scenicplus/lib/python3.11/site-packages/pycisTopic/cli/pycistopic.py", line 26, in main
    args.func(args)
  File "/home/michal.kubacki/.conda/envs/scenicplus/lib/python3.11/site-packages/pycisTopic/cli/subcommand/qc.py", line 233, in run_qc
    qc(
  File "/home/michal.kubacki/.conda/envs/scenicplus/lib/python3.11/site-packages/pycisTopic/cli/subcommand/qc.py", line 122, in qc
    tss_annotation_bed_df_pl = read_tss_annotation_from_bed(
                               ^^^^^^^^^^^^^^^^^^^^^^^^^^^^^
  File "/home/michal.kubacki/.conda/envs/scenicplus/lib/python3.11/site-packages/pycisTopic/gene_annotation.py", line 259, in read_tss_annotation_from_bed
    tss_annotation_bed_df_pl = pl.read_csv(
                               ^^^^^^^^^^^^
  File "/home/michal.kubacki/.conda/envs/scenicplus/lib/python3.11/site-packages/polars/utils/deprecation.py", line 136, in wrapper
    return function(*args, **kwargs)
           ^^^^^^^^^^^^^^^^^^^^^^^^^
  File "/home/michal.kubacki/.conda/envs/scenicplus/lib/python3.11/site-packages/polars/utils/deprecation.py", line 136, in wrapper
    return function(*args, **kwargs)
           ^^^^^^^^^^^^^^^^^^^^^^^^^
  File "/home/michal.kubacki/.conda/envs/scenicplus/lib/python3.11/site-packages/polars/utils/deprecation.py", line 136, in wrapper
    return function(*args, **kwargs)
           ^^^^^^^^^^^^^^^^^^^^^^^^^
  File "/home/michal.kubacki/.conda/envs/scenicplus/lib/python3.11/site-packages/polars/io/csv/functions.py", line 397, in read_csv
    df = pl.DataFrame._read_csv(
         ^^^^^^^^^^^^^^^^^^^^^^^
  File "/home/michal.kubacki/.conda/envs/scenicplus/lib/python3.11/site-packages/polars/dataframe/frame.py", line 749, in _read_csv
    self._df = PyDataFrame.read_csv(
               ^^^^^^^^^^^^^^^^^^^^^
FileNotFoundError: No such file or directory (os error 2): /group/testa/michal.kubacki/herring/output_hg19_all_cells/qc/tss.bed

Error executing command: pycistopic qc --fragments /group/testa/michal.kubacki/herring/data/GSE168408_RAW/GSM5138510_RL2366_ga22_snATAC_fragments.tsv.gz --regions /group/testa/michal.kubacki/herring/output_hg19_all_cells/consensus_peak_calling/consensus_regions.bed --tss /group/testa/michal.kubacki/herring/output_hg19_all_cells/qc/tss.bed --output /group/testa/michal.kubacki/herring/output_hg19_all_cells/qc/ga22
Error message: Traceback (most recent call last):
  File "/home/michal.kubacki/.conda/envs/scenicplus/bin/pycistopic", line 8, in <module>
    sys.exit(main())
             ^^^^^^
  File "/home/michal.kubacki/.conda/envs/scenicplus/lib/python3.11/site-packages/pycisTopic/cli/pycistopic.py", line 26, in main
    args.func(args)
  File "/home/michal.kubacki/.conda/envs/scenicplus/lib/python3.11/site-packages/pycisTopic/cli/subcommand/qc.py", line 233, in run_qc
    qc(
  File "/home/michal.kubacki/.conda/envs/scenicplus/lib/python3.11/site-packages/pycisTopic/cli/subcommand/qc.py", line 122, in qc
    tss_annotation_bed_df_pl = read_tss_annotation_from_bed(
                               ^^^^^^^^^^^^^^^^^^^^^^^^^^^^^
  File "/home/michal.kubacki/.conda/envs/scenicplus/lib/python3.11/site-packages/pycisTopic/gene_annotation.py", line 259, in read_tss_annotation_from_bed
    tss_annotation_bed_df_pl = pl.read_csv(
                               ^^^^^^^^^^^^
  File "/home/michal.kubacki/.conda/envs/scenicplus/lib/python3.11/site-packages/polars/utils/deprecation.py", line 136, in wrapper
    return function(*args, **kwargs)
           ^^^^^^^^^^^^^^^^^^^^^^^^^
  File "/home/michal.kubacki/.conda/envs/scenicplus/lib/python3.11/site-packages/polars/utils/deprecation.py", line 136, in wrapper
    return function(*args, **kwargs)
           ^^^^^^^^^^^^^^^^^^^^^^^^^
  File "/home/michal.kubacki/.conda/envs/scenicplus/lib/python3.11/site-packages/polars/utils/deprecation.py", line 136, in wrapper
    return function(*args, **kwargs)
           ^^^^^^^^^^^^^^^^^^^^^^^^^
  File "/home/michal.kubacki/.conda/envs/scenicplus/lib/python3.11/site-packages/polars/io/csv/functions.py", line 397, in read_csv
    df = pl.DataFrame._read_csv(
         ^^^^^^^^^^^^^^^^^^^^^^^
  File "/home/michal.kubacki/.conda/envs/scenicplus/lib/python3.11/site-packages/polars/dataframe/frame.py", line 749, in _read_csv
    self._df = PyDataFrame.read_csv(
               ^^^^^^^^^^^^^^^^^^^^^
FileNotFoundError: No such file or directory (os error 2): /group/testa/michal.kubacki/herring/output_hg19_all_cells/qc/tss.bed

Error executing command: pycistopic qc --fragments /group/testa/michal.kubacki/herring/data/GSE168408_RAW/GSM5138512_RL2207_ga24_snATAC_fragments.tsv.gz --regions /group/testa/michal.kubacki/herring/output_hg19_all_cells/consensus_peak_calling/consensus_regions.bed --tss /group/testa/michal.kubacki/herring/output_hg19_all_cells/qc/tss.bed --output /group/testa/michal.kubacki/herring/output_hg19_all_cells/qc/ga24
Error message: Traceback (most recent call last):
  File "/home/michal.kubacki/.conda/envs/scenicplus/bin/pycistopic", line 8, in <module>
    sys.exit(main())
             ^^^^^^
  File "/home/michal.kubacki/.conda/envs/scenicplus/lib/python3.11/site-packages/pycisTopic/cli/pycistopic.py", line 26, in main
    args.func(args)
  File "/home/michal.kubacki/.conda/envs/scenicplus/lib/python3.11/site-packages/pycisTopic/cli/subcommand/qc.py", line 233, in run_qc
    qc(
  File "/home/michal.kubacki/.conda/envs/scenicplus/lib/python3.11/site-packages/pycisTopic/cli/subcommand/qc.py", line 122, in qc
    tss_annotation_bed_df_pl = read_tss_annotation_from_bed(
                               ^^^^^^^^^^^^^^^^^^^^^^^^^^^^^
  File "/home/michal.kubacki/.conda/envs/scenicplus/lib/python3.11/site-packages/pycisTopic/gene_annotation.py", line 259, in read_tss_annotation_from_bed
    tss_annotation_bed_df_pl = pl.read_csv(
                               ^^^^^^^^^^^^
  File "/home/michal.kubacki/.conda/envs/scenicplus/lib/python3.11/site-packages/polars/utils/deprecation.py", line 136, in wrapper
    return function(*args, **kwargs)
           ^^^^^^^^^^^^^^^^^^^^^^^^^
  File "/home/michal.kubacki/.conda/envs/scenicplus/lib/python3.11/site-packages/polars/utils/deprecation.py", line 136, in wrapper
    return function(*args, **kwargs)
           ^^^^^^^^^^^^^^^^^^^^^^^^^
  File "/home/michal.kubacki/.conda/envs/scenicplus/lib/python3.11/site-packages/polars/utils/deprecation.py", line 136, in wrapper
    return function(*args, **kwargs)
           ^^^^^^^^^^^^^^^^^^^^^^^^^
  File "/home/michal.kubacki/.conda/envs/scenicplus/lib/python3.11/site-packages/polars/io/csv/functions.py", line 397, in read_csv
    df = pl.DataFrame._read_csv(
         ^^^^^^^^^^^^^^^^^^^^^^^
  File "/home/michal.kubacki/.conda/envs/scenicplus/lib/python3.11/site-packages/polars/dataframe/frame.py", line 749, in _read_csv
    self._df = PyDataFrame.read_csv(
               ^^^^^^^^^^^^^^^^^^^^^
FileNotFoundError: No such file or directory (os error 2): /group/testa/michal.kubacki/herring/output_hg19_all_cells/qc/tss.bed

Traceback (most recent call last):
  File "/home/michal.kubacki/Githubs/Re-MEND/code/External_Datasets/GeneSet_Derivation/Herring_scenic/PycisTopic_Scenic/train_model_before.py", line 403, in <module>
    fig = plot_sample_stats(
          ^^^^^^^^^^^^^^^^^^
  File "/home/michal.kubacki/.conda/envs/scenicplus/lib/python3.11/site-packages/pycisTopic/plotting/qc_plot.py", line 171, in plot_sample_stats
    raise FileNotFoundError(
FileNotFoundError: Could not find 1m.fragments_insert_size_dist.parquet in /group/testa/michal.kubacki/herring/output_hg19_all_cells/qc
slurmstepd: error: _cgroup_procs_check: failed on path /sys/fs/cgroup/memory/slurm/uid_10666/job_13581845/step_batch/cgroup.procs: No such file or directory
slurmstepd: error: unable to read '/sys/fs/cgroup/memory/slurm/uid_10666/job_13581845/step_batch/cgroup.procs'
