INFO: localdir at /localscratch/13140998.michal.kubacki
INFO: your job will run on local system.
root_dir: /group/testa/michal.kubacki/herring
out_dir: /group/testa/michal.kubacki/herring/output_hg19_all_excitatory
in_dir: /group/testa/michal.kubacki/herring/data
tmp_dir: /group/testa/michal.kubacki/herring/tmp
2024-07-03 09:56:52,260 cisTopic     INFO     Finding neighbours
2024-07-03 09:56:55,913 cisTopic     INFO     Running UMAP
/home/michal.kubacki/.conda/envs/scenicplus/lib/python3.11/site-packages/umap/umap_.py:1943: UserWarning: n_jobs value -1 overridden to 1 by setting random_state. Use no seed for parallelism.
  warn(f"n_jobs value {self.n_jobs} overridden to 1 by setting random_state. Use no seed for parallelism.")
2024-07-03 09:57:22,583 cisTopic     INFO     Running TSNE
/home/michal.kubacki/.conda/envs/scenicplus/lib/python3.11/site-packages/statsmodels/stats/weightstats.py:792: RuntimeWarning: divide by zero encountered in scalar divide
  zstat = value / std
2024-07-03 09:58:12,217 cisTopic     INFO     Imputing region accessibility
2024-07-03 09:58:12,219 cisTopic     INFO     Impute region accessibility for regions 0-20000
2024-07-03 09:58:14,039 cisTopic     INFO     Impute region accessibility for regions 20000-40000
2024-07-03 09:58:15,518 cisTopic     INFO     Impute region accessibility for regions 40000-60000
2024-07-03 09:58:16,995 cisTopic     INFO     Impute region accessibility for regions 60000-80000
2024-07-03 09:58:18,472 cisTopic     INFO     Impute region accessibility for regions 80000-100000
2024-07-03 09:58:19,955 cisTopic     INFO     Impute region accessibility for regions 100000-120000
2024-07-03 09:58:21,437 cisTopic     INFO     Impute region accessibility for regions 120000-140000
2024-07-03 09:58:22,920 cisTopic     INFO     Impute region accessibility for regions 140000-160000
2024-07-03 09:58:24,404 cisTopic     INFO     Impute region accessibility for regions 160000-180000
2024-07-03 09:58:25,888 cisTopic     INFO     Impute region accessibility for regions 180000-200000
2024-07-03 09:58:27,372 cisTopic     INFO     Impute region accessibility for regions 200000-220000
2024-07-03 09:58:28,856 cisTopic     INFO     Impute region accessibility for regions 220000-240000
2024-07-03 09:58:30,339 cisTopic     INFO     Impute region accessibility for regions 240000-260000
2024-07-03 09:58:31,822 cisTopic     INFO     Impute region accessibility for regions 260000-280000
2024-07-03 09:58:33,307 cisTopic     INFO     Impute region accessibility for regions 280000-300000
2024-07-03 09:58:34,785 cisTopic     INFO     Impute region accessibility for regions 300000-320000
2024-07-03 09:58:36,273 cisTopic     INFO     Impute region accessibility for regions 320000-340000
2024-07-03 09:58:36,948 cisTopic     INFO     Done!
2024-07-03 09:58:36,948 cisTopic     INFO     Normalizing imputed data
2024-07-03 09:58:55,632 cisTopic     INFO     Done!
2024-07-03 09:58:55,633 cisTopic     INFO     Calculating mean
2024-07-03 09:58:58,837 cisTopic     INFO     Calculating variance
/cm/local/apps/slurm/var/spool/job13140998/slurm_script: line 20: 2513047 Killed                  "$PYTHON_PATH" /home/michal.kubacki/Githubs/Re-MEND/code/External_Datasets/GeneSet_Derivation/Herring_scenic/Main_analysis/Exicatory_all/train_model_after.py
slurmstepd: error: Detected 1 oom-kill event(s) in StepId=13140998.batch. Some of your processes may have been killed by the cgroup out-of-memory handler.
slurmstepd: error: _cgroup_procs_check: failed on path /sys/fs/cgroup/memory/slurm/uid_10666/job_13140998/step_batch/cgroup.procs: No such file or directory
slurmstepd: error: unable to read '/sys/fs/cgroup/memory/slurm/uid_10666/job_13140998/step_batch/cgroup.procs'
