Building DAG of jobs...
Using shell: /usr/bin/bash
Provided cores: 32
Rules claiming more threads will be scaled down.
Job stats:
job                count
---------------  -------
AUCell_direct          1
AUCell_extended        1
all                    1
eGRN_direct            1
eGRN_extended          1
scplus_mudata          1
total                  6

Select jobs to execute...
Execute 1 jobs...

[Tue Jun  4 09:27:53 2024]
localrule eGRN_direct:
    input: /group/testa/michal.kubacki/herring/scenic_all_celltypes/tf_to_gene_adj.tsv, /group/testa/michal.kubacki/herring/scenic_all_celltypes/region_to_gene_adj.tsv, /group/testa/michal.kubacki/herring/scenic_all_celltypes/cistromes_direct.h5ad, /group/testa/michal.kubacki/herring/output_hg19_all_cell_types/cistarget_motif_dataset.regions_vs_motifs.rankings.feather
    output: /group/testa/michal.kubacki/herring/scenic_all_celltypes/eRegulon_direct.tsv
    jobid: 4
    reason: Missing output files: /group/testa/michal.kubacki/herring/scenic_all_celltypes/eRegulon_direct.tsv; Updated input files: /group/testa/michal.kubacki/herring/scenic_all_celltypes/tf_to_gene_adj.tsv, /group/testa/michal.kubacki/herring/scenic_all_celltypes/region_to_gene_adj.tsv, /group/testa/michal.kubacki/herring/scenic_all_celltypes/cistromes_direct.h5ad
    threads: 32
    resources: tmpdir=/localscratch/12353043.michal.kubacki

[Tue Jun  4 09:31:10 2024]
Error in rule eGRN_direct:
    jobid: 4
    input: /group/testa/michal.kubacki/herring/scenic_all_celltypes/tf_to_gene_adj.tsv, /group/testa/michal.kubacki/herring/scenic_all_celltypes/region_to_gene_adj.tsv, /group/testa/michal.kubacki/herring/scenic_all_celltypes/cistromes_direct.h5ad, /group/testa/michal.kubacki/herring/output_hg19_all_cell_types/cistarget_motif_dataset.regions_vs_motifs.rankings.feather
    output: /group/testa/michal.kubacki/herring/scenic_all_celltypes/eRegulon_direct.tsv
    shell:
        
        scenicplus grn_inference eGRN             --TF_to_gene_adj_fname /group/testa/michal.kubacki/herring/scenic_all_celltypes/tf_to_gene_adj.tsv            --region_to_gene_adj_fname /group/testa/michal.kubacki/herring/scenic_all_celltypes/region_to_gene_adj.tsv             --cistromes_fname /group/testa/michal.kubacki/herring/scenic_all_celltypes/cistromes_direct.h5ad            --ranking_db_fname /group/testa/michal.kubacki/herring/output_hg19_all_cell_types/cistarget_motif_dataset.regions_vs_motifs.rankings.feather             --eRegulon_out_fname /group/testa/michal.kubacki/herring/scenic_all_celltypes/eRegulon_direct.tsv             --temp_dir /group/testa/michal.kubacki/herring/output_hg19_all_cell_types/tmp             --order_regions_to_genes_by importance             --order_TFs_to_genes_by importance             --gsea_n_perm 1000             --quantiles 0.85 0.90 0.95             --top_n_regionTogenes_per_gene 5 10 15             --top_n_regionTogenes_per_region              --min_regions_per_gene 0             --rho_threshold 0.05             --min_target_genes 10             --n_cpu 32
        
        (one of the commands exited with non-zero exit code; note that snakemake uses bash strict mode!)

Shutting down, this might take some time.
Exiting because a job execution failed. Look above for error message
Complete log: .snakemake/log/2024-06-04T092741.365867.snakemake.log
WorkflowError:
At least one job did not complete successfully.
