Building DAG of jobs...
Using shell: /usr/bin/bash
Provided cores: 96
Rules claiming more threads will be scaled down.
Job stats:
job                            count
---------------------------  -------
AUCell_direct                      1
AUCell_extended                    1
all                                1
download_genome_annotations        1
eGRN_direct                        1
eGRN_extended                      1
get_search_space                   1
prepare_GEX_ACC_multiome           1
prepare_menr                       1
region_to_gene                     1
scplus_mudata                      1
tf_to_gene                         1
total                             12

Select jobs to execute...
Execute 2 jobs...

[Thu Jul 18 07:59:04 2024]
localrule prepare_GEX_ACC_multiome:
    input: /group/testa/michal.kubacki/herring/output_hg19_all_inhibitory_all_ages/cistopic_obj.pkl, /group/testa/michal.kubacki/herring/output_hg19_all_inhibitory_all_ages/modified_adata.h5ad
    output: /group/testa/michal.kubacki/herring/scenic_all_inhibitory_all_ages/ACC_GEX.h5mu
    jobid: 2
    reason: Forced execution
    resources: tmpdir=/localscratch/13673968.michal.kubacki


[Thu Jul 18 07:59:04 2024]
localrule download_genome_annotations:
    output: /group/testa/michal.kubacki/herring/scenic_all_inhibitory_all_ages/genome_annotation.tsv, /group/testa/michal.kubacki/herring/scenic_all_inhibitory_all_ages/chromsizes.tsv
    jobid: 7
    reason: Forced execution
    resources: tmpdir=/localscratch/13673968.michal.kubacki

[Thu Jul 18 07:59:36 2024]
Finished job 2.
1 of 12 steps (8%) done
Select jobs to execute...
Execute 1 jobs...

[Thu Jul 18 07:59:36 2024]
localrule prepare_menr:
    input: /group/testa/michal.kubacki/herring/scenic_all_inhibitory_all_ages/dem_results.hdf5, /group/testa/michal.kubacki/herring/scenic_all_inhibitory_all_ages/ctx_results.hdf5, /group/testa/michal.kubacki/herring/scenic_all_inhibitory_all_ages/ACC_GEX.h5mu
    output: /group/testa/michal.kubacki/herring/scenic_all_inhibitory_all_ages/tf_names.txt, /group/testa/michal.kubacki/herring/scenic_all_inhibitory_all_ages/cistromes_direct.h5ad, /group/testa/michal.kubacki/herring/scenic_all_inhibitory_all_ages/cistromes_extended.h5ad
    jobid: 6
    reason: Forced execution
    resources: tmpdir=/localscratch/13673968.michal.kubacki

[Thu Jul 18 08:01:10 2024]
Finished job 7.
2 of 12 steps (17%) done
Select jobs to execute...
Execute 1 jobs...

[Thu Jul 18 08:01:10 2024]
localrule get_search_space:
    input: /group/testa/michal.kubacki/herring/scenic_all_inhibitory_all_ages/ACC_GEX.h5mu, /group/testa/michal.kubacki/herring/scenic_all_inhibitory_all_ages/genome_annotation.tsv, /group/testa/michal.kubacki/herring/scenic_all_inhibitory_all_ages/chromsizes.tsv
    output: /group/testa/michal.kubacki/herring/scenic_all_inhibitory_all_ages/search_space.tsv
    jobid: 9
    reason: Forced execution
    resources: tmpdir=/localscratch/13673968.michal.kubacki

[Thu Jul 18 08:02:46 2024]
Finished job 9.
3 of 12 steps (25%) done
Select jobs to execute...
Execute 1 jobs...

[Thu Jul 18 08:02:46 2024]
localrule region_to_gene:
    input: /group/testa/michal.kubacki/herring/scenic_all_inhibitory_all_ages/ACC_GEX.h5mu, /group/testa/michal.kubacki/herring/scenic_all_inhibitory_all_ages/search_space.tsv
    output: /group/testa/michal.kubacki/herring/scenic_all_inhibitory_all_ages/region_to_gene_adj.tsv
    jobid: 8
    reason: Forced execution
    threads: 32
    resources: tmpdir=/localscratch/13673968.michal.kubacki

[Thu Jul 18 08:02:52 2024]
Finished job 6.
4 of 12 steps (33%) done
Select jobs to execute...
Execute 1 jobs...

[Thu Jul 18 08:02:52 2024]
localrule tf_to_gene:
    input: /group/testa/michal.kubacki/herring/scenic_all_inhibitory_all_ages/ACC_GEX.h5mu, /group/testa/michal.kubacki/herring/scenic_all_inhibitory_all_ages/tf_names.txt
    output: /group/testa/michal.kubacki/herring/scenic_all_inhibitory_all_ages/tf_to_gene_adj.tsv
    jobid: 5
    reason: Forced execution
    threads: 32
    resources: tmpdir=/localscratch/13673968.michal.kubacki

[Thu Jul 18 08:10:37 2024]
Finished job 8.
5 of 12 steps (42%) done
[Thu Jul 18 08:20:35 2024]
Finished job 5.
6 of 12 steps (50%) done
Select jobs to execute...
Execute 2 jobs...

[Thu Jul 18 08:20:35 2024]
localrule eGRN_extended:
    input: /group/testa/michal.kubacki/herring/scenic_all_inhibitory_all_ages/tf_to_gene_adj.tsv, /group/testa/michal.kubacki/herring/scenic_all_inhibitory_all_ages/region_to_gene_adj.tsv, /group/testa/michal.kubacki/herring/scenic_all_inhibitory_all_ages/cistromes_extended.h5ad, /group/testa/michal.kubacki/herring/output_hg19_all_inhibitory_all_ages/cistarget_motif_dataset.regions_vs_motifs.rankings.feather
    output: /group/testa/michal.kubacki/herring/scenic_all_inhibitory_all_ages/eRegulons_extended.tsv
    jobid: 11
    reason: Forced execution
    threads: 32
    resources: tmpdir=/localscratch/13673968.michal.kubacki


[Thu Jul 18 08:20:35 2024]
localrule eGRN_direct:
    input: /group/testa/michal.kubacki/herring/scenic_all_inhibitory_all_ages/tf_to_gene_adj.tsv, /group/testa/michal.kubacki/herring/scenic_all_inhibitory_all_ages/region_to_gene_adj.tsv, /group/testa/michal.kubacki/herring/scenic_all_inhibitory_all_ages/cistromes_direct.h5ad, /group/testa/michal.kubacki/herring/output_hg19_all_inhibitory_all_ages/cistarget_motif_dataset.regions_vs_motifs.rankings.feather
    output: /group/testa/michal.kubacki/herring/scenic_all_inhibitory_all_ages/eRegulon_direct.tsv
    jobid: 4
    reason: Forced execution
    threads: 32
    resources: tmpdir=/localscratch/13673968.michal.kubacki

[Thu Jul 18 08:39:54 2024]
Finished job 11.
7 of 12 steps (58%) done
Select jobs to execute...
Execute 1 jobs...

[Thu Jul 18 08:39:54 2024]
localrule AUCell_extended:
    input: /group/testa/michal.kubacki/herring/scenic_all_inhibitory_all_ages/eRegulons_extended.tsv, /group/testa/michal.kubacki/herring/scenic_all_inhibitory_all_ages/ACC_GEX.h5mu
    output: /group/testa/michal.kubacki/herring/scenic_all_inhibitory_all_ages/AUCell_extended.h5mu
    jobid: 10
    reason: Forced execution
    threads: 32
    resources: tmpdir=/localscratch/13673968.michal.kubacki

[Thu Jul 18 08:39:56 2024]
Finished job 4.
8 of 12 steps (67%) done
Select jobs to execute...
Execute 1 jobs...

[Thu Jul 18 08:39:56 2024]
localrule AUCell_direct:
    input: /group/testa/michal.kubacki/herring/scenic_all_inhibitory_all_ages/eRegulon_direct.tsv, /group/testa/michal.kubacki/herring/scenic_all_inhibitory_all_ages/ACC_GEX.h5mu
    output: /group/testa/michal.kubacki/herring/scenic_all_inhibitory_all_ages/AUCell_direct.h5mu
    jobid: 3
    reason: Forced execution
    threads: 32
    resources: tmpdir=/localscratch/13673968.michal.kubacki

[Thu Jul 18 08:40:33 2024]
Finished job 10.
9 of 12 steps (75%) done
[Thu Jul 18 08:40:34 2024]
Finished job 3.
10 of 12 steps (83%) done
Select jobs to execute...
Execute 1 jobs...

[Thu Jul 18 08:40:34 2024]
localrule scplus_mudata:
    input: /group/testa/michal.kubacki/herring/scenic_all_inhibitory_all_ages/ACC_GEX.h5mu, /group/testa/michal.kubacki/herring/scenic_all_inhibitory_all_ages/AUCell_direct.h5mu, /group/testa/michal.kubacki/herring/scenic_all_inhibitory_all_ages/AUCell_extended.h5mu, /group/testa/michal.kubacki/herring/scenic_all_inhibitory_all_ages/eRegulon_direct.tsv, /group/testa/michal.kubacki/herring/scenic_all_inhibitory_all_ages/eRegulons_extended.tsv
    output: /group/testa/michal.kubacki/herring/scenic_all_inhibitory_all_ages/scplusmdata.h5mu
    jobid: 1
    reason: Forced execution
    resources: tmpdir=/localscratch/13673968.michal.kubacki

[Thu Jul 18 08:40:52 2024]
Finished job 1.
11 of 12 steps (92%) done
Select jobs to execute...
Execute 1 jobs...

[Thu Jul 18 08:40:52 2024]
localrule all:
    input: /group/testa/michal.kubacki/herring/scenic_all_inhibitory_all_ages/scplusmdata.h5mu
    jobid: 0
    reason: Forced execution
    resources: tmpdir=/localscratch/13673968.michal.kubacki

[Thu Jul 18 08:40:52 2024]
Finished job 0.
12 of 12 steps (100%) done
Complete log: .snakemake/log/2024-07-18T075904.820859.snakemake.log
