Building DAG of jobs...
Using shell: /usr/bin/bash
Provided cores: 96
Rules claiming more threads will be scaled down.
Job stats:
job                            count
---------------------------  -------
AUCell_direct                      1
AUCell_extended                    1
all                                1
download_genome_annotations        1
eGRN_direct                        1
eGRN_extended                      1
get_search_space                   1
motif_enrichment_cistarget         1
motif_enrichment_dem               1
prepare_GEX_ACC_multiome           1
prepare_menr                       1
region_to_gene                     1
scplus_mudata                      1
tf_to_gene                         1
total                             14

Select jobs to execute...
Execute 3 jobs...

[Fri Jul 19 11:05:31 2024]
localrule prepare_GEX_ACC_multiome:
    input: /group/testa/michal.kubacki/herring/output_hg19_all_excitatory_all_ages/cistopic_obj.pkl, /group/testa/michal.kubacki/herring/output_hg19_all_excitatory_all_ages/modified_adata.h5ad
    output: /group/testa/michal.kubacki/herring/scenic_all_excitatory_all_ages/ACC_GEX.h5mu
    jobid: 2
    reason: Forced execution
    resources: tmpdir=/localscratch/13761297.michal.kubacki


[Fri Jul 19 11:05:31 2024]
localrule download_genome_annotations:
    output: /group/testa/michal.kubacki/herring/scenic_all_excitatory_all_ages/genome_annotation.tsv, /group/testa/michal.kubacki/herring/scenic_all_excitatory_all_ages/chromsizes.tsv
    jobid: 8
    reason: Forced execution
    resources: tmpdir=/localscratch/13761297.michal.kubacki


[Fri Jul 19 11:05:31 2024]
localrule motif_enrichment_cistarget:
    input: /group/testa/michal.kubacki/herring/output_hg19_all_excitatory_all_ages/region_sets, /scratch/michal.kubacki/herring/output_hg19_all_excitatory_all_ages/cistarget_motif_dataset.regions_vs_motifs.rankings.feather, /group/testa/michal.kubacki/herring/scenic_input/motifs-v10nr_clust-nr.hgnc-m0.001-o0.0.tbl
    output: /group/testa/michal.kubacki/herring/scenic_all_excitatory_all_ages/ctx_results.hdf5, /group/testa/michal.kubacki/herring/scenic_all_excitatory_all_ages/ctx_results.html
    jobid: 9
    reason: Forced execution
    threads: 32
    resources: tmpdir=/localscratch/13761297.michal.kubacki

[Fri Jul 19 11:07:43 2024]
Error in rule download_genome_annotations:
    jobid: 8
    output: /group/testa/michal.kubacki/herring/scenic_all_excitatory_all_ages/genome_annotation.tsv, /group/testa/michal.kubacki/herring/scenic_all_excitatory_all_ages/chromsizes.tsv
    shell:
        
        scenicplus prepare_data download_genome_annotations             --species hsapiens             --biomart_host http://www.ensembl.org             --genome_annotation_out_fname /group/testa/michal.kubacki/herring/scenic_all_excitatory_all_ages/genome_annotation.tsv             --chromsizes_out_fname /group/testa/michal.kubacki/herring/scenic_all_excitatory_all_ages/chromsizes.tsv
        
        (one of the commands exited with non-zero exit code; note that snakemake uses bash strict mode!)

[Fri Jul 19 11:08:46 2024]
Finished job 2.
1 of 14 steps (7%) done
[Fri Jul 19 11:16:49 2024]
Finished job 9.
2 of 14 steps (14%) done
Shutting down, this might take some time.
Exiting because a job execution failed. Look above for error message
Complete log: .snakemake/log/2024-07-19T110531.201062.snakemake.log
WorkflowError:
At least one job did not complete successfully.
