Building DAG of jobs...
Using shell: /usr/bin/bash
Provided cores: 32
Rules claiming more threads will be scaled down.
Job stats:
job                count
---------------  -------
AUCell_direct          1
AUCell_extended        1
all                    1
eGRN_direct            1
eGRN_extended          1
region_to_gene         1
scplus_mudata          1
tf_to_gene             1
total                  8

Select jobs to execute...
Execute 1 jobs...

[Wed Jun 19 21:37:35 2024]
localrule region_to_gene:
    input: /group/testa/michal.kubacki/herring/scenic_all_excitatory/ACC_GEX.h5mu, /group/testa/michal.kubacki/herring/scenic_all_excitatory/search_space.tsv
    output: /group/testa/michal.kubacki/herring/scenic_all_excitatory/region_to_gene_adj.tsv
    jobid: 10
    reason: Missing output files: /group/testa/michal.kubacki/herring/scenic_all_excitatory/region_to_gene_adj.tsv
    threads: 32
    resources: tmpdir=/localscratch/12904252.michal.kubacki

[Wed Jun 19 21:42:16 2024]
Error in rule region_to_gene:
    jobid: 10
    input: /group/testa/michal.kubacki/herring/scenic_all_excitatory/ACC_GEX.h5mu, /group/testa/michal.kubacki/herring/scenic_all_excitatory/search_space.tsv
    output: /group/testa/michal.kubacki/herring/scenic_all_excitatory/region_to_gene_adj.tsv
    shell:
        
        scenicplus grn_inference region_to_gene             --multiome_mudata_fname /group/testa/michal.kubacki/herring/scenic_all_excitatory/ACC_GEX.h5mu             --search_space_fname /group/testa/michal.kubacki/herring/scenic_all_excitatory/search_space.tsv             --temp_dir /group/testa/michal.kubacki/herring/output_hg19_all_excitatory/tmp             --out_region_to_gene_adjacencies /group/testa/michal.kubacki/herring/scenic_all_excitatory/region_to_gene_adj.tsv             --importance_scoring_method GBM             --correlation_scoring_method SR             --n_cpu 32
        
        (one of the commands exited with non-zero exit code; note that snakemake uses bash strict mode!)

Shutting down, this might take some time.
Exiting because a job execution failed. Look above for error message
Complete log: .snakemake/log/2024-06-19T213720.091259.snakemake.log
WorkflowError:
At least one job did not complete successfully.
