Building DAG of jobs...
Using shell: /usr/bin/bash
Provided cores: 32
Rules claiming more threads will be scaled down.
Job stats:
job                           count
--------------------------  -------
AUCell_direct                     1
AUCell_extended                   1
all                               1
eGRN_direct                       1
eGRN_extended                     1
motif_enrichment_cistarget        1
motif_enrichment_dem              1
prepare_menr                      1
scplus_mudata                     1
tf_to_gene                        1
total                            10

Select jobs to execute...
Execute 1 jobs...

[Thu Jun 13 10:44:26 2024]
localrule motif_enrichment_cistarget:
    input: /group/testa/michal.kubacki/herring/output_hg19_all_excitatory/region_sets, /group/testa/michal.kubacki/herring/output_hg19_all_excitatory/cistarget_motif_dataset.regions_vs_motifs.rankings.feather, /group/testa/michal.kubacki/herring/scenic_input/motifs-v9-nr.hgnc-m0.001-o0.0.tbl
    output: /group/testa/michal.kubacki/herring/scenic_all_excitatory/ctx_results.hdf5, /group/testa/michal.kubacki/herring/scenic_all_excitatory/ctx_results.html
    jobid: 9
    reason: Set of input files has changed since last execution
    threads: 32
    resources: tmpdir=/localscratch/12616120.michal.kubacki

[Thu Jun 13 11:01:54 2024]
Finished job 9.
1 of 10 steps (10%) done
Select jobs to execute...
Execute 1 jobs...

[Thu Jun 13 11:01:54 2024]
localrule motif_enrichment_dem:
    input: /group/testa/michal.kubacki/herring/output_hg19_all_excitatory/region_sets, /group/testa/michal.kubacki/herring/output_hg19_all_excitatory/cistarget_motif_dataset.regions_vs_motifs.scores.feather, /group/testa/michal.kubacki/herring/scenic_all_excitatory/genome_annotation.tsv, /group/testa/michal.kubacki/herring/scenic_input/motifs-v9-nr.hgnc-m0.001-o0.0.tbl
    output: /group/testa/michal.kubacki/herring/scenic_all_excitatory/dem_results.hdf5, /group/testa/michal.kubacki/herring/scenic_all_excitatory/dem_results.html
    jobid: 7
    reason: Set of input files has changed since last execution
    threads: 32
    resources: tmpdir=/localscratch/12616120.michal.kubacki

[Thu Jun 13 11:14:59 2024]
Finished job 7.
2 of 10 steps (20%) done
Select jobs to execute...
Execute 1 jobs...

[Thu Jun 13 11:14:59 2024]
localrule prepare_menr:
    input: /group/testa/michal.kubacki/herring/scenic_all_excitatory/dem_results.hdf5, /group/testa/michal.kubacki/herring/scenic_all_excitatory/ctx_results.hdf5, /group/testa/michal.kubacki/herring/scenic_all_excitatory/ACC_GEX.h5mu
    output: /group/testa/michal.kubacki/herring/scenic_all_excitatory/tf_names.txt, /group/testa/michal.kubacki/herring/scenic_all_excitatory/cistromes_direct.h5ad, /group/testa/michal.kubacki/herring/scenic_all_excitatory/cistromes_extended.h5ad
    jobid: 6
    reason: Input files updated by another job: /group/testa/michal.kubacki/herring/scenic_all_excitatory/ctx_results.hdf5, /group/testa/michal.kubacki/herring/scenic_all_excitatory/dem_results.hdf5
    resources: tmpdir=/localscratch/12616120.michal.kubacki

[Thu Jun 13 11:27:00 2024]
Finished job 6.
3 of 10 steps (30%) done
Select jobs to execute...
Execute 1 jobs...

[Thu Jun 13 11:27:00 2024]
localrule tf_to_gene:
    input: /group/testa/michal.kubacki/herring/scenic_all_excitatory/ACC_GEX.h5mu, /group/testa/michal.kubacki/herring/scenic_all_excitatory/tf_names.txt
    output: /group/testa/michal.kubacki/herring/scenic_all_excitatory/tf_to_gene_adj.tsv
    jobid: 5
    reason: Input files updated by another job: /group/testa/michal.kubacki/herring/scenic_all_excitatory/tf_names.txt
    threads: 32
    resources: tmpdir=/localscratch/12616120.michal.kubacki

[Thu Jun 13 11:27:46 2024]
Error in rule tf_to_gene:
    jobid: 5
    input: /group/testa/michal.kubacki/herring/scenic_all_excitatory/ACC_GEX.h5mu, /group/testa/michal.kubacki/herring/scenic_all_excitatory/tf_names.txt
    output: /group/testa/michal.kubacki/herring/scenic_all_excitatory/tf_to_gene_adj.tsv
    shell:
        
        scenicplus grn_inference TF_to_gene             --multiome_mudata_fname /group/testa/michal.kubacki/herring/scenic_all_excitatory/ACC_GEX.h5mu             --tf_names /group/testa/michal.kubacki/herring/scenic_all_excitatory/tf_names.txt             --temp_dir /group/testa/michal.kubacki/herring/output_hg19_all_excitatory/tmp             --out_tf_to_gene_adjacencies /group/testa/michal.kubacki/herring/scenic_all_excitatory/tf_to_gene_adj.tsv             --method GBM             --n_cpu 32             --seed 666
        
        (one of the commands exited with non-zero exit code; note that snakemake uses bash strict mode!)

Shutting down, this might take some time.
Exiting because a job execution failed. Look above for error message
Complete log: .snakemake/log/2024-06-13T104357.680978.snakemake.log
WorkflowError:
At least one job did not complete successfully.
