Building DAG of jobs...
Using shell: /usr/bin/bash
Provided cores: 32
Rules claiming more threads will be scaled down.
Job stats:
job                            count
---------------------------  -------
AUCell_direct                      1
AUCell_extended                    1
all                                1
download_genome_annotations        1
eGRN_direct                        1
eGRN_extended                      1
get_search_space                   1
motif_enrichment_cistarget         1
motif_enrichment_dem               1
prepare_GEX_ACC_multiome           1
prepare_menr                       1
region_to_gene                     1
scplus_mudata                      1
tf_to_gene                         1
total                             14

Select jobs to execute...
Execute 1 jobs...

[Mon Jun 17 06:59:36 2024]
localrule motif_enrichment_cistarget:
    input: /group/testa/michal.kubacki/herring/output_hg19_all_excitatory/region_sets, /group/testa/michal.kubacki/herring/output_hg19_all_excitatory/cistarget_motif_dataset.regions_vs_motifs.rankings.feather, /group/testa/michal.kubacki/herring/scenic_input/motifs-v9-nr.hgnc-m0.001-o0.0.tbl
    output: /group/testa/michal.kubacki/herring/scenic_all_excitatory/ctx_results.hdf5, /group/testa/michal.kubacki/herring/scenic_all_excitatory/ctx_results.html
    jobid: 9
    reason: Forced execution
    threads: 32
    resources: tmpdir=/localscratch/12806515.michal.kubacki

[Mon Jun 17 08:41:31 2024]
Finished job 9.
1 of 14 steps (7%) done
Select jobs to execute...
Execute 2 jobs...

[Mon Jun 17 08:41:31 2024]
localrule prepare_GEX_ACC_multiome:
    input: /group/testa/michal.kubacki/herring/output_hg19_all_excitatory/cistopic_obj.pkl, /group/testa/michal.kubacki/herring/output_hg19_all_excitatory/adata.h5ad
    output: /group/testa/michal.kubacki/herring/scenic_all_excitatory/ACC_GEX.h5mu
    jobid: 2
    reason: Forced execution
    resources: tmpdir=/localscratch/12806515.michal.kubacki


[Mon Jun 17 08:41:31 2024]
localrule download_genome_annotations:
    output: /group/testa/michal.kubacki/herring/scenic_all_excitatory/genome_annotation.tsv, /group/testa/michal.kubacki/herring/scenic_all_excitatory/chromsizes.tsv
    jobid: 8
    reason: Forced execution
    resources: tmpdir=/localscratch/12806515.michal.kubacki

[Mon Jun 17 08:44:28 2024]
Finished job 2.
2 of 14 steps (14%) done
[Mon Jun 17 08:44:44 2024]
Finished job 8.
3 of 14 steps (21%) done
Select jobs to execute...
Execute 1 jobs...

[Mon Jun 17 08:44:44 2024]
localrule motif_enrichment_dem:
    input: /group/testa/michal.kubacki/herring/output_hg19_all_excitatory/region_sets, /group/testa/michal.kubacki/herring/output_hg19_all_excitatory/cistarget_motif_dataset.regions_vs_motifs.scores.feather, /group/testa/michal.kubacki/herring/scenic_all_excitatory/genome_annotation.tsv, /group/testa/michal.kubacki/herring/scenic_input/motifs-v9-nr.hgnc-m0.001-o0.0.tbl
    output: /group/testa/michal.kubacki/herring/scenic_all_excitatory/dem_results.hdf5, /group/testa/michal.kubacki/herring/scenic_all_excitatory/dem_results.html
    jobid: 7
    reason: Forced execution
    threads: 32
    resources: tmpdir=/localscratch/12806515.michal.kubacki

[Mon Jun 17 12:22:36 2024]
Finished job 7.
4 of 14 steps (29%) done
Select jobs to execute...
Execute 2 jobs...

[Mon Jun 17 12:22:37 2024]
localrule prepare_menr:
    input: /group/testa/michal.kubacki/herring/scenic_all_excitatory/dem_results.hdf5, /group/testa/michal.kubacki/herring/scenic_all_excitatory/ctx_results.hdf5, /group/testa/michal.kubacki/herring/scenic_all_excitatory/ACC_GEX.h5mu
    output: /group/testa/michal.kubacki/herring/scenic_all_excitatory/tf_names.txt, /group/testa/michal.kubacki/herring/scenic_all_excitatory/cistromes_direct.h5ad, /group/testa/michal.kubacki/herring/scenic_all_excitatory/cistromes_extended.h5ad
    jobid: 6
    reason: Forced execution
    resources: tmpdir=/localscratch/12806515.michal.kubacki


[Mon Jun 17 12:22:38 2024]
localrule get_search_space:
    input: /group/testa/michal.kubacki/herring/scenic_all_excitatory/ACC_GEX.h5mu, /group/testa/michal.kubacki/herring/scenic_all_excitatory/genome_annotation.tsv, /group/testa/michal.kubacki/herring/scenic_all_excitatory/chromsizes.tsv
    output: /group/testa/michal.kubacki/herring/scenic_all_excitatory/search_space.tsv
    jobid: 11
    reason: Forced execution
    resources: tmpdir=/localscratch/12806515.michal.kubacki

[Mon Jun 17 12:47:09 2024]
Finished job 11.
5 of 14 steps (36%) done
Select jobs to execute...
[Mon Jun 17 12:48:50 2024]
Finished job 6.
6 of 14 steps (43%) done
Execute 1 jobs...

[Mon Jun 17 12:48:50 2024]
localrule region_to_gene:
    input: /group/testa/michal.kubacki/herring/scenic_all_excitatory/ACC_GEX.h5mu, /group/testa/michal.kubacki/herring/scenic_all_excitatory/search_space.tsv
    output: /group/testa/michal.kubacki/herring/scenic_all_excitatory/region_to_gene_adj.tsv
    jobid: 10
    reason: Forced execution
    threads: 32
    resources: tmpdir=/localscratch/12806515.michal.kubacki

[Mon Jun 17 12:56:32 2024]
Error in rule region_to_gene:
    jobid: 10
    input: /group/testa/michal.kubacki/herring/scenic_all_excitatory/ACC_GEX.h5mu, /group/testa/michal.kubacki/herring/scenic_all_excitatory/search_space.tsv
    output: /group/testa/michal.kubacki/herring/scenic_all_excitatory/region_to_gene_adj.tsv
    shell:
        
        scenicplus grn_inference region_to_gene             --multiome_mudata_fname /group/testa/michal.kubacki/herring/scenic_all_excitatory/ACC_GEX.h5mu             --search_space_fname /group/testa/michal.kubacki/herring/scenic_all_excitatory/search_space.tsv             --temp_dir /group/testa/michal.kubacki/herring/output_hg19_all_excitatory/tmp             --out_region_to_gene_adjacencies /group/testa/michal.kubacki/herring/scenic_all_excitatory/region_to_gene_adj.tsv             --importance_scoring_method GBM             --correlation_scoring_method SR             --n_cpu 32
        
        (one of the commands exited with non-zero exit code; note that snakemake uses bash strict mode!)

Shutting down, this might take some time.
Exiting because a job execution failed. Look above for error message
Complete log: .snakemake/log/2024-06-17T065933.602737.snakemake.log
WorkflowError:
At least one job did not complete successfully.
