Building DAG of jobs...
Using shell: /usr/bin/bash
Provided cores: 32
Rules claiming more threads will be scaled down.
Job stats:
job                           count
--------------------------  -------
AUCell_direct                     1
AUCell_extended                   1
all                               1
eGRN_direct                       1
eGRN_extended                     1
motif_enrichment_cistarget        1
prepare_menr                      1
scplus_mudata                     1
tf_to_gene                        1
total                             9

Select jobs to execute...
Execute 1 jobs...

[Tue Jun  4 06:52:11 2024]
localrule motif_enrichment_cistarget:
    input: /group/testa/michal.kubacki/herring/output_hg19_all_cell_types/region_sets, /group/testa/michal.kubacki/herring/output_hg19_all_cell_types/cistarget_motif_dataset.regions_vs_motifs.rankings.feather, /group/testa/michal.kubacki/herring/scenic_input/motifs-v10nr_clust-nr.hgnc-m0.001-o0.0.tbl
    output: /group/testa/michal.kubacki/herring/scenic_all_celltypes/ctx_results.hdf5, /group/testa/michal.kubacki/herring/scenic_all_celltypes/ctx_results.html
    jobid: 9
    reason: Missing output files: /group/testa/michal.kubacki/herring/scenic_all_celltypes/ctx_results.hdf5
    threads: 32
    resources: tmpdir=/localscratch/12352837.michal.kubacki

[Tue Jun  4 07:00:55 2024]
Error in rule motif_enrichment_cistarget:
    jobid: 9
    input: /group/testa/michal.kubacki/herring/output_hg19_all_cell_types/region_sets, /group/testa/michal.kubacki/herring/output_hg19_all_cell_types/cistarget_motif_dataset.regions_vs_motifs.rankings.feather, /group/testa/michal.kubacki/herring/scenic_input/motifs-v10nr_clust-nr.hgnc-m0.001-o0.0.tbl
    output: /group/testa/michal.kubacki/herring/scenic_all_celltypes/ctx_results.hdf5, /group/testa/michal.kubacki/herring/scenic_all_celltypes/ctx_results.html
    shell:
        
            scenicplus grn_inference motif_enrichment_cistarget                 --region_set_folder /group/testa/michal.kubacki/herring/output_hg19_all_cell_types/region_sets                 --cistarget_db_fname /group/testa/michal.kubacki/herring/output_hg19_all_cell_types/cistarget_motif_dataset.regions_vs_motifs.rankings.feather                 --output_fname_cistarget_result /group/testa/michal.kubacki/herring/scenic_all_celltypes/ctx_results.hdf5                 --temp_dir /group/testa/michal.kubacki/herring/output_hg19_all_cell_types/tmp                 --species homo_sapiens                 --fr_overlap_w_ctx_db 0.4                 --auc_threshold 0.005                 --nes_threshold 3.0                 --rank_threshold 0.05                 --path_to_motif_annotations /group/testa/michal.kubacki/herring/scenic_input/motifs-v10nr_clust-nr.hgnc-m0.001-o0.0.tbl                 --annotation_version v10nr_clust                 --motif_similarity_fdr 0.001                 --orthologous_identity_threshold 0.0                 --annotations_to_use Direct_annot Orthology_annot                 --write_html                 --output_fname_cistarget_html /group/testa/michal.kubacki/herring/scenic_all_celltypes/ctx_results.html                 --n_cpu 32
        
        (one of the commands exited with non-zero exit code; note that snakemake uses bash strict mode!)

Shutting down, this might take some time.
Exiting because a job execution failed. Look above for error message
Complete log: .snakemake/log/2024-06-04T065158.314780.snakemake.log
WorkflowError:
At least one job did not complete successfully.
