Building DAG of jobs...
Using shell: /usr/bin/bash
Provided cores: 32
Rules claiming more threads will be scaled down.
Job stats:
job                           count
--------------------------  -------
AUCell_direct                     1
AUCell_extended                   1
all                               1
eGRN_direct                       1
eGRN_extended                     1
motif_enrichment_cistarget        1
motif_enrichment_dem              1
prepare_menr                      1
region_to_gene                    1
scplus_mudata                     1
tf_to_gene                        1
total                            11

Select jobs to execute...
Execute 3 jobs...

[Thu Jun 20 11:51:54 2024]
localrule motif_enrichment_dem:
    input: /group/testa/michal.kubacki/herring/output_hg19_all_excitatory/region_sets, /group/testa/michal.kubacki/herring/output_hg19_all_excitatory/cistarget_motif_dataset.regions_vs_motifs.scores.feather, /group/testa/michal.kubacki/herring/scenic_all_excitatory/genome_annotation.tsv, /group/testa/michal.kubacki/herring/scenic_input/motifs-v9-nr.hgnc-m0.001-o0.0.tbl
    output: /group/testa/michal.kubacki/herring/scenic_all_excitatory/dem_results.hdf5, /group/testa/michal.kubacki/herring/scenic_all_excitatory/dem_results.html
    jobid: 7
    reason: Missing output files: /group/testa/michal.kubacki/herring/scenic_all_excitatory/dem_results.hdf5
    resources: tmpdir=/localscratch/12911167.michal.kubacki


[Thu Jun 20 11:51:55 2024]
localrule motif_enrichment_cistarget:
    input: /group/testa/michal.kubacki/herring/output_hg19_all_excitatory/region_sets, /group/testa/michal.kubacki/herring/output_hg19_all_excitatory/cistarget_motif_dataset.regions_vs_motifs.rankings.feather, /group/testa/michal.kubacki/herring/scenic_input/motifs-v9-nr.hgnc-m0.001-o0.0.tbl
    output: /group/testa/michal.kubacki/herring/scenic_all_excitatory/ctx_results.hdf5, /group/testa/michal.kubacki/herring/scenic_all_excitatory/ctx_results.html
    jobid: 9
    reason: Params have changed since last execution
    resources: tmpdir=/localscratch/12911167.michal.kubacki


[Thu Jun 20 11:51:55 2024]
localrule region_to_gene:
    input: /group/testa/michal.kubacki/herring/scenic_all_excitatory/ACC_GEX.h5mu, /group/testa/michal.kubacki/herring/scenic_all_excitatory/search_space.tsv
    output: /group/testa/michal.kubacki/herring/scenic_all_excitatory/region_to_gene_adj.tsv
    jobid: 10
    reason: Missing output files: /group/testa/michal.kubacki/herring/scenic_all_excitatory/region_to_gene_adj.tsv
    resources: tmpdir=/localscratch/12911167.michal.kubacki

[Thu Jun 20 11:54:29 2024]
Error in rule region_to_gene:
    jobid: 10
    input: /group/testa/michal.kubacki/herring/scenic_all_excitatory/ACC_GEX.h5mu, /group/testa/michal.kubacki/herring/scenic_all_excitatory/search_space.tsv
    output: /group/testa/michal.kubacki/herring/scenic_all_excitatory/region_to_gene_adj.tsv
    shell:
        
        scenicplus grn_inference region_to_gene             --multiome_mudata_fname /group/testa/michal.kubacki/herring/scenic_all_excitatory/ACC_GEX.h5mu             --search_space_fname /group/testa/michal.kubacki/herring/scenic_all_excitatory/search_space.tsv             --temp_dir /group/testa/michal.kubacki/herring/output_hg19_all_excitatory/tmp             --out_region_to_gene_adjacencies /group/testa/michal.kubacki/herring/scenic_all_excitatory/region_to_gene_adj.tsv             --importance_scoring_method GBM             --correlation_scoring_method SR             --n_cpu 1
        
        (one of the commands exited with non-zero exit code; note that snakemake uses bash strict mode!)

[Thu Jun 20 13:40:33 2024]
Finished job 7.
1 of 11 steps (9%) done
[Thu Jun 20 13:58:50 2024]
Finished job 9.
2 of 11 steps (18%) done
Shutting down, this might take some time.
Exiting because a job execution failed. Look above for error message
Complete log: .snakemake/log/2024-06-20T115140.481113.snakemake.log
WorkflowError:
At least one job did not complete successfully.
