Building DAG of jobs...
Using shell: /usr/bin/bash
Provided cores: 32
Rules claiming more threads will be scaled down.
Job stats:
job                            count
---------------------------  -------
AUCell_direct                      1
AUCell_extended                    1
all                                1
download_genome_annotations        1
eGRN_direct                        1
eGRN_extended                      1
get_search_space                   1
motif_enrichment_cistarget         1
motif_enrichment_dem               1
prepare_GEX_ACC_multiome           1
prepare_menr                       1
region_to_gene                     1
scplus_mudata                      1
tf_to_gene                         1
total                             14

Select jobs to execute...
Execute 1 jobs...

[Mon Jul  1 17:59:31 2024]
localrule motif_enrichment_cistarget:
    input: /group/testa/michal.kubacki/herring/output_hg19_all_excitatory/region_sets, /group/testa/michal.kubacki/herring/output_hg19_all_excitatory/cistarget_motif_dataset.regions_vs_motifs.rankings.feather, /group/testa/michal.kubacki/herring/scenic_input/motifs-v9-nr.hgnc-m0.001-o0.0.tbl
    output: /group/testa/michal.kubacki/herring/scenic_all_excitatory/ctx_results.hdf5, /group/testa/michal.kubacki/herring/scenic_all_excitatory/ctx_results.html
    jobid: 9
    reason: Forced execution
    threads: 32
    resources: tmpdir=/localscratch/13136653.michal.kubacki

[Mon Jul  1 18:20:14 2024]
Finished job 9.
1 of 14 steps (7%) done
Select jobs to execute...
Execute 2 jobs...

[Mon Jul  1 18:20:14 2024]
localrule prepare_GEX_ACC_multiome:
    input: /group/testa/michal.kubacki/herring/output_hg19_all_excitatory/cistopic_obj.pkl, /group/testa/michal.kubacki/herring/output_hg19_all_excitatory/adata.h5ad
    output: /group/testa/michal.kubacki/herring/scenic_all_excitatory/ACC_GEX.h5mu
    jobid: 2
    reason: Forced execution
    resources: tmpdir=/localscratch/13136653.michal.kubacki


[Mon Jul  1 18:20:14 2024]
localrule download_genome_annotations:
    output: /group/testa/michal.kubacki/herring/scenic_all_excitatory/genome_annotation.tsv, /group/testa/michal.kubacki/herring/scenic_all_excitatory/chromsizes.tsv
    jobid: 8
    reason: Forced execution
    resources: tmpdir=/localscratch/13136653.michal.kubacki

[Mon Jul  1 18:21:49 2024]
Finished job 8.
2 of 14 steps (14%) done
Select jobs to execute...
[Mon Jul  1 18:22:14 2024]
Finished job 2.
3 of 14 steps (21%) done
Execute 1 jobs...

[Mon Jul  1 18:22:14 2024]
localrule motif_enrichment_dem:
    input: /group/testa/michal.kubacki/herring/output_hg19_all_excitatory/region_sets, /group/testa/michal.kubacki/herring/output_hg19_all_excitatory/cistarget_motif_dataset.regions_vs_motifs.scores.feather, /group/testa/michal.kubacki/herring/scenic_all_excitatory/genome_annotation.tsv, /group/testa/michal.kubacki/herring/scenic_input/motifs-v9-nr.hgnc-m0.001-o0.0.tbl
    output: /group/testa/michal.kubacki/herring/scenic_all_excitatory/dem_results.hdf5, /group/testa/michal.kubacki/herring/scenic_all_excitatory/dem_results.html
    jobid: 7
    reason: Forced execution
    threads: 32
    resources: tmpdir=/localscratch/13136653.michal.kubacki

[Mon Jul  1 18:38:11 2024]
Finished job 7.
4 of 14 steps (29%) done
Select jobs to execute...
Execute 2 jobs...

[Mon Jul  1 18:38:11 2024]
localrule get_search_space:
    input: /group/testa/michal.kubacki/herring/scenic_all_excitatory/ACC_GEX.h5mu, /group/testa/michal.kubacki/herring/scenic_all_excitatory/genome_annotation.tsv, /group/testa/michal.kubacki/herring/scenic_all_excitatory/chromsizes.tsv
    output: /group/testa/michal.kubacki/herring/scenic_all_excitatory/search_space.tsv
    jobid: 11
    reason: Forced execution
    resources: tmpdir=/localscratch/13136653.michal.kubacki


[Mon Jul  1 18:38:11 2024]
localrule prepare_menr:
    input: /group/testa/michal.kubacki/herring/scenic_all_excitatory/dem_results.hdf5, /group/testa/michal.kubacki/herring/scenic_all_excitatory/ctx_results.hdf5, /group/testa/michal.kubacki/herring/scenic_all_excitatory/ACC_GEX.h5mu
    output: /group/testa/michal.kubacki/herring/scenic_all_excitatory/tf_names.txt, /group/testa/michal.kubacki/herring/scenic_all_excitatory/cistromes_direct.h5ad, /group/testa/michal.kubacki/herring/scenic_all_excitatory/cistromes_extended.h5ad
    jobid: 6
    reason: Forced execution
    resources: tmpdir=/localscratch/13136653.michal.kubacki

[Mon Jul  1 18:41:03 2024]
Finished job 11.
5 of 14 steps (36%) done
Select jobs to execute...
[Mon Jul  1 18:55:12 2024]
Finished job 6.
6 of 14 steps (43%) done
Execute 1 jobs...

[Mon Jul  1 18:55:12 2024]
localrule region_to_gene:
    input: /group/testa/michal.kubacki/herring/scenic_all_excitatory/ACC_GEX.h5mu, /group/testa/michal.kubacki/herring/scenic_all_excitatory/search_space.tsv
    output: /group/testa/michal.kubacki/herring/scenic_all_excitatory/region_to_gene_adj.tsv
    jobid: 10
    reason: Forced execution
    threads: 32
    resources: tmpdir=/localscratch/13136653.michal.kubacki

[Mon Jul  1 19:03:32 2024]
Finished job 10.
7 of 14 steps (50%) done
Select jobs to execute...
Execute 1 jobs...

[Mon Jul  1 19:03:32 2024]
localrule tf_to_gene:
    input: /group/testa/michal.kubacki/herring/scenic_all_excitatory/ACC_GEX.h5mu, /group/testa/michal.kubacki/herring/scenic_all_excitatory/tf_names.txt
    output: /group/testa/michal.kubacki/herring/scenic_all_excitatory/tf_to_gene_adj.tsv
    jobid: 5
    reason: Forced execution
    threads: 32
    resources: tmpdir=/localscratch/13136653.michal.kubacki

[Mon Jul  1 19:27:32 2024]
Finished job 5.
8 of 14 steps (57%) done
Select jobs to execute...
Execute 1 jobs...

[Mon Jul  1 19:27:32 2024]
localrule eGRN_direct:
    input: /group/testa/michal.kubacki/herring/scenic_all_excitatory/tf_to_gene_adj.tsv, /group/testa/michal.kubacki/herring/scenic_all_excitatory/region_to_gene_adj.tsv, /group/testa/michal.kubacki/herring/scenic_all_excitatory/cistromes_direct.h5ad, /group/testa/michal.kubacki/herring/output_hg19_all_excitatory/cistarget_motif_dataset.regions_vs_motifs.rankings.feather
    output: /group/testa/michal.kubacki/herring/scenic_all_excitatory/eRegulon_direct.tsv
    jobid: 4
    reason: Forced execution
    threads: 32
    resources: tmpdir=/localscratch/13136653.michal.kubacki

[Mon Jul  1 19:29:56 2024]
Error in rule eGRN_direct:
    jobid: 4
    input: /group/testa/michal.kubacki/herring/scenic_all_excitatory/tf_to_gene_adj.tsv, /group/testa/michal.kubacki/herring/scenic_all_excitatory/region_to_gene_adj.tsv, /group/testa/michal.kubacki/herring/scenic_all_excitatory/cistromes_direct.h5ad, /group/testa/michal.kubacki/herring/output_hg19_all_excitatory/cistarget_motif_dataset.regions_vs_motifs.rankings.feather
    output: /group/testa/michal.kubacki/herring/scenic_all_excitatory/eRegulon_direct.tsv
    shell:
        
        scenicplus grn_inference eGRN             --TF_to_gene_adj_fname /group/testa/michal.kubacki/herring/scenic_all_excitatory/tf_to_gene_adj.tsv            --region_to_gene_adj_fname /group/testa/michal.kubacki/herring/scenic_all_excitatory/region_to_gene_adj.tsv             --cistromes_fname /group/testa/michal.kubacki/herring/scenic_all_excitatory/cistromes_direct.h5ad            --ranking_db_fname /group/testa/michal.kubacki/herring/output_hg19_all_excitatory/cistarget_motif_dataset.regions_vs_motifs.rankings.feather             --eRegulon_out_fname /group/testa/michal.kubacki/herring/scenic_all_excitatory/eRegulon_direct.tsv             --temp_dir /group/testa/michal.kubacki/herring/output_hg19_all_excitatory/tmp             --order_regions_to_genes_by importance             --order_TFs_to_genes_by importance             --gsea_n_perm 1000             --quantiles 0.85 0.90 0.95             --top_n_regionTogenes_per_gene 5 10 15             --top_n_regionTogenes_per_region              --min_regions_per_gene 0             --rho_threshold 0.05             --min_target_genes 10             --n_cpu 32
        
        (one of the commands exited with non-zero exit code; note that snakemake uses bash strict mode!)

Shutting down, this might take some time.
Exiting because a job execution failed. Look above for error message
Complete log: .snakemake/log/2024-07-01T175930.631817.snakemake.log
WorkflowError:
At least one job did not complete successfully.
