Building DAG of jobs...
Using shell: /usr/bin/bash
Provided cores: 96
Rules claiming more threads will be scaled down.
Job stats:
job                            count
---------------------------  -------
AUCell_direct                      1
AUCell_extended                    1
all                                1
download_genome_annotations        1
eGRN_direct                        1
eGRN_extended                      1
get_search_space                   1
prepare_GEX_ACC_multiome           1
prepare_menr                       1
region_to_gene                     1
scplus_mudata                      1
tf_to_gene                         1
total                             12

Select jobs to execute...
Execute 2 jobs...

[Thu Jul 18 20:02:06 2024]
localrule prepare_GEX_ACC_multiome:
    input: /group/testa/michal.kubacki/herring/output_hg19_all_excitatory_all_ages/cistopic_obj.pkl, /group/testa/michal.kubacki/herring/output_hg19_all_excitatory_all_ages/modified_adata.h5ad
    output: /group/testa/michal.kubacki/herring/scenic_all_excitatory_all_ages/ACC_GEX.h5mu
    jobid: 2
    reason: Forced execution
    resources: tmpdir=/localscratch/13687142.michal.kubacki


[Thu Jul 18 20:02:06 2024]
localrule download_genome_annotations:
    output: /group/testa/michal.kubacki/herring/scenic_all_excitatory_all_ages/genome_annotation.tsv, /group/testa/michal.kubacki/herring/scenic_all_excitatory_all_ages/chromsizes.tsv
    jobid: 7
    reason: Forced execution
    resources: tmpdir=/localscratch/13687142.michal.kubacki

[Thu Jul 18 20:04:39 2024]
Finished job 2.
1 of 12 steps (8%) done
Select jobs to execute...
Execute 1 jobs...

[Thu Jul 18 20:04:39 2024]
localrule prepare_menr:
    input: /group/testa/michal.kubacki/herring/scenic_all_excitatory_all_ages/dem_results.hdf5, /group/testa/michal.kubacki/herring/scenic_all_excitatory_all_ages/ctx_results.hdf5, /group/testa/michal.kubacki/herring/scenic_all_excitatory_all_ages/ACC_GEX.h5mu
    output: /group/testa/michal.kubacki/herring/scenic_all_excitatory_all_ages/tf_names.txt, /group/testa/michal.kubacki/herring/scenic_all_excitatory_all_ages/cistromes_direct.h5ad, /group/testa/michal.kubacki/herring/scenic_all_excitatory_all_ages/cistromes_extended.h5ad
    jobid: 6
    reason: Forced execution
    resources: tmpdir=/localscratch/13687142.michal.kubacki

[Thu Jul 18 20:04:58 2024]
Finished job 7.
2 of 12 steps (17%) done
Select jobs to execute...
Execute 1 jobs...

[Thu Jul 18 20:04:58 2024]
localrule get_search_space:
    input: /group/testa/michal.kubacki/herring/scenic_all_excitatory_all_ages/ACC_GEX.h5mu, /group/testa/michal.kubacki/herring/scenic_all_excitatory_all_ages/genome_annotation.tsv, /group/testa/michal.kubacki/herring/scenic_all_excitatory_all_ages/chromsizes.tsv
    output: /group/testa/michal.kubacki/herring/scenic_all_excitatory_all_ages/search_space.tsv
    jobid: 9
    reason: Forced execution
    resources: tmpdir=/localscratch/13687142.michal.kubacki

[Thu Jul 18 20:08:00 2024]
Finished job 9.
3 of 12 steps (25%) done
Select jobs to execute...
Execute 1 jobs...

[Thu Jul 18 20:08:00 2024]
localrule region_to_gene:
    input: /group/testa/michal.kubacki/herring/scenic_all_excitatory_all_ages/ACC_GEX.h5mu, /group/testa/michal.kubacki/herring/scenic_all_excitatory_all_ages/search_space.tsv
    output: /group/testa/michal.kubacki/herring/scenic_all_excitatory_all_ages/region_to_gene_adj.tsv
    jobid: 8
    reason: Forced execution
    threads: 32
    resources: tmpdir=/localscratch/13687142.michal.kubacki

[Thu Jul 18 20:10:16 2024]
Finished job 6.
4 of 12 steps (33%) done
Select jobs to execute...
Execute 1 jobs...

[Thu Jul 18 20:10:16 2024]
localrule tf_to_gene:
    input: /group/testa/michal.kubacki/herring/scenic_all_excitatory_all_ages/ACC_GEX.h5mu, /group/testa/michal.kubacki/herring/scenic_all_excitatory_all_ages/tf_names.txt
    output: /group/testa/michal.kubacki/herring/scenic_all_excitatory_all_ages/tf_to_gene_adj.tsv
    jobid: 5
    reason: Forced execution
    threads: 32
    resources: tmpdir=/localscratch/13687142.michal.kubacki

[Thu Jul 18 20:16:55 2024]
Finished job 8.
5 of 12 steps (42%) done
[Thu Jul 18 20:27:27 2024]
Finished job 5.
6 of 12 steps (50%) done
Select jobs to execute...
Execute 2 jobs...

[Thu Jul 18 20:27:27 2024]
localrule eGRN_extended:
    input: /group/testa/michal.kubacki/herring/scenic_all_excitatory_all_ages/tf_to_gene_adj.tsv, /group/testa/michal.kubacki/herring/scenic_all_excitatory_all_ages/region_to_gene_adj.tsv, /group/testa/michal.kubacki/herring/scenic_all_excitatory_all_ages/cistromes_extended.h5ad, /scratch/michal.kubacki/herring/output_hg19_all_excitatory_all_ages/cistarget_motif_dataset.regions_vs_motifs.rankings.feather
    output: /group/testa/michal.kubacki/herring/scenic_all_excitatory_all_ages/eRegulons_extended.tsv
    jobid: 11
    reason: Forced execution
    threads: 32
    resources: tmpdir=/localscratch/13687142.michal.kubacki


[Thu Jul 18 20:27:27 2024]
localrule eGRN_direct:
    input: /group/testa/michal.kubacki/herring/scenic_all_excitatory_all_ages/tf_to_gene_adj.tsv, /group/testa/michal.kubacki/herring/scenic_all_excitatory_all_ages/region_to_gene_adj.tsv, /group/testa/michal.kubacki/herring/scenic_all_excitatory_all_ages/cistromes_direct.h5ad, /scratch/michal.kubacki/herring/output_hg19_all_excitatory_all_ages/cistarget_motif_dataset.regions_vs_motifs.rankings.feather
    output: /group/testa/michal.kubacki/herring/scenic_all_excitatory_all_ages/eRegulon_direct.tsv
    jobid: 4
    reason: Forced execution
    threads: 32
    resources: tmpdir=/localscratch/13687142.michal.kubacki

[Thu Jul 18 20:58:22 2024]
Error in rule eGRN_extended:
    jobid: 11
    input: /group/testa/michal.kubacki/herring/scenic_all_excitatory_all_ages/tf_to_gene_adj.tsv, /group/testa/michal.kubacki/herring/scenic_all_excitatory_all_ages/region_to_gene_adj.tsv, /group/testa/michal.kubacki/herring/scenic_all_excitatory_all_ages/cistromes_extended.h5ad, /scratch/michal.kubacki/herring/output_hg19_all_excitatory_all_ages/cistarget_motif_dataset.regions_vs_motifs.rankings.feather
    output: /group/testa/michal.kubacki/herring/scenic_all_excitatory_all_ages/eRegulons_extended.tsv
    shell:
        
        scenicplus grn_inference eGRN             --is_extended             --TF_to_gene_adj_fname /group/testa/michal.kubacki/herring/scenic_all_excitatory_all_ages/tf_to_gene_adj.tsv            --region_to_gene_adj_fname /group/testa/michal.kubacki/herring/scenic_all_excitatory_all_ages/region_to_gene_adj.tsv             --cistromes_fname /group/testa/michal.kubacki/herring/scenic_all_excitatory_all_ages/cistromes_extended.h5ad             --ranking_db_fname /scratch/michal.kubacki/herring/output_hg19_all_excitatory_all_ages/cistarget_motif_dataset.regions_vs_motifs.rankings.feather             --eRegulon_out_fname /group/testa/michal.kubacki/herring/scenic_all_excitatory_all_ages/eRegulons_extended.tsv             --temp_dir /group/testa/michal.kubacki/herring/output_hg19_all_excitatory_all_ages/tmp             --order_regions_to_genes_by importance             --order_TFs_to_genes_by importance             --gsea_n_perm 1000             --quantiles 0.85 0.90 0.95             --top_n_regionTogenes_per_gene 5 10 15             --top_n_regionTogenes_per_region              --min_regions_per_gene 0             --rho_threshold 0.05             --min_target_genes 10             --n_cpu 32
        
        (one of the commands exited with non-zero exit code; note that snakemake uses bash strict mode!)

[Thu Jul 18 20:59:50 2024]
Finished job 4.
7 of 12 steps (58%) done
Shutting down, this might take some time.
Exiting because a job execution failed. Look above for error message
Complete log: .snakemake/log/2024-07-18T200206.210903.snakemake.log
WorkflowError:
At least one job did not complete successfully.
