Building DAG of jobs...
Using shell: /usr/bin/bash
Provided cores: 32
Rules claiming more threads will be scaled down.
Job stats:
job                count
---------------  -------
AUCell_direct          1
AUCell_extended        1
all                    1
eGRN_direct            1
eGRN_extended          1
scplus_mudata          1
total                  6

Select jobs to execute...
Execute 1 jobs...

[Mon Jul  1 17:08:46 2024]
localrule eGRN_direct:
    input: /group/testa/michal.kubacki/herring/scenic_all_excitatory_all_ages/tf_to_gene_adj.tsv, /group/testa/michal.kubacki/herring/scenic_all_excitatory_all_ages/region_to_gene_adj.tsv, /group/testa/michal.kubacki/herring/scenic_all_excitatory_all_ages/cistromes_direct.h5ad, /scratch/michal.kubacki/herring/output_hg19_all_excitatory_all_ages/cistarget_motif_dataset.regions_vs_motifs.rankings.feather
    output: /group/testa/michal.kubacki/herring/scenic_all_excitatory_all_ages/eRegulon_direct.tsv
    jobid: 4
    reason: Missing output files: /group/testa/michal.kubacki/herring/scenic_all_excitatory_all_ages/eRegulon_direct.tsv
    threads: 32
    resources: tmpdir=/localscratch/13136600.michal.kubacki

Waiting at most 5 seconds for missing files.
MissingOutputException in rule eGRN_direct in file /home/michal.kubacki/Githubs/Re-MEND/code/External_Datasets/GeneSet_Derivation/Herring_scenic/scplus_pipeline/Snakemake/workflow/Snakefile, line 311:
Job 4  completed successfully, but some output files are missing. Missing files after 5 seconds. This might be due to filesystem latency. If that is the case, consider to increase the wait time with --latency-wait:
/group/testa/michal.kubacki/herring/scenic_all_excitatory_all_ages/eRegulon_direct.tsv
Shutting down, this might take some time.
Exiting because a job execution failed. Look above for error message
Complete log: .snakemake/log/2024-07-01T170810.704056.snakemake.log
WorkflowError:
At least one job did not complete successfully.
