Building DAG of jobs...
Using shell: /usr/bin/bash
Provided cores: 32
Rules claiming more threads will be scaled down.
Job stats:
job                           count
--------------------------  -------
AUCell_direct                     1
AUCell_extended                   1
all                               1
eGRN_direct                       1
eGRN_extended                     1
motif_enrichment_cistarget        1
prepare_menr                      1
scplus_mudata                     1
tf_to_gene                        1
total                             9

Select jobs to execute...
Execute 1 jobs...

[Tue Jun  4 07:17:47 2024]
localrule motif_enrichment_cistarget:
    input: /group/testa/michal.kubacki/herring/output_hg19_all_cell_types/region_sets, /group/testa/michal.kubacki/herring/output_hg19_all_cell_types/cistarget_motif_dataset.regions_vs_motifs.rankings.feather, /group/testa/michal.kubacki/herring/scenic_input/motifs-v10nr_clust-nr.hgnc-m0.001-o0.0.tbl
    output: /group/testa/michal.kubacki/herring/scenic_all_celltypes/ctx_results.hdf5, /group/testa/michal.kubacki/herring/scenic_all_celltypes/ctx_results.html
    jobid: 9
    reason: Missing output files: /group/testa/michal.kubacki/herring/scenic_all_celltypes/ctx_results.hdf5
    threads: 32
    resources: tmpdir=/localscratch/12352858.michal.kubacki

[Tue Jun  4 07:30:43 2024]
Finished job 9.
1 of 9 steps (11%) done
Select jobs to execute...
Execute 1 jobs...

[Tue Jun  4 07:30:43 2024]
localrule prepare_menr:
    input: /group/testa/michal.kubacki/herring/scenic_all_celltypes/dem_results.hdf5, /group/testa/michal.kubacki/herring/scenic_all_celltypes/ctx_results.hdf5, /group/testa/michal.kubacki/herring/scenic_all_celltypes/ACC_GEX.h5mu
    output: /group/testa/michal.kubacki/herring/scenic_all_celltypes/tf_names.txt, /group/testa/michal.kubacki/herring/scenic_all_celltypes/cistromes_direct.h5ad, /group/testa/michal.kubacki/herring/scenic_all_celltypes/cistromes_extended.h5ad
    jobid: 6
    reason: Input files updated by another job: /group/testa/michal.kubacki/herring/scenic_all_celltypes/ctx_results.hdf5; Set of input files has changed since last execution
    resources: tmpdir=/localscratch/12352858.michal.kubacki

[Tue Jun  4 07:33:09 2024]
Finished job 6.
2 of 9 steps (22%) done
Select jobs to execute...
Execute 1 jobs...

[Tue Jun  4 07:33:09 2024]
localrule tf_to_gene:
    input: /group/testa/michal.kubacki/herring/scenic_all_celltypes/ACC_GEX.h5mu, /group/testa/michal.kubacki/herring/scenic_all_celltypes/tf_names.txt
    output: /group/testa/michal.kubacki/herring/scenic_all_celltypes/tf_to_gene_adj.tsv
    jobid: 5
    reason: Input files updated by another job: /group/testa/michal.kubacki/herring/scenic_all_celltypes/tf_names.txt
    threads: 32
    resources: tmpdir=/localscratch/12352858.michal.kubacki

[Tue Jun  4 07:53:08 2024]
Finished job 5.
3 of 9 steps (33%) done
Select jobs to execute...
Execute 1 jobs...

[Tue Jun  4 07:53:08 2024]
localrule eGRN_direct:
    input: /group/testa/michal.kubacki/herring/scenic_all_celltypes/tf_to_gene_adj.tsv, /group/testa/michal.kubacki/herring/scenic_all_celltypes/region_to_gene_adj.tsv, /group/testa/michal.kubacki/herring/scenic_all_celltypes/cistromes_direct.h5ad, /group/testa/michal.kubacki/herring/output_hg19_all_cell_types/cistarget_motif_dataset.regions_vs_motifs.rankings.feather
    output: /group/testa/michal.kubacki/herring/scenic_all_celltypes/eRegulon_direct.tsv
    jobid: 4
    reason: Missing output files: /group/testa/michal.kubacki/herring/scenic_all_celltypes/eRegulon_direct.tsv; Input files updated by another job: /group/testa/michal.kubacki/herring/scenic_all_celltypes/tf_to_gene_adj.tsv, /group/testa/michal.kubacki/herring/scenic_all_celltypes/cistromes_direct.h5ad
    threads: 32
    resources: tmpdir=/localscratch/12352858.michal.kubacki

[Tue Jun  4 07:55:22 2024]
Error in rule eGRN_direct:
    jobid: 4
    input: /group/testa/michal.kubacki/herring/scenic_all_celltypes/tf_to_gene_adj.tsv, /group/testa/michal.kubacki/herring/scenic_all_celltypes/region_to_gene_adj.tsv, /group/testa/michal.kubacki/herring/scenic_all_celltypes/cistromes_direct.h5ad, /group/testa/michal.kubacki/herring/output_hg19_all_cell_types/cistarget_motif_dataset.regions_vs_motifs.rankings.feather
    output: /group/testa/michal.kubacki/herring/scenic_all_celltypes/eRegulon_direct.tsv
    shell:
        
        scenicplus grn_inference eGRN             --TF_to_gene_adj_fname /group/testa/michal.kubacki/herring/scenic_all_celltypes/tf_to_gene_adj.tsv            --region_to_gene_adj_fname /group/testa/michal.kubacki/herring/scenic_all_celltypes/region_to_gene_adj.tsv             --cistromes_fname /group/testa/michal.kubacki/herring/scenic_all_celltypes/cistromes_direct.h5ad            --ranking_db_fname /group/testa/michal.kubacki/herring/output_hg19_all_cell_types/cistarget_motif_dataset.regions_vs_motifs.rankings.feather             --eRegulon_out_fname /group/testa/michal.kubacki/herring/scenic_all_celltypes/eRegulon_direct.tsv             --temp_dir /group/testa/michal.kubacki/herring/output_hg19_all_cell_types/tmp             --order_regions_to_genes_by importance             --order_TFs_to_genes_by importance             --gsea_n_perm 1000             --quantiles 0.85 0.90 0.95             --top_n_regionTogenes_per_gene 5 10 15             --top_n_regionTogenes_per_region              --min_regions_per_gene 0             --rho_threshold 0.05             --min_target_genes 10             --n_cpu 32
        
        (one of the commands exited with non-zero exit code; note that snakemake uses bash strict mode!)

Shutting down, this might take some time.
Exiting because a job execution failed. Look above for error message
Complete log: .snakemake/log/2024-06-04T071732.681682.snakemake.log
WorkflowError:
At least one job did not complete successfully.
