Building DAG of jobs...
Using shell: /usr/bin/bash
Provided cores: 32
Rules claiming more threads will be scaled down.
Job stats:
job                            count
---------------------------  -------
AUCell_direct                      1
AUCell_extended                    1
all                                1
download_genome_annotations        1
eGRN_direct                        1
eGRN_extended                      1
get_search_space                   1
motif_enrichment_cistarget         1
motif_enrichment_dem               1
prepare_GEX_ACC_multiome           1
prepare_menr                       1
region_to_gene                     1
scplus_mudata                      1
tf_to_gene                         1
total                             14

Select jobs to execute...
Execute 1 jobs...

[Thu Jun 20 06:59:38 2024]
localrule motif_enrichment_cistarget:
    input: /group/testa/michal.kubacki/herring/output_hg19_all_inhibitory/region_sets, /group/testa/michal.kubacki/herring/output_hg19_all_inhibitory/cistarget_motif_dataset.regions_vs_motifs.rankings.feather, /group/testa/michal.kubacki/herring/scenic_input/motifs-v9-nr.hgnc-m0.001-o0.0.tbl
    output: /group/testa/michal.kubacki/herring/scenic_all_inhibitory/ctx_results.hdf5, /group/testa/michal.kubacki/herring/scenic_all_inhibitory/ctx_results.html
    jobid: 9
    reason: Forced execution
    threads: 32
    resources: tmpdir=/localscratch/12904613.michal.kubacki

