Building DAG of jobs...
Using shell: /usr/bin/bash
Provided cores: 32
Rules claiming more threads will be scaled down.
Job stats:
job                count
---------------  -------
AUCell_direct          1
AUCell_extended        1
all                    1
eGRN_direct            1
eGRN_extended          1
prepare_menr           1
region_to_gene         1
scplus_mudata          1
tf_to_gene             1
total                  9

Select jobs to execute...
Execute 1 jobs...

[Fri Jun 28 10:49:44 2024]
localrule prepare_menr:
    input: /group/testa/michal.kubacki/herring/scenic_all_excitatory_all_ages/dem_results.hdf5, /group/testa/michal.kubacki/herring/scenic_all_excitatory_all_ages/ctx_results.hdf5, /group/testa/michal.kubacki/herring/scenic_all_excitatory_all_ages/ACC_GEX.h5mu
    output: /group/testa/michal.kubacki/herring/scenic_all_excitatory_all_ages/tf_names.txt, /group/testa/michal.kubacki/herring/scenic_all_excitatory_all_ages/cistromes_direct.h5ad, /group/testa/michal.kubacki/herring/scenic_all_excitatory_all_ages/cistromes_extended.h5ad
    jobid: 6
    reason: Missing output files: /group/testa/michal.kubacki/herring/scenic_all_excitatory_all_ages/tf_names.txt
    resources: tmpdir=/localscratch/13125190.michal.kubacki

[Fri Jun 28 10:55:41 2024]
Finished job 6.
1 of 9 steps (11%) done
Select jobs to execute...
Execute 1 jobs...

[Fri Jun 28 10:55:41 2024]
localrule region_to_gene:
    input: /group/testa/michal.kubacki/herring/scenic_all_excitatory_all_ages/ACC_GEX.h5mu, /group/testa/michal.kubacki/herring/scenic_all_excitatory_all_ages/search_space.tsv
    output: /group/testa/michal.kubacki/herring/scenic_all_excitatory_all_ages/region_to_gene_adj.tsv
    jobid: 8
    reason: Missing output files: /group/testa/michal.kubacki/herring/scenic_all_excitatory_all_ages/region_to_gene_adj.tsv
    threads: 32
    resources: tmpdir=/localscratch/13125190.michal.kubacki

[Fri Jun 28 11:03:28 2024]
Finished job 8.
2 of 9 steps (22%) done
Select jobs to execute...
Execute 1 jobs...

[Fri Jun 28 11:03:28 2024]
localrule tf_to_gene:
    input: /group/testa/michal.kubacki/herring/scenic_all_excitatory_all_ages/ACC_GEX.h5mu, /group/testa/michal.kubacki/herring/scenic_all_excitatory_all_ages/tf_names.txt
    output: /group/testa/michal.kubacki/herring/scenic_all_excitatory_all_ages/tf_to_gene_adj.tsv
    jobid: 5
    reason: Missing output files: /group/testa/michal.kubacki/herring/scenic_all_excitatory_all_ages/tf_to_gene_adj.tsv; Input files updated by another job: /group/testa/michal.kubacki/herring/scenic_all_excitatory_all_ages/tf_names.txt
    threads: 32
    resources: tmpdir=/localscratch/13125190.michal.kubacki

[Fri Jun 28 11:24:47 2024]
Finished job 5.
3 of 9 steps (33%) done
Select jobs to execute...
Execute 1 jobs...

[Fri Jun 28 11:24:47 2024]
localrule eGRN_direct:
    input: /group/testa/michal.kubacki/herring/scenic_all_excitatory_all_ages/tf_to_gene_adj.tsv, /group/testa/michal.kubacki/herring/scenic_all_excitatory_all_ages/region_to_gene_adj.tsv, /group/testa/michal.kubacki/herring/scenic_all_excitatory_all_ages/cistromes_direct.h5ad, /scratch/michal.kubacki/herring/output_hg19_all_excitatory_all_ages/cistarget_motif_dataset.regions_vs_motifs.rankings.feather
    output: /group/testa/michal.kubacki/herring/scenic_all_excitatory_all_ages/eRegulon_direct.tsv
    jobid: 4
    reason: Missing output files: /group/testa/michal.kubacki/herring/scenic_all_excitatory_all_ages/eRegulon_direct.tsv; Input files updated by another job: /group/testa/michal.kubacki/herring/scenic_all_excitatory_all_ages/cistromes_direct.h5ad, /group/testa/michal.kubacki/herring/scenic_all_excitatory_all_ages/tf_to_gene_adj.tsv, /group/testa/michal.kubacki/herring/scenic_all_excitatory_all_ages/region_to_gene_adj.tsv
    threads: 32
    resources: tmpdir=/localscratch/13125190.michal.kubacki

[Fri Jun 28 11:26:45 2024]
Error in rule eGRN_direct:
    jobid: 4
    input: /group/testa/michal.kubacki/herring/scenic_all_excitatory_all_ages/tf_to_gene_adj.tsv, /group/testa/michal.kubacki/herring/scenic_all_excitatory_all_ages/region_to_gene_adj.tsv, /group/testa/michal.kubacki/herring/scenic_all_excitatory_all_ages/cistromes_direct.h5ad, /scratch/michal.kubacki/herring/output_hg19_all_excitatory_all_ages/cistarget_motif_dataset.regions_vs_motifs.rankings.feather
    output: /group/testa/michal.kubacki/herring/scenic_all_excitatory_all_ages/eRegulon_direct.tsv
    shell:
        
        scenicplus grn_inference eGRN             --TF_to_gene_adj_fname /group/testa/michal.kubacki/herring/scenic_all_excitatory_all_ages/tf_to_gene_adj.tsv            --region_to_gene_adj_fname /group/testa/michal.kubacki/herring/scenic_all_excitatory_all_ages/region_to_gene_adj.tsv             --cistromes_fname /group/testa/michal.kubacki/herring/scenic_all_excitatory_all_ages/cistromes_direct.h5ad            --ranking_db_fname /scratch/michal.kubacki/herring/output_hg19_all_excitatory_all_ages/cistarget_motif_dataset.regions_vs_motifs.rankings.feather             --eRegulon_out_fname /group/testa/michal.kubacki/herring/scenic_all_excitatory_all_ages/eRegulon_direct.tsv             --temp_dir /group/testa/michal.kubacki/herring/output_hg19_all_excitatory_all_ages/tmp             --order_regions_to_genes_by importance             --order_TFs_to_genes_by importance             --gsea_n_perm 1000             --quantiles 0.85 0.90 0.95             --top_n_regionTogenes_per_gene 5 10 15             --top_n_regionTogenes_per_region              --min_regions_per_gene 0             --rho_threshold 0.05             --min_target_genes 10             --n_cpu 32
        
        (one of the commands exited with non-zero exit code; note that snakemake uses bash strict mode!)

Shutting down, this might take some time.
Exiting because a job execution failed. Look above for error message
Complete log: .snakemake/log/2024-06-28T104930.064973.snakemake.log
WorkflowError:
At least one job did not complete successfully.
