Building DAG of jobs...
Using shell: /usr/bin/bash
Provided cores: 96
Rules claiming more threads will be scaled down.
Job stats:
job                            count
---------------------------  -------
AUCell_direct                      1
AUCell_extended                    1
all                                1
download_genome_annotations        1
eGRN_direct                        1
eGRN_extended                      1
get_search_space                   1
prepare_GEX_ACC_multiome           1
prepare_menr                       1
region_to_gene                     1
scplus_mudata                      1
tf_to_gene                         1
total                             12

Select jobs to execute...
Execute 2 jobs...

[Thu Jul 18 07:52:12 2024]
localrule prepare_GEX_ACC_multiome:
    input: /group/testa/michal.kubacki/herring/output_hg19_all_inhibitory_all_ages/cistopic_obj.pkl, /group/testa/michal.kubacki/herring/output_hg19_all_inhibitory_all_ages/adata.h5ad
    output: /group/testa/michal.kubacki/herring/scenic_all_inhibitory_all_ages/ACC_GEX.h5mu
    jobid: 2
    reason: Forced execution
    resources: tmpdir=/localscratch/13673964.michal.kubacki


[Thu Jul 18 07:52:12 2024]
localrule download_genome_annotations:
    output: /group/testa/michal.kubacki/herring/scenic_all_inhibitory_all_ages/genome_annotation.tsv, /group/testa/michal.kubacki/herring/scenic_all_inhibitory_all_ages/chromsizes.tsv
    jobid: 7
    reason: Forced execution
    resources: tmpdir=/localscratch/13673964.michal.kubacki

[Thu Jul 18 07:53:24 2024]
Error in rule prepare_GEX_ACC_multiome:
    jobid: 2
    input: /group/testa/michal.kubacki/herring/output_hg19_all_inhibitory_all_ages/cistopic_obj.pkl, /group/testa/michal.kubacki/herring/output_hg19_all_inhibitory_all_ages/adata.h5ad
    output: /group/testa/michal.kubacki/herring/scenic_all_inhibitory_all_ages/ACC_GEX.h5mu
    shell:
        
            scenicplus prepare_data prepare_GEX_ACC                 --cisTopic_obj_fname /group/testa/michal.kubacki/herring/output_hg19_all_inhibitory_all_ages/cistopic_obj.pkl                 --GEX_anndata_fname /group/testa/michal.kubacki/herring/output_hg19_all_inhibitory_all_ages/adata.h5ad                 --out_file /group/testa/michal.kubacki/herring/scenic_all_inhibitory_all_ages/ACC_GEX.h5mu                 --bc_transform_func "lambda x: f'{x}'"
            
        (one of the commands exited with non-zero exit code; note that snakemake uses bash strict mode!)

[Thu Jul 18 07:54:41 2024]
Finished job 7.
1 of 12 steps (8%) done
Shutting down, this might take some time.
Exiting because a job execution failed. Look above for error message
Complete log: .snakemake/log/2024-07-18T075212.074826.snakemake.log
WorkflowError:
At least one job did not complete successfully.
