Building DAG of jobs...
Using shell: /usr/bin/bash
Provided cores: 32
Rules claiming more threads will be scaled down.
Job stats:
job                count
---------------  -------
AUCell_direct          1
AUCell_extended        1
all                    1
eGRN_direct            1
eGRN_extended          1
scplus_mudata          1
tf_to_gene             1
total                  7

Select jobs to execute...
Execute 1 jobs...

[Thu Jun 13 14:40:59 2024]
localrule tf_to_gene:
    input: /group/testa/michal.kubacki/herring/scenic_all_excitatory/ACC_GEX.h5mu, /group/testa/michal.kubacki/herring/scenic_all_excitatory/tf_names.txt
    output: /group/testa/michal.kubacki/herring/scenic_all_excitatory/tf_to_gene_adj.tsv
    jobid: 5
    reason: Missing output files: /group/testa/michal.kubacki/herring/scenic_all_excitatory/tf_to_gene_adj.tsv
    threads: 32
    resources: tmpdir=/localscratch/12626977.michal.kubacki

[Thu Jun 13 14:43:36 2024]
Error in rule tf_to_gene:
    jobid: 5
    input: /group/testa/michal.kubacki/herring/scenic_all_excitatory/ACC_GEX.h5mu, /group/testa/michal.kubacki/herring/scenic_all_excitatory/tf_names.txt
    output: /group/testa/michal.kubacki/herring/scenic_all_excitatory/tf_to_gene_adj.tsv
    shell:
        
        scenicplus grn_inference TF_to_gene             --multiome_mudata_fname /group/testa/michal.kubacki/herring/scenic_all_excitatory/ACC_GEX.h5mu             --tf_names /group/testa/michal.kubacki/herring/scenic_all_excitatory/tf_names.txt             --temp_dir /group/testa/michal.kubacki/herring/output_hg19_all_excitatory/tmp             --out_tf_to_gene_adjacencies /group/testa/michal.kubacki/herring/scenic_all_excitatory/tf_to_gene_adj.tsv             --method GBM             --n_cpu 32             --seed 666
        
        (one of the commands exited with non-zero exit code; note that snakemake uses bash strict mode!)

Shutting down, this might take some time.
Exiting because a job execution failed. Look above for error message
Complete log: .snakemake/log/2024-06-13T144024.253769.snakemake.log
WorkflowError:
At least one job did not complete successfully.
