Building DAG of jobs...
Using shell: /usr/bin/bash
Provided cores: 32
Rules claiming more threads will be scaled down.
Job stats:
job                         count
------------------------  -------
AUCell_direct                   1
AUCell_extended                 1
all                             1
eGRN_direct                     1
eGRN_extended                   1
get_search_space                1
motif_enrichment_dem            1
prepare_GEX_ACC_multiome        1
prepare_menr                    1
region_to_gene                  1
scplus_mudata                   1
tf_to_gene                      1
total                          12

Select jobs to execute...
Execute 1 jobs...

[Tue Jul  2 14:59:19 2024]
localrule motif_enrichment_dem:
    input: /group/testa/michal.kubacki/herring/output_hg19_all_excitatory/region_sets, /group/testa/michal.kubacki/herring/output_hg19_all_excitatory/cistarget_motif_dataset.regions_vs_motifs.scores.feather, /group/testa/michal.kubacki/herring/scenic_all_excitatory/genome_annotation.tsv, /group/testa/michal.kubacki/herring/scenic_input/motifs-v9-nr.hgnc-m0.001-o0.0.tbl
    output: /group/testa/michal.kubacki/herring/scenic_all_excitatory/dem_results.hdf5, /group/testa/michal.kubacki/herring/scenic_all_excitatory/dem_results.html
    jobid: 7
    reason: Updated input files: /group/testa/michal.kubacki/herring/scenic_all_excitatory/genome_annotation.tsv
    threads: 32
    resources: tmpdir=/localscratch/13137736.michal.kubacki

[Tue Jul  2 15:18:53 2024]
Finished job 7.
1 of 12 steps (8%) done
Select jobs to execute...
Execute 1 jobs...

[Tue Jul  2 15:18:53 2024]
localrule prepare_GEX_ACC_multiome:
    input: /group/testa/michal.kubacki/herring/output_hg19_all_excitatory/cistopic_obj.pkl, /group/testa/michal.kubacki/herring/output_hg19_all_excitatory/modified_adata.h5ad
    output: /group/testa/michal.kubacki/herring/scenic_all_excitatory/ACC_GEX.h5mu
    jobid: 2
    reason: Missing output files: /group/testa/michal.kubacki/herring/scenic_all_excitatory/ACC_GEX.h5mu; Updated input files: /group/testa/michal.kubacki/herring/output_hg19_all_excitatory/cistopic_obj.pkl, /group/testa/michal.kubacki/herring/output_hg19_all_excitatory/modified_adata.h5ad
    resources: tmpdir=/localscratch/13137736.michal.kubacki

[Tue Jul  2 15:19:51 2024]
Finished job 2.
2 of 12 steps (17%) done
Select jobs to execute...
Execute 2 jobs...

[Tue Jul  2 15:19:51 2024]
localrule get_search_space:
    input: /group/testa/michal.kubacki/herring/scenic_all_excitatory/ACC_GEX.h5mu, /group/testa/michal.kubacki/herring/scenic_all_excitatory/genome_annotation.tsv, /group/testa/michal.kubacki/herring/scenic_all_excitatory/chromsizes.tsv
    output: /group/testa/michal.kubacki/herring/scenic_all_excitatory/search_space.tsv
    jobid: 11
    reason: Input files updated by another job: /group/testa/michal.kubacki/herring/scenic_all_excitatory/ACC_GEX.h5mu
    resources: tmpdir=/localscratch/13137736.michal.kubacki


[Tue Jul  2 15:19:51 2024]
localrule prepare_menr:
    input: /group/testa/michal.kubacki/herring/scenic_all_excitatory/dem_results.hdf5, /group/testa/michal.kubacki/herring/scenic_all_excitatory/ctx_results.hdf5, /group/testa/michal.kubacki/herring/scenic_all_excitatory/ACC_GEX.h5mu
    output: /group/testa/michal.kubacki/herring/scenic_all_excitatory/tf_names.txt, /group/testa/michal.kubacki/herring/scenic_all_excitatory/cistromes_direct.h5ad, /group/testa/michal.kubacki/herring/scenic_all_excitatory/cistromes_extended.h5ad
    jobid: 6
    reason: Input files updated by another job: /group/testa/michal.kubacki/herring/scenic_all_excitatory/dem_results.hdf5, /group/testa/michal.kubacki/herring/scenic_all_excitatory/ACC_GEX.h5mu
    resources: tmpdir=/localscratch/13137736.michal.kubacki

[Tue Jul  2 15:23:17 2024]
Finished job 11.
3 of 12 steps (25%) done
Select jobs to execute...
[Tue Jul  2 15:23:49 2024]
Finished job 6.
4 of 12 steps (33%) done
Execute 1 jobs...

[Tue Jul  2 15:23:49 2024]
localrule region_to_gene:
    input: /group/testa/michal.kubacki/herring/scenic_all_excitatory/ACC_GEX.h5mu, /group/testa/michal.kubacki/herring/scenic_all_excitatory/search_space.tsv
    output: /group/testa/michal.kubacki/herring/scenic_all_excitatory/region_to_gene_adj.tsv
    jobid: 10
    reason: Input files updated by another job: /group/testa/michal.kubacki/herring/scenic_all_excitatory/search_space.tsv, /group/testa/michal.kubacki/herring/scenic_all_excitatory/ACC_GEX.h5mu
    threads: 32
    resources: tmpdir=/localscratch/13137736.michal.kubacki

[Tue Jul  2 15:33:15 2024]
Finished job 10.
5 of 12 steps (42%) done
Select jobs to execute...
Execute 1 jobs...

[Tue Jul  2 15:33:15 2024]
localrule tf_to_gene:
    input: /group/testa/michal.kubacki/herring/scenic_all_excitatory/ACC_GEX.h5mu, /group/testa/michal.kubacki/herring/scenic_all_excitatory/tf_names.txt
    output: /group/testa/michal.kubacki/herring/scenic_all_excitatory/tf_to_gene_adj.tsv
    jobid: 5
    reason: Input files updated by another job: /group/testa/michal.kubacki/herring/scenic_all_excitatory/tf_names.txt, /group/testa/michal.kubacki/herring/scenic_all_excitatory/ACC_GEX.h5mu
    threads: 32
    resources: tmpdir=/localscratch/13137736.michal.kubacki

[Tue Jul  2 15:45:33 2024]
Finished job 5.
6 of 12 steps (50%) done
Select jobs to execute...
Execute 1 jobs...

[Tue Jul  2 15:45:33 2024]
localrule eGRN_direct:
    input: /group/testa/michal.kubacki/herring/scenic_all_excitatory/tf_to_gene_adj.tsv, /group/testa/michal.kubacki/herring/scenic_all_excitatory/region_to_gene_adj.tsv, /group/testa/michal.kubacki/herring/scenic_all_excitatory/cistromes_direct.h5ad, /group/testa/michal.kubacki/herring/output_hg19_all_excitatory/cistarget_motif_dataset.regions_vs_motifs.rankings.feather
    output: /group/testa/michal.kubacki/herring/scenic_all_excitatory/eRegulon_direct.tsv
    jobid: 4
    reason: Missing output files: /group/testa/michal.kubacki/herring/scenic_all_excitatory/eRegulon_direct.tsv; Input files updated by another job: /group/testa/michal.kubacki/herring/scenic_all_excitatory/cistromes_direct.h5ad, /group/testa/michal.kubacki/herring/scenic_all_excitatory/region_to_gene_adj.tsv, /group/testa/michal.kubacki/herring/scenic_all_excitatory/tf_to_gene_adj.tsv
    threads: 32
    resources: tmpdir=/localscratch/13137736.michal.kubacki

[Tue Jul  2 16:06:32 2024]
Finished job 4.
7 of 12 steps (58%) done
Select jobs to execute...
Execute 1 jobs...

[Tue Jul  2 16:06:32 2024]
localrule eGRN_extended:
    input: /group/testa/michal.kubacki/herring/scenic_all_excitatory/tf_to_gene_adj.tsv, /group/testa/michal.kubacki/herring/scenic_all_excitatory/region_to_gene_adj.tsv, /group/testa/michal.kubacki/herring/scenic_all_excitatory/cistromes_extended.h5ad, /group/testa/michal.kubacki/herring/output_hg19_all_excitatory/cistarget_motif_dataset.regions_vs_motifs.rankings.feather
    output: /group/testa/michal.kubacki/herring/scenic_all_excitatory/eRegulons_extended.tsv
    jobid: 13
    reason: Missing output files: /group/testa/michal.kubacki/herring/scenic_all_excitatory/eRegulons_extended.tsv; Input files updated by another job: /group/testa/michal.kubacki/herring/scenic_all_excitatory/cistromes_extended.h5ad, /group/testa/michal.kubacki/herring/scenic_all_excitatory/region_to_gene_adj.tsv, /group/testa/michal.kubacki/herring/scenic_all_excitatory/tf_to_gene_adj.tsv
    threads: 32
    resources: tmpdir=/localscratch/13137736.michal.kubacki

[Tue Jul  2 16:23:00 2024]
Finished job 13.
8 of 12 steps (67%) done
Select jobs to execute...
Execute 1 jobs...

[Tue Jul  2 16:23:00 2024]
localrule AUCell_direct:
    input: /group/testa/michal.kubacki/herring/scenic_all_excitatory/eRegulon_direct.tsv, /group/testa/michal.kubacki/herring/scenic_all_excitatory/ACC_GEX.h5mu
    output: /group/testa/michal.kubacki/herring/scenic_all_excitatory/AUCell_direct.h5mu
    jobid: 3
    reason: Missing output files: /group/testa/michal.kubacki/herring/scenic_all_excitatory/AUCell_direct.h5mu; Input files updated by another job: /group/testa/michal.kubacki/herring/scenic_all_excitatory/eRegulon_direct.tsv, /group/testa/michal.kubacki/herring/scenic_all_excitatory/ACC_GEX.h5mu
    threads: 32
    resources: tmpdir=/localscratch/13137736.michal.kubacki

[Tue Jul  2 16:23:42 2024]
Finished job 3.
9 of 12 steps (75%) done
Select jobs to execute...
Execute 1 jobs...

[Tue Jul  2 16:23:42 2024]
localrule AUCell_extended:
    input: /group/testa/michal.kubacki/herring/scenic_all_excitatory/eRegulons_extended.tsv, /group/testa/michal.kubacki/herring/scenic_all_excitatory/ACC_GEX.h5mu
    output: /group/testa/michal.kubacki/herring/scenic_all_excitatory/AUCell_extended.h5mu
    jobid: 12
    reason: Missing output files: /group/testa/michal.kubacki/herring/scenic_all_excitatory/AUCell_extended.h5mu; Input files updated by another job: /group/testa/michal.kubacki/herring/scenic_all_excitatory/eRegulons_extended.tsv, /group/testa/michal.kubacki/herring/scenic_all_excitatory/ACC_GEX.h5mu
    threads: 32
    resources: tmpdir=/localscratch/13137736.michal.kubacki

[Tue Jul  2 16:24:12 2024]
Finished job 12.
10 of 12 steps (83%) done
Select jobs to execute...
Execute 1 jobs...

[Tue Jul  2 16:24:12 2024]
localrule scplus_mudata:
    input: /group/testa/michal.kubacki/herring/scenic_all_excitatory/ACC_GEX.h5mu, /group/testa/michal.kubacki/herring/scenic_all_excitatory/AUCell_direct.h5mu, /group/testa/michal.kubacki/herring/scenic_all_excitatory/AUCell_extended.h5mu, /group/testa/michal.kubacki/herring/scenic_all_excitatory/eRegulon_direct.tsv, /group/testa/michal.kubacki/herring/scenic_all_excitatory/eRegulons_extended.tsv
    output: /group/testa/michal.kubacki/herring/scenic_all_excitatory/scplusmdata.h5mu
    jobid: 1
    reason: Missing output files: /group/testa/michal.kubacki/herring/scenic_all_excitatory/scplusmdata.h5mu; Input files updated by another job: /group/testa/michal.kubacki/herring/scenic_all_excitatory/AUCell_direct.h5mu, /group/testa/michal.kubacki/herring/scenic_all_excitatory/eRegulons_extended.tsv, /group/testa/michal.kubacki/herring/scenic_all_excitatory/eRegulon_direct.tsv, /group/testa/michal.kubacki/herring/scenic_all_excitatory/AUCell_extended.h5mu, /group/testa/michal.kubacki/herring/scenic_all_excitatory/ACC_GEX.h5mu
    resources: tmpdir=/localscratch/13137736.michal.kubacki

[Tue Jul  2 16:24:38 2024]
Finished job 1.
11 of 12 steps (92%) done
Select jobs to execute...
Execute 1 jobs...

[Tue Jul  2 16:24:38 2024]
localrule all:
    input: /group/testa/michal.kubacki/herring/scenic_all_excitatory/scplusmdata.h5mu
    jobid: 0
    reason: Input files updated by another job: /group/testa/michal.kubacki/herring/scenic_all_excitatory/scplusmdata.h5mu
    resources: tmpdir=/localscratch/13137736.michal.kubacki

[Tue Jul  2 16:24:38 2024]
Finished job 0.
12 of 12 steps (100%) done
Complete log: .snakemake/log/2024-07-02T145905.708360.snakemake.log
