Building DAG of jobs...
Using shell: /usr/bin/bash
Provided cores: 96
Rules claiming more threads will be scaled down.
Job stats:
job                            count
---------------------------  -------
AUCell_direct                      1
AUCell_extended                    1
all                                1
download_genome_annotations        1
eGRN_direct                        1
eGRN_extended                      1
get_search_space                   1
motif_enrichment_cistarget         1
motif_enrichment_dem               1
prepare_GEX_ACC_multiome           1
prepare_menr                       1
region_to_gene                     1
scplus_mudata                      1
tf_to_gene                         1
total                             14

Select jobs to execute...
Execute 1 jobs...

[Thu Jul 18 23:16:29 2024]
localrule motif_enrichment_cistarget:
    input: /group/testa/michal.kubacki/herring/output_hg19_all_cells/region_sets, /group/testa/michal.kubacki/herring/output_hg19_all_cells/cistarget_motif_dataset.regions_vs_motifs.rankings.feather, /group/testa/michal.kubacki/herring/scenic_input/motifs-v10nr_clust-nr.hgnc-m0.001-o0.0.tbl
    output: /group/testa/michal.kubacki/herring/scenic_all_cells/ctx_results.hdf5, /group/testa/michal.kubacki/herring/scenic_all_cells/ctx_results.html
    jobid: 9
    reason: Forced execution
    threads: 96
    resources: tmpdir=/localscratch/13717370.michal.kubacki

[Thu Jul 18 23:36:38 2024]
Error in rule motif_enrichment_cistarget:
    jobid: 9
    input: /group/testa/michal.kubacki/herring/output_hg19_all_cells/region_sets, /group/testa/michal.kubacki/herring/output_hg19_all_cells/cistarget_motif_dataset.regions_vs_motifs.rankings.feather, /group/testa/michal.kubacki/herring/scenic_input/motifs-v10nr_clust-nr.hgnc-m0.001-o0.0.tbl
    output: /group/testa/michal.kubacki/herring/scenic_all_cells/ctx_results.hdf5, /group/testa/michal.kubacki/herring/scenic_all_cells/ctx_results.html
    shell:
        
            scenicplus grn_inference motif_enrichment_cistarget                 --region_set_folder /group/testa/michal.kubacki/herring/output_hg19_all_cells/region_sets                 --cistarget_db_fname /group/testa/michal.kubacki/herring/output_hg19_all_cells/cistarget_motif_dataset.regions_vs_motifs.rankings.feather                 --output_fname_cistarget_result /group/testa/michal.kubacki/herring/scenic_all_cells/ctx_results.hdf5                 --temp_dir /group/testa/michal.kubacki/herring/output_hg19_all_cells/tmp                 --species homo_sapiens                 --fr_overlap_w_ctx_db 0.4                 --auc_threshold 0.005                 --nes_threshold 3.0                 --rank_threshold 0.05                 --path_to_motif_annotations /group/testa/michal.kubacki/herring/scenic_input/motifs-v10nr_clust-nr.hgnc-m0.001-o0.0.tbl                 --annotation_version v10nr_clust                 --motif_similarity_fdr 0.001                 --orthologous_identity_threshold 0.0                 --annotations_to_use Direct_annot Orthology_annot                 --write_html                 --output_fname_cistarget_html /group/testa/michal.kubacki/herring/scenic_all_cells/ctx_results.html                 --n_cpu 96
        
        (one of the commands exited with non-zero exit code; note that snakemake uses bash strict mode!)

Shutting down, this might take some time.
Exiting because a job execution failed. Look above for error message
Complete log: .snakemake/log/2024-07-18T231628.579638.snakemake.log
WorkflowError:
At least one job did not complete successfully.
