Building DAG of jobs...
Using shell: /usr/bin/bash
Provided cores: 32
Rules claiming more threads will be scaled down.
Job stats:
job                           count
--------------------------  -------
AUCell_direct                     1
AUCell_extended                   1
all                               1
eGRN_direct                       1
eGRN_extended                     1
motif_enrichment_cistarget        1
motif_enrichment_dem              1
prepare_menr                      1
scplus_mudata                     1
tf_to_gene                        1
total                            10

Select jobs to execute...
Execute 1 jobs...

[Sun Jun 23 15:19:43 2024]
localrule motif_enrichment_cistarget:
    input: /group/testa/michal.kubacki/herring/output_hg19_all_cell_types/region_sets, /group/testa/michal.kubacki/herring/output_hg19_all_cell_types/cistarget_motif_dataset.regions_vs_motifs.rankings.feather, /group/testa/michal.kubacki/herring/scenic_input/motifs-v10nr_clust-nr.hgnc-m0.001-o0.0.tbl
    output: /group/testa/michal.kubacki/herring/scenic_all_celltypes/tx_results.hdf5, /group/testa/michal.kubacki/herring/scenic_all_celltypes/ctx_results.html
    jobid: 9
    reason: Set of input files has changed since last execution; Params have changed since last execution
    threads: 32
    resources: tmpdir=/localscratch/13016926.michal.kubacki

[Sun Jun 23 15:34:47 2024]
Finished job 9.
1 of 10 steps (10%) done
Select jobs to execute...
Execute 1 jobs...

[Sun Jun 23 15:34:47 2024]
localrule motif_enrichment_dem:
    input: /group/testa/michal.kubacki/herring/output_hg19_all_cell_types/region_sets, /group/testa/michal.kubacki/herring/output_hg19_all_cell_types/cistarget_motif_dataset.regions_vs_motifs.scores.feather, /group/testa/michal.kubacki/herring/scenic_all_celltypes/genome_annotation.tsv, /group/testa/michal.kubacki/herring/scenic_input/motifs-v10nr_clust-nr.hgnc-m0.001-o0.0.tbl
    output: /group/testa/michal.kubacki/herring/scenic_all_celltypes/dem_results.hdf5, /group/testa/michal.kubacki/herring/scenic_all_celltypes/dem_results.html
    jobid: 7
    reason: Set of input files has changed since last execution; Params have changed since last execution
    threads: 32
    resources: tmpdir=/localscratch/13016926.michal.kubacki

[Sun Jun 23 15:47:26 2024]
Finished job 7.
2 of 10 steps (20%) done
Select jobs to execute...
Execute 1 jobs...

[Sun Jun 23 15:47:26 2024]
localrule prepare_menr:
    input: /group/testa/michal.kubacki/herring/scenic_all_celltypes/dem_results.hdf5, /group/testa/michal.kubacki/herring/scenic_all_celltypes/tx_results.hdf5, /group/testa/michal.kubacki/herring/scenic_all_celltypes/ACC_GEX.h5mu
    output: /group/testa/michal.kubacki/herring/scenic_all_celltypes/tf_names.txt, /group/testa/michal.kubacki/herring/scenic_all_celltypes/cistromes_direct.h5ad, /group/testa/michal.kubacki/herring/scenic_all_celltypes/cistromes_extended.h5ad
    jobid: 6
    reason: Input files updated by another job: /group/testa/michal.kubacki/herring/scenic_all_celltypes/tx_results.hdf5, /group/testa/michal.kubacki/herring/scenic_all_celltypes/dem_results.hdf5
    resources: tmpdir=/localscratch/13016926.michal.kubacki

[Sun Jun 23 15:57:20 2024]
Finished job 6.
3 of 10 steps (30%) done
Select jobs to execute...
Execute 1 jobs...

[Sun Jun 23 15:57:20 2024]
localrule tf_to_gene:
    input: /group/testa/michal.kubacki/herring/scenic_all_celltypes/ACC_GEX.h5mu, /group/testa/michal.kubacki/herring/scenic_all_celltypes/tf_names.txt
    output: /group/testa/michal.kubacki/herring/scenic_all_celltypes/tf_to_gene_adj.tsv
    jobid: 5
    reason: Missing output files: /group/testa/michal.kubacki/herring/scenic_all_celltypes/tf_to_gene_adj.tsv; Input files updated by another job: /group/testa/michal.kubacki/herring/scenic_all_celltypes/tf_names.txt
    threads: 32
    resources: tmpdir=/localscratch/13016926.michal.kubacki

[Sun Jun 23 16:18:52 2024]
Finished job 5.
4 of 10 steps (40%) done
Select jobs to execute...
Execute 1 jobs...

[Sun Jun 23 16:18:52 2024]
localrule eGRN_direct:
    input: /group/testa/michal.kubacki/herring/scenic_all_celltypes/tf_to_gene_adj.tsv, /group/testa/michal.kubacki/herring/scenic_all_celltypes/region_to_gene_adj.tsv, /group/testa/michal.kubacki/herring/scenic_all_celltypes/cistromes_direct.h5ad, /group/testa/michal.kubacki/herring/output_hg19_all_cell_types/cistarget_motif_dataset.regions_vs_motifs.rankings.feather
    output: /group/testa/michal.kubacki/herring/scenic_all_celltypes/eRegulon_direct.tsv
    jobid: 4
    reason: Missing output files: /group/testa/michal.kubacki/herring/scenic_all_celltypes/eRegulon_direct.tsv; Input files updated by another job: /group/testa/michal.kubacki/herring/scenic_all_celltypes/cistromes_direct.h5ad, /group/testa/michal.kubacki/herring/scenic_all_celltypes/tf_to_gene_adj.tsv
    threads: 32
    resources: tmpdir=/localscratch/13016926.michal.kubacki

Waiting at most 5 seconds for missing files.
MissingOutputException in rule eGRN_direct in file /home/michal.kubacki/Githubs/Re-MEND/code/External_Datasets/GeneSet_Derivation/Herring_scenic/scplus_pipeline/Snakemake/workflow/Snakefile, line 311:
Job 4  completed successfully, but some output files are missing. Missing files after 5 seconds. This might be due to filesystem latency. If that is the case, consider to increase the wait time with --latency-wait:
/group/testa/michal.kubacki/herring/scenic_all_celltypes/eRegulon_direct.tsv
Shutting down, this might take some time.
Exiting because a job execution failed. Look above for error message
Complete log: .snakemake/log/2024-06-23T151914.334708.snakemake.log
WorkflowError:
At least one job did not complete successfully.
