INFO: localdir at /localscratch/13375437.michal.kubacki
INFO: your job will run on local system.
which: no R in (/home/michal.kubacki/.conda/envs/scenicplus/bin:/home/michal.kubacki/new_miniconda/condabin:/cm/shared/apps/slurm/current/sbin:/cm/shared/apps/slurm/current/bin:/cm/local/apps/environment-modules/4.5.3/bin:/usr/local/bin:/usr/bin:/usr/local/sbin:/usr/sbin:/sbin:/usr/sbin:/cm/local/apps/environment-modules/4.5.3/bin:/opt/dell/srvadmin/bin:.)
root_dir: /group/testa/michal.kubacki/herring
out_dir: /group/testa/michal.kubacki/herring/output_hg19_all_inhibitory_all_ages/celloracle
in_dir: /group/testa/michal.kubacki/herring/data
tmp_dir: /group/testa/michal.kubacki/herring/celloracle/tmp
Load scRNA-seq data
Genes of interest found: 26
Genes of interest not found: {'DIO3'}
Processing cell type: VIP
Error reading file /group/testa/michal.kubacki/herring/output_hg19_all_inhibitory_all_ages/celloracle/VIP.celloracle.links: Dataset(s) incompatible with Pandas data types, not table, or no datasets found in HDF5 file.
Processing cell type: SST
Error reading file /group/testa/michal.kubacki/herring/output_hg19_all_inhibitory_all_ages/celloracle/SST.celloracle.links: Dataset(s) incompatible with Pandas data types, not table, or no datasets found in HDF5 file.
Processing cell type: PV
Error reading file /group/testa/michal.kubacki/herring/output_hg19_all_inhibitory_all_ages/celloracle/PV.celloracle.links: Dataset(s) incompatible with Pandas data types, not table, or no datasets found in HDF5 file.
Processing cell type: MGE_dev
Error reading file /group/testa/michal.kubacki/herring/output_hg19_all_inhibitory_all_ages/celloracle/MGE_dev.celloracle.links: Dataset(s) incompatible with Pandas data types, not table, or no datasets found in HDF5 file.
No GRN data to save.
slurmstepd: error: _cgroup_procs_check: failed on path /sys/fs/cgroup/memory/slurm/uid_10666/job_13375437/step_batch/cgroup.procs: No such file or directory
slurmstepd: error: unable to read '/sys/fs/cgroup/memory/slurm/uid_10666/job_13375437/step_batch/cgroup.procs'
