INFO: localdir at /localscratch/13370288.michal.kubacki
INFO: your job will run on local system.
/home/michal.kubacki/.conda/envs/scenicplus/lib/python3.11/site-packages/numba/np/ufunc/parallel.py:371: NumbaWarning: [1mThe TBB threading layer requires TBB version 2021 update 6 or later i.e., TBB_INTERFACE_VERSION >= 12060. Found TBB_INTERFACE_VERSION = 12020. The TBB threading layer is disabled.[0m
  warnings.warn(problem)
Loading packages
Setting directories
root_dir: /group/testa/michal.kubacki/herring
out_dir: /group/testa/michal.kubacki/herring/output_hg19_all_inhibitory_all_ages/celloracle
in_dir: /group/testa/michal.kubacki/herring/data
tmp_dir: /group/testa/michal.kubacki/herring/celloracle/tmp
Processing loop
Processing VIP_coaccess.csv, VIP_peaks.csv
Loading connections
Debugging: Checking the contents of cicero_connections
   coaccess                 Peak1                     Peak2
0  0.214102  chr1_1234209_1234709  chr1_111108007_111108507
1  0.210690  chr1_1234209_1234709    chr3_45624394_45624894
2  0.234927  chr1_1234209_1234709  chr3_133465013_133465513
3  0.234234  chr1_1234209_1234709  chr3_194477556_194478056
4  0.220543  chr1_1234209_1234709    chr5_10124272_10124772
Loading peaks
Debugging: Checking the contents of peaks
['chr1_895682_896182', 'chr1_1234209_1234709', 'chr1_1244068_1244568', 'chr1_1837558_1838058', 'chr1_1852454_1852954']
Formating peaks
que bed peaks: 37944
tss peaks in que: 14244
TSS integration
Filtering peaks
Debugging: Checking the contents of peak_filtered
                     peak_id gene_short_name
0  chr10_101088810_101089310           CNNM1
1  chr10_101190241_101190741            GOT1
2  chr10_101380007_101380507        SLC25A28
3  chr10_101418869_101419369          ENTPD7
4  chr10_101491721_101492221            CUTC
Number of rows in peak_filtered: 13146
Saving results to /group/testa/michal.kubacki/herring/output_hg19_all_inhibitory_all_ages/celloracle
Processed peak file saved for cell type VIP
Processing SST_coaccess.csv, SST_peaks.csv
Loading connections
Debugging: Checking the contents of cicero_connections
   coaccess                   Peak1                   Peak2
0  0.236316    chr1_1853257_1853757    chr1_1853779_1854279
1  0.367152    chr1_6231548_6232048    chr1_6232073_6232573
2  0.203177  chr1_15015968_15016468  chr1_15016499_15016999
3  0.215022  chr1_18121891_18122391  chr1_18122410_18122910
4  0.272900  chr1_19567230_19567730  chr1_19567796_19568296
Loading peaks
Debugging: Checking the contents of peaks
['chr1_845265_845765', 'chr1_856362_856862', 'chr1_896542_897042', 'chr1_929842_930342', 'chr1_934713_935213']
Formating peaks
que bed peaks: 91485
tss peaks in que: 18426
TSS integration
Filtering peaks
Debugging: Checking the contents of peak_filtered
                     peak_id gene_short_name
0  chr10_100175003_100175503         PYROXD2
1  chr10_100206327_100206827            HPS1
2  chr10_101088810_101089310           CNNM1
3  chr10_101190241_101190741            GOT1
4  chr10_101380007_101380507        SLC25A28
Number of rows in peak_filtered: 17103
Saving results to /group/testa/michal.kubacki/herring/output_hg19_all_inhibitory_all_ages/celloracle
Processed peak file saved for cell type SST
Processing PV_coaccess.csv, PV_peaks.csv
Loading connections
Debugging: Checking the contents of cicero_connections
   coaccess                     Peak1                      Peak2
0  0.214453  chr1_204435439_204435939         chr5_669401_669901
1  0.210730  chr1_204435439_204435939  chr10_102772358_102772858
2  0.226321  chr1_204435439_204435939  chr12_123329590_123330090
3  0.236831  chr1_204435439_204435939    chr20_47273387_47273887
4  0.218206    chr3_42774879_42775379  chr12_123329590_123330090
Loading peaks
Debugging: Checking the contents of peaks
['chr1_1007968_1008468', 'chr1_1964394_1964894', 'chr1_2199824_2200324', 'chr1_4770615_4771115', 'chr1_4790139_4790639']
Formating peaks
que bed peaks: 13711
tss peaks in que: 7905
TSS integration
Filtering peaks
Debugging: Checking the contents of peak_filtered
                     peak_id gene_short_name
0  chr10_101088810_101089310           CNNM1
1  chr10_101190241_101190741            GOT1
2  chr10_101380007_101380507        SLC25A28
3  chr10_101380946_101381446        SLC25A28
4  chr10_101418869_101419369          ENTPD7
Number of rows in peak_filtered: 7290
Saving results to /group/testa/michal.kubacki/herring/output_hg19_all_inhibitory_all_ages/celloracle
Processed peak file saved for cell type PV
Processing MGE_dev_coaccess.csv, MGE_dev_peaks.csv
Loading connections
Debugging: Checking the contents of cicero_connections
   coaccess                   Peak1                     Peak2
0  0.226919    chr1_2171141_2171641      chr1_2171646_2172146
1  0.206860    chr1_2461669_2462169  chr2_236716034_236716534
2  0.246212    chr1_3087052_3087552      chr1_3087574_3088074
3  0.229567  chr1_11752734_11753234    chr1_11753239_11753739
4  0.262316  chr1_37495483_37495983    chr1_37496004_37496504
Loading peaks
Debugging: Checking the contents of peaks
['chr1_855846_856346', 'chr1_875451_875951', 'chr1_1072074_1072574', 'chr1_1135013_1135513', 'chr1_1240915_1241415']
Formating peaks
que bed peaks: 68807
tss peaks in que: 18090
TSS integration
Filtering peaks
Debugging: Checking the contents of peak_filtered
                     peak_id gene_short_name
0  chr10_100205315_100205815    LOC101927278
1  chr10_100206327_100206827            HPS1
2  chr10_101088810_101089310           CNNM1
3  chr10_101190241_101190741            GOT1
4  chr10_101380007_101380507        SLC25A28
Number of rows in peak_filtered: 16738
Saving results to /group/testa/michal.kubacki/herring/output_hg19_all_inhibitory_all_ages/celloracle
Processed peak file saved for cell type MGE_dev
slurmstepd: error: _cgroup_procs_check: failed on path /sys/fs/cgroup/memory/slurm/uid_10666/job_13370288/step_batch/cgroup.procs: No such file or directory
slurmstepd: error: unable to read '/sys/fs/cgroup/memory/slurm/uid_10666/job_13370288/step_batch/cgroup.procs'
